------Start of DE processing------ = [22/02/2024 18:18:22:630 WEST]
Exception = com.ibm.wsspi.adaptable.module.UnableToAdaptException
Source = com.ibm.ws.webcontainer.osgi.WebContainer
probeid = createModuleMetaData
Stack Dump = com.ibm.wsspi.adaptable.module.UnableToAdaptException: SRVE9016E: Impossible d'insérer un mappage  [/servlet] pour le servlet nommé [estm.dsic.jee.servlets.HelloServlet]. Le masque d'URL est déjà défini pour le servlet nommé [estm.dsic.jee.servlets.loginServlet].
	at com.ibm.ws.webcontainer.osgi.container.config.WebAppConfiguratorHelper.configureWebServletAnnotation(WebAppConfiguratorHelper.java:2888)
	at com.ibm.ws.webcontainer.osgi.container.config.WebAppConfiguratorHelper.configureServletAnnotation(WebAppConfiguratorHelper.java:2655)
	at com.ibm.ws.webcontainer.osgi.container.config.WebAppConfiguratorHelper.configureFromAnnotations(WebAppConfiguratorHelper.java:903)
	at com.ibm.ws.webcontainer.osgi.container.config.WebAppConfigurator.configure(WebAppConfigurator.java:463)
	at com.ibm.ws.webcontainer.osgi.container.config.WebAppConfigurationAdapter.adapt(WebAppConfigurationAdapter.java:121)
	at com.ibm.ws.webcontainer.osgi.container.config.WebAppConfigurationAdapter.adapt(WebAppConfigurationAdapter.java:45)
	at com.ibm.ws.adaptable.module.internal.AdapterFactoryServiceImpl.adapt(AdapterFactoryServiceImpl.java:202)
	at com.ibm.ws.adaptable.module.internal.AdaptableContainerImpl.adapt(AdaptableContainerImpl.java:176)
	at com.ibm.ws.webcontainer.osgi.WebContainer.createModuleMetaData(WebContainer.java:872)
	at com.ibm.ws.app.manager.module.internal.ModuleHandlerBase.createModuleMetaData(ModuleHandlerBase.java:65)
	at com.ibm.ws.app.manager.module.internal.SimpleDeployedAppInfoBase$ModuleContainerInfoBase.createModuleMetaData(SimpleDeployedAppInfoBase.java:191)
	at com.ibm.ws.app.manager.module.internal.SimpleDeployedAppInfoBase.preDeployApp(SimpleDeployedAppInfoBase.java:534)
	at com.ibm.ws.app.manager.module.internal.SimpleDeployedAppInfoBase.installApp(SimpleDeployedAppInfoBase.java:510)
	at com.ibm.ws.app.manager.module.internal.DeployedAppInfoBase.deployApp(DeployedAppInfoBase.java:351)
	at com.ibm.ws.app.manager.war.internal.WARApplicationHandlerImpl.install(WARApplicationHandlerImpl.java:67)
	at com.ibm.ws.app.manager.internal.statemachine.StartAction.execute(StartAction.java:184)
	at com.ibm.ws.app.manager.internal.statemachine.ApplicationStateMachineImpl.enterState(ApplicationStateMachineImpl.java:1369)
	at com.ibm.ws.app.manager.internal.statemachine.ApplicationStateMachineImpl.performAction(ApplicationStateMachineImpl.java:1233)
	at com.ibm.ws.app.manager.internal.statemachine.ApplicationStateMachineImpl.run(ApplicationStateMachineImpl.java:920)
	at com.ibm.ws.threading.internal.ExecutorServiceImpl$RunnableWrapper.run(ExecutorServiceImpl.java:280)
	at java.base/java.util.concurrent.ThreadPoolExecutor.runWorker(ThreadPoolExecutor.java:1144)
	at java.base/java.util.concurrent.ThreadPoolExecutor$Worker.run(ThreadPoolExecutor.java:642)
	at java.base/java.lang.Thread.run(Thread.java:1583)

Dump of callerThis
Object type = [Ljava.lang.Object;
  Object[0] = class com.ibm.ws.app.manager.module.internal.WebModuleInfoImpl@32290543
    contextRoot = "/web01"
    isDefaultContextRootUsed = true
    defaultContextRoot = "web01"
    serialVersionUID = -6699247856069243844
    $$$tc$$$ = class com.ibm.websphere.ras.TraceComponent@55a78876
      strings[0] = "TraceComponent[com.ibm.ws.app.manager.module.internal.WebModuleInfoImpl,class com.ibm.ws.app.manager.module.internal.WebModuleInfoImpl,[applications, app.manager],null,null]"
    tc = class com.ibm.websphere.ras.TraceComponent@8c8786f
      strings[0] = "TraceComponent[com.ibm.ws.app.manager.module.internal.ExtendedModuleInfoImpl,class com.ibm.ws.app.manager.module.internal.ExtendedModuleInfoImpl,[app.manager],com.ibm.ws.app.manager.module.internal.resources.Messages,null]"
    appInfo = class com.ibm.ws.container.service.app.deploy.internal.ApplicationInfoImpl@11bcbc75
      appName = "web01"
      appMetaData = class com.ibm.ws.container.service.app.deploy.internal.ApplicationMetaDataImpl@44f3651
      appContainer = class com.ibm.ws.adaptable.module.internal.AdaptableContainerImpl@40813b60
      configHelper = class com.ibm.ws.app.manager.module.ApplicationNestedConfigHelper@2b45b39f
      applicationInformation = class com.ibm.ws.app.manager.internal.ApplicationInstallInfo@159ebd57
      serialVersionUID = 5227817860647895780
      $$$tc$$$ = class com.ibm.websphere.ras.TraceComponent@3865d209
    moduleName = "web01"
    path = "web01.war"
    moduleContainer = class com.ibm.ws.adaptable.module.internal.AdaptableContainerImpl@40813b60
      root = class com.ibm.ws.adaptable.module.internal.AdaptableContainerImpl@40813b60
      rootOverlay = class com.ibm.ws.artifact.overlay.internal.DirectoryBasedOverlayContainerImpl@72d0d9bb
      factoryHolder = class com.ibm.ws.adaptable.module.internal.AdaptableModuleFactoryImpl@3304029a
      delegate = class com.ibm.ws.artifact.overlay.internal.DirectoryBasedOverlayContainerImpl@72d0d9bb
      notifier = class com.ibm.ws.adaptable.module.internal.NotifierImpl@346480e6
      serialVersionUID = -5950528200509051684
      $$$tc$$$ = class com.ibm.websphere.ras.TraceComponent@6ddb7c70
    altDDEntry = null
    moduleClassesContainers = class java.util.ArrayList@5f2d2baf
      serialVersionUID = "/* Could not access serialVersionUID */"
      DEFAULT_CAPACITY = "/* Could not access DEFAULT_CAPACITY */"
      EMPTY_ELEMENTDATA = "/* Could not access EMPTY_ELEMENTDATA */"
      DEFAULTCAPACITY_EMPTY_ELEMENTDATA = "/* Could not access DEFAULTCAPACITY_EMPTY_ELEMENTDATA */"
      elementData = "/* Could not access elementData */"
      size = "/* Could not access size */"
      modCount = "/* Could not access modCount */"
    classLoaderFactory = class com.ibm.ws.app.manager.war.internal.WARDeployedAppInfo@1c7589bb
      CONTEXT_ROOT = "context-root"
      webContainerModuleInfo = class com.ibm.ws.app.manager.module.internal.SimpleDeployedAppInfoBase$WebModuleContainerInfo@40c2bbf9
      DYNAMIC_IMPORT_PACKAGE_LIST = class java.util.Collections$UnmodifiableRandomAccessList@3dc2f00e
      serialVersionUID = 6176035338244935179
      $$$tc$$$ = class com.ibm.websphere.ras.TraceComponent@56d40f1f
      _tc = class com.ibm.websphere.ras.TraceComponent@6da9792f
      PERMISSION_XML = "permissions.xml"
      applicationInformation = class com.ibm.ws.app.manager.internal.ApplicationInstallInfo@159ebd57
      location = "C:\Users\lenovo\Desktop\LP S5 S6\S6\JEE\projects\jeeprojects\web01\target\liberty\wlp\usr\servers\web01Server\apps\web01.war.xml"
      classLoadingService = class com.ibm.ws.classloading.internal.ClassLoadingServiceImpl@3b1d7562
      globalSharedLibrary = class com.ibm.ws.library.internal.SharedLibraryImpl@5b091353
      sharedLibDeploymentInfo = class com.ibm.ws.app.manager.module.internal.DeployedAppInfoBase$SharedLibDeploymentInfo@e4166b8
      configAdmin = class com.ibm.ws.config.admin.internal.ConfigurationAdminImpl@24a9b5fe
      libraryConfigHelper = class com.ibm.ws.classloading.ClassLoaderConfigHelper@744f626c
      isDelegateLast = false
      permissionManager = class com.ibm.ws.classloading.java2sec.PermissionManager@674f743d
      permissionsConfig = null
      serialVersionUID = 1131686356392279747
      appInfo = class com.ibm.ws.container.service.app.deploy.internal.ApplicationInfoImpl@11bcbc75
      appInfoRegistration = null
      modulesDeployed = class java.util.ArrayList@bd1f526
      starting = false
      started = false
      deployedAppServices = class com.ibm.ws.app.manager.module.internal.DeployedAppServicesImpl@482aa32
      futureMonitor = class com.ibm.ws.threading.internal.FutureMonitorImpl@279fed44
      appInfoFactory = class com.ibm.ws.container.service.app.deploy.internal.ApplicationInfoFactoryImpl@18f0d803
      metaDataService = class com.ibm.ws.container.service.metadata.internal.MetaDataServiceImpl@563a3c5b
      stateChangeService = class com.ibm.ws.container.service.state.internal.StateChangeServiceImpl@f0f493d
      moduleClassesInfo = class com.ibm.ws.app.manager.module.internal.SimpleDeployedAppInfoBase$ModuleClassesInfoProvider@bf3f53f
      moduleContainerInfos = class java.util.ArrayList@1a310d49
      activeModuleHandlers = class java.util.IdentityHashMap@41feecc
      serialVersionUID = -2685719801501752993
      $$$tc$$$ = class com.ibm.websphere.ras.TraceComponent@7b56232e
    containerInfoType = class com.ibm.ws.container.service.app.deploy.ContainerInfo$Type@233b54db
      MANIFEST_CLASSPATH = class com.ibm.ws.container.service.app.deploy.ContainerInfo$Type@73ca82ea
      WEB_INF_CLASSES = class com.ibm.ws.container.service.app.deploy.ContainerInfo$Type@44229947
      WEB_INF_LIB = class com.ibm.ws.container.service.app.deploy.ContainerInfo$Type@248cfdcc
      EAR_LIB = class com.ibm.ws.container.service.app.deploy.ContainerInfo$Type@105dfb7f
      WEB_MODULE = class com.ibm.ws.container.service.app.deploy.ContainerInfo$Type@233b54db
      EJB_MODULE = class com.ibm.ws.container.service.app.deploy.ContainerInfo$Type@37a7f64c
      CLIENT_MODULE = class com.ibm.ws.container.service.app.deploy.ContainerInfo$Type@671fb95e
      RAR_MODULE = class com.ibm.ws.container.service.app.deploy.ContainerInfo$Type@24be4aec
      JAR_MODULE = class com.ibm.ws.container.service.app.deploy.ContainerInfo$Type@5bc7db07
      SHARED_LIB = class com.ibm.ws.container.service.app.deploy.ContainerInfo$Type@53da53a5
      $VALUES = class com.ibm.ws.container.service.app.deploy.ContainerInfo$Type[10]
      name = "/* Could not access name */"
      ordinal = "/* Could not access ordinal */"
      hash = "/* Could not access hash */"
    classLoader = class com.ibm.ws.classloading.internal.AppClassLoader@6f91a833
      tc = class com.ibm.websphere.ras.TraceComponent@6d470cce
      forbiddenClassNames = class java.util.Collections$UnmodifiableSet@1c1ed0db
      FORBIDDEN_PROPERTIES = "forbidden.properties"
      NOTHING_FORBIDDEN_PROPERTY = "io.openliberty.classloading.nothing.forbidden"
      disableSharedClassesCache = false
      PARENT_FIRST_SEARCH_ORDER = class java.util.Collections$UnmodifiableRandomAccessList@401a7a1d
      packagesDefined = class java.util.Collections$SetFromMap@76cbff88
      CLASS_LOADING_TRACE_PREFIX = "com.ibm.ws.class.load."
      DEFAULT_PACKAGE = "default.package"
      perPackageClassLoadingTraceComponents = class java.util.concurrent.ConcurrentHashMap@446b6d1
      config = class com.ibm.ws.classloading.internal.ClassLoaderConfigurationImpl@6e34268a
      privateLibraries = class java.util.Collections$EmptyList@7d6d63c3
      delegateLoaders = class com.ibm.ws.classloading.internal.util.CompositeIterable@54f3e459
      nativeLibraryFiles = class java.util.ArrayList@65323028
      transformers = class java.util.ArrayList@2a7d5a72
      systemTransformers = class java.util.concurrent.CopyOnWriteArrayList@3c184785
      apiAccess = class com.ibm.ws.classloading.internal.GatewayClassLoader@442a624
      generator = class com.ibm.ws.classloading.internal.ClassGeneratorManager@7782ad73
      protectionDomains = class java.util.concurrent.ConcurrentHashMap@34570db
      hook = null
      serialVersionUID = 5906478461061001036
      checkpointPhase = class io.openliberty.checkpoint.spi.CheckpointPhase@3df15794
      tc = class com.ibm.websphere.ras.TraceComponent@14c7c8ce
      smartClassPath = class com.ibm.ws.classloading.internal.ContainerClassLoader$UnreadSmartClassPath@5ffa9c6c
      nativeLibraryContainers = class java.util.ArrayList@7791fce0
      redefiner = class com.ibm.ws.classloading.internal.util.ClassRedefiner@6c813545
      jarProtocol = "wsjar:"
      mapCreationQueue = class java.util.concurrent.Executors$AutoShutdownDelegatedExecutorService@5bfb82b6
      serialVersionUID = 251246017270836472
      parent = class com.ibm.ws.classloading.internal.GatewayClassLoader@442a624
      classNameLockStore = class com.ibm.ws.kernel.boot.utils.KeyBasedLockStore@50696c59
      serialVersionUID = -3020377578845918238
      $$$tc$$$ = class com.ibm.websphere.ras.TraceComponent@2d45aca5
      pdcache = "/* Could not access pdcache */"
    moduleMetaData = null
    nestedModuleMetaDataTypes = null
    nestedModuleMetaDataValues = null
    serialVersionUID = 3986734351620206554
  Object[1] = class com.ibm.ws.webcontainer.osgi.WebContainer@132db46e
    tc = class com.ibm.websphere.ras.TraceComponent@2b0ff29c
      strings[0] = "TraceComponent[com.ibm.ws.webcontainer.osgi.WebContainer,class com.ibm.ws.webcontainer.osgi.WebContainer,[webcontainer],com.ibm.ws.webcontainer.resources.LShimMessages,null]"
    CLASS_NAME = "com.ibm.ws.webcontainer.osgi.WebContainer"
    initialized = true
    eventService = class com.ibm.ws.event.internal.EventEngineImpl@520168c2
      tc = class com.ibm.websphere.ras.TraceComponent@574bf5b4
      OSGI_EVENT_HANDLER_REFERENCE_NAME = "OsgiEventHandler"
      WS_EVENT_HANDLER_REFERENCE_NAME = "WsEventHandler"
      CFG_KEY_REENTRANT_HANDLER_DEFAULT = "reentrant.handler.default"
      CFG_KEY_STAGE_PREFIX = "stage.topics."
      topicCache = class com.ibm.ws.event.internal.TopicBasedCache@51d0bc88
      componentContext = class org.apache.felix.scr.impl.manager.ComponentContextImpl@46c29f46
      bundleContext = class org.eclipse.osgi.internal.framework.BundleContextImpl@6eb09a24
      logService = class org.eclipse.osgi.internal.log.ExtendedLogServiceImpl@459079bd
      frameworkEventAdapter = class com.ibm.ws.event.internal.adapter.FrameworkEventAdapter@f4b02c0
      bundleEventAdapter = class com.ibm.ws.event.internal.adapter.BundleEventAdapter@5b2bdb5d
      serviceEventAdapter = class com.ibm.ws.event.internal.adapter.ServiceEventAdapter@94157d1
      executorServiceFactory = class com.ibm.ws.event.internal.WorkStageExecutorServiceFactory@4f5a8ad5
      defaultReentrancy = true
      skipSchedule = false
      serialVersionUID = -3714378010555321089
    futureMonitor = class com.ibm.ws.threading.internal.FutureMonitorImpl@279fed44
      _monitor = class java.util.concurrent.ConcurrentLinkedQueue@1d4ad916
      _executor = class com.ibm.ws.threading.internal.DeferrableScheduledExecutorImpl@6a594e0b
      _threadRunning = class java.util.concurrent.atomic.AtomicBoolean@474c9956
      _thread = class com.ibm.ws.threading.internal.FutureMonitorImpl$1@66a45cf
      serialVersionUID = 2765238413969174390
      $$$tc$$$ = class com.ibm.websphere.ras.TraceComponent@5c9ed661
    classLoadingSRRef = class com.ibm.wsspi.kernel.service.utils.AtomicServiceReference@4d8405f0
      referenceName = "classLoadingService"
      tuple = class java.util.concurrent.atomic.AtomicReference@2a70e17a
      serialVersionUID = 2226592364007985000
      $$$tc$$$ = class com.ibm.websphere.ras.TraceComponent@7eba4ad8
    sessionHelperSRRef = class com.ibm.wsspi.kernel.service.utils.AtomicServiceReference@426e34b2
      referenceName = "sessionHelper"
      tuple = class java.util.concurrent.atomic.AtomicReference@4da3ae7d
      serialVersionUID = 2226592364007985000
      $$$tc$$$ = class com.ibm.websphere.ras.TraceComponent@7eba4ad8
    cacheManagerSRRef = class com.ibm.wsspi.kernel.service.utils.AtomicServiceReference@1b701345
      referenceName = "cacheManager"
      tuple = class java.util.concurrent.atomic.AtomicReference@2867fc48
      serialVersionUID = 2226592364007985000
      $$$tc$$$ = class com.ibm.websphere.ras.TraceComponent@7eba4ad8
    injectionEngineSRRef = class com.ibm.wsspi.kernel.service.utils.AtomicServiceReference@43dd38a2
      referenceName = "injectionEngine"
      tuple = class java.util.concurrent.atomic.AtomicReference@1e181dbc
      serialVersionUID = 2226592364007985000
      $$$tc$$$ = class com.ibm.websphere.ras.TraceComponent@7eba4ad8
    managedObjectServiceSRRef = class com.ibm.wsspi.kernel.service.utils.AtomicServiceReference@2e9b0eac
      referenceName = "managedObjectService"
      tuple = class java.util.concurrent.atomic.AtomicReference@4d29df1c
      serialVersionUID = 2226592364007985000
      $$$tc$$$ = class com.ibm.websphere.ras.TraceComponent@7eba4ad8
    backgroundWebAppStartFutures = class com.ibm.ws.webcontainer.util.OneTimeUseArrayList@1de36469
      enabled = true
      runnables = class java.util.ArrayList@c762df1
    REFERENCE_WEB_MBEAN_RUNTIME = "webMBeanRuntime"
    webMBeanRuntimeServiceRef = class com.ibm.wsspi.kernel.service.utils.AtomicServiceReference@612a6ab
      referenceName = "webMBeanRuntime"
      tuple = class java.util.concurrent.atomic.AtomicReference@4a401a3d
      serialVersionUID = 2226592364007985000
      $$$tc$$$ = class com.ibm.websphere.ras.TraceComponent@7eba4ad8
    servletContainerInitializers = class com.ibm.wsspi.kernel.service.utils.ConcurrentServiceReferenceSet@2c2086e3
      referenceName = "servletContainerInitializers"
      contextRef = class java.util.concurrent.atomic.AtomicReference@18d0ccfc
      elementMap = class java.util.LinkedHashMap@1da40d88
      elementSet = class java.util.concurrent.ConcurrentSkipListSet@1ed83e32
      elementSetUnsorted = false
      serialVersionUID = 756240983881166148
      $$$tc$$$ = class com.ibm.websphere.ras.TraceComponent@57250a15
    es = class com.ibm.ws.threading.internal.ExecutorServiceImpl@1ec2792c
      tc = class com.ibm.websphere.ras.TraceComponent@51b61698
      threadPool = class java.util.concurrent.ThreadPoolExecutor@36b1ee1f
      threadPoolController = class com.ibm.ws.threading.internal.ThreadPoolController@7d63fe87
      poolName = "Default Executor"
      MINIMUM_POOL_SIZE = 4
      MINIMUM_QUIESCE_TIMEOUT = 30
      quiesceTimeout = 30
      componentConfig = class org.apache.felix.scr.impl.helper.ReadOnlyDictionary@7ff28d38
      interceptorsActive = false
      interceptors = class java.util.concurrent.CopyOnWriteArraySet@49fe6221
      threadFactory = null
      serverStopping = false
      isBeta = false
      phaser = class java.util.concurrent.Phaser@2f47bbcb
      serialVersionUID = 4471109171599484757
    locationServiceRef = class java.util.concurrent.atomic.AtomicReference@5a3813a5
      serialVersionUID = "/* Could not access serialVersionUID */"
      VALUE = "/* Could not access VALUE */"
      value = "/* Could not access value */"
    transferContextServiceRef = class com.ibm.wsspi.kernel.service.utils.ConcurrentServiceReferenceSet@5c7ef4a7
      referenceName = "transferService"
      contextRef = class java.util.concurrent.atomic.AtomicReference@656250c4
      elementMap = class java.util.LinkedHashMap@772b5264
      elementSet = class java.util.concurrent.ConcurrentSkipListSet@c39abc3
      elementSetUnsorted = false
      serialVersionUID = 756240983881166148
      $$$tc$$$ = class com.ibm.websphere.ras.TraceComponent@57250a15
    encodingServiceRef = class java.util.concurrent.atomic.AtomicReference@4f4a367d
      serialVersionUID = "/* Could not access serialVersionUID */"
      VALUE = "/* Could not access VALUE */"
      value = "/* Could not access value */"
    instance = class java.util.concurrent.atomic.AtomicReference@67f5a6e9
      serialVersionUID = "/* Could not access serialVersionUID */"
      VALUE = "/* Could not access VALUE */"
      value = "/* Could not access value */"
    vhostManager = class com.ibm.ws.webcontainer.osgi.DynamicVirtualHostManager@7dca3489
      tc = class com.ibm.websphere.ras.TraceComponent@45bff2d9
      hostMap = class java.util.concurrent.ConcurrentHashMap@5cf131e
      transportMap = class java.util.concurrent.ConcurrentHashMap@1be68877
      locationService = class com.ibm.ws.kernel.service.location.internal.WsLocationAdminImpl@26931ece
      schedExecutor = class com.ibm.ws.threading.internal.ScheduledExecutorImpl@228ab931
      pluginCfgVhostUris = class java.util.HashMap@79659d80
      PLUGIN_CFG = "plugin-cfg.xml"
    metaDataService = class com.ibm.ws.container.service.metadata.internal.MetaDataServiceImpl@563a3c5b
      applicationMetaDataManager = class com.ibm.ws.container.service.metadata.internal.ApplicationMetaDataManager@7a50f03c
      moduleMetaDataManager = class com.ibm.ws.container.service.metadata.internal.ModuleMetaDataManager@7b96d3a8
      componentMetaDataManager = class com.ibm.ws.container.service.metadata.internal.ComponentMetaDataManager@1c4aea9e
      methodMetaDataManager = class com.ibm.ws.container.service.metadata.internal.MethodMetaDataManager@5356cddd
      appModuleNameToModuleContainer = class java.util.concurrent.ConcurrentHashMap@2efa169b
      jeeNameToComponentMetaData = class java.util.concurrent.ConcurrentHashMap@633c9b7f
      deferredMetaDataFactories = class com.ibm.wsspi.kernel.service.utils.ConcurrentServiceReferenceSet@2869939c
      deferredMetaDataInitializers = class com.ibm.wsspi.kernel.service.utils.ConcurrentServiceReferenceMap@4d348b69
      serialVersionUID = -2494605732980966097
      $$$tc$$$ = class com.ibm.websphere.ras.TraceComponent@384cfa6c
    j2eeNameFactory = class com.ibm.ws.container.service.metadata.internal.J2EENameFactoryImpl@485d013f
      serialVersionUID = 3486344295038028821
      $$$tc$$$ = class com.ibm.websphere.ras.TraceComponent@201c0cd4
    context = class org.apache.felix.scr.impl.manager.ComponentContextImpl@2552433
      m_componentManager = class org.apache.felix.scr.impl.manager.SingleComponentManager@50f51085
      edgeInfos = class org.apache.felix.scr.impl.manager.EdgeInfo[27]
      m_componentInstance = class org.apache.felix.scr.impl.manager.ComponentContextImpl$ComponentInstanceImpl@3a83b54f
      m_usingBundle = class org.eclipse.osgi.internal.framework.EquinoxBundle@75124dba
      m_serviceRegistration = class org.eclipse.osgi.internal.serviceregistry.ServiceRegistrationImpl@5ebfe19
      m_implementationObject = class com.ibm.ws.webcontainer.osgi.WebContainer@132db46e
      m_implementationAccessible = true
      accessibleLatch = class java.util.concurrent.CountDownLatch@4faf22ad
      serviceObjectsHelper = class org.apache.felix.scr.impl.helper.ComponentServiceObjectsHelper@6821dfda
      boundValues = null
    contextRoots = class java.util.Collections$SynchronizedSet@2e97268c
      serialVersionUID = "/* Could not access serialVersionUID */"
      serialVersionUID = "/* Could not access serialVersionUID */"
      c = "/* Could not access c */"
      mutex = "/* Could not access mutex */"
    pendingContextRoots = class java.util.HashMap@29481fe1
      serialVersionUID = "/* Could not access serialVersionUID */"
      DEFAULT_INITIAL_CAPACITY = "/* Could not access DEFAULT_INITIAL_CAPACITY */"
      MAXIMUM_CAPACITY = "/* Could not access MAXIMUM_CAPACITY */"
      DEFAULT_LOAD_FACTOR = "/* Could not access DEFAULT_LOAD_FACTOR */"
      TREEIFY_THRESHOLD = "/* Could not access TREEIFY_THRESHOLD */"
      UNTREEIFY_THRESHOLD = "/* Could not access UNTREEIFY_THRESHOLD */"
      MIN_TREEIFY_CAPACITY = "/* Could not access MIN_TREEIFY_CAPACITY */"
      table = "/* Could not access table */"
      entrySet = "/* Could not access entrySet */"
      size = "/* Could not access size */"
      modCount = "/* Could not access modCount */"
      threshold = "/* Could not access threshold */"
      loadFactor = "/* Could not access loadFactor */"
      keySet = "/* Could not access keySet */"
      values = "/* Could not access values */"
    deployedModuleMap = class java.util.concurrent.ConcurrentHashMap@9bcb70e
      serialVersionUID = "/* Could not access serialVersionUID */"
      MAXIMUM_CAPACITY = "/* Could not access MAXIMUM_CAPACITY */"
      DEFAULT_CAPACITY = "/* Could not access DEFAULT_CAPACITY */"
      MAX_ARRAY_SIZE = "/* Could not access MAX_ARRAY_SIZE */"
      DEFAULT_CONCURRENCY_LEVEL = "/* Could not access DEFAULT_CONCURRENCY_LEVEL */"
      LOAD_FACTOR = "/* Could not access LOAD_FACTOR */"
      TREEIFY_THRESHOLD = "/* Could not access TREEIFY_THRESHOLD */"
      UNTREEIFY_THRESHOLD = "/* Could not access UNTREEIFY_THRESHOLD */"
      MIN_TREEIFY_CAPACITY = "/* Could not access MIN_TREEIFY_CAPACITY */"
      MIN_TRANSFER_STRIDE = "/* Could not access MIN_TRANSFER_STRIDE */"
      RESIZE_STAMP_BITS = "/* Could not access RESIZE_STAMP_BITS */"
      MAX_RESIZERS = "/* Could not access MAX_RESIZERS */"
      RESIZE_STAMP_SHIFT = "/* Could not access RESIZE_STAMP_SHIFT */"
      MOVED = "/* Could not access MOVED */"
      TREEBIN = "/* Could not access TREEBIN */"
      RESERVED = "/* Could not access RESERVED */"
      HASH_BITS = "/* Could not access HASH_BITS */"
      NCPU = "/* Could not access NCPU */"
      serialPersistentFields = "/* Could not access serialPersistentFields */"
      table = "/* Could not access table */"
      nextTable = "/* Could not access nextTable */"
      baseCount = "/* Could not access baseCount */"
      sizeCtl = "/* Could not access sizeCtl */"
      transferIndex = "/* Could not access transferIndex */"
      cellsBusy = "/* Could not access cellsBusy */"
      counterCells = "/* Could not access counterCells */"
      keySet = "/* Could not access keySet */"
      values = "/* Could not access values */"
      entrySet = "/* Could not access entrySet */"
      U = "/* Could not access U */"
      SIZECTL = "/* Could not access SIZECTL */"
      TRANSFERINDEX = "/* Could not access TRANSFERINDEX */"
      BASECOUNT = "/* Could not access BASECOUNT */"
      CELLSBUSY = "/* Could not access CELLSBUSY */"
      CELLVALUE = "/* Could not access CELLVALUE */"
      ABASE = "/* Could not access ABASE */"
      ASHIFT = "/* Could not access ASHIFT */"
      keySet = "/* Could not access keySet */"
      values = "/* Could not access values */"
    connContextPool = class com.ibm.ws.webcontainer31.osgi.srt.factory.SRTConnectionContextPool31Impl@22e36eb6
      head = class java.lang.ThreadLocal@712c19d3
    DEFAULT_PORT = "*"
    DEFAULT_VHOST_NAME = "default_host"
    cachedServerInfo = "IBM WebSphere Liberty/24.0.0.1"
    lock = class com.ibm.ws.webcontainer.osgi.WebContainer$1@5c09396c
      this$0 = class com.ibm.ws.webcontainer.osgi.WebContainer@132db46e
    webAppFactory = class com.ibm.ws.webcontainer31.osgi.webapp.factory.WebAppFactoryImpl31@3061f124
    requestFactory = class com.ibm.ws.webcontainer31.osgi.response.factory.IRequestResponseFactory@94ebf40
    responseFactory = class com.ibm.ws.webcontainer31.osgi.response.factory.IRequestResponseFactory@94ebf40
    asyncContextFactory = class com.ibm.ws.webcontainer31.async.factory.AsyncContextFactory31Impl@e91fd6
    DEFAULT_MAX_VERSION = 30
    serverStopping = false
    modulesStarting = class java.util.concurrent.atomic.AtomicInteger@56a1b10e
      serialVersionUID = "/* Could not access serialVersionUID */"
      U = "/* Could not access U */"
      VALUE = "/* Could not access VALUE */"
      value = "/* Could not access value */"
      serialVersionUID = "/* Could not access serialVersionUID */"
    uriMatcherFactory = class com.ibm.wsspi.webcontainer31.util.factory.URIMatcherFactory31Impl@1efe13a3
    SPEC_LEVEL_30 = 30
    SPEC_LEVEL_31 = 31
    SPEC_LEVEL_40 = 40
    SPEC_LEVEL_50 = 50
    SPEC_LEVEL_60 = 60
    SPEC_LEVEL_61 = 61
    DEFAULT_SPEC_LEVEL = 30
    loadedContainerSpecLevel = 31
    ISO = "ISO-8859-1"
    encoding = "UTF-8"
    decode = true
    wcconfig = class com.ibm.ws.webcontainer.osgi.WebContainerConfiguration@7f066df6
      properties = class org.apache.felix.scr.impl.helper.ReadOnlyDictionary@4d32ef62
      CFG_KEY_ENFORCE_SEC = "enforce.security"
      logger = class com.ibm.ws.logging.internal.WsLogger@5addc35e
      CLASS_NAME = "com.ibm.ws.webcontainer.WebContainerConfiguration"
      _localeProps = null
      _jvmProps = null
      enableServletCaching = false
      defaultVirtualHostName = "default_host"
      ardEnabled = false
      ardIncludeTimeout = 0
      poolingDisabled = false
      maximumExpiredEntries = 0
      maximumResponseStoreSize = 0
      useAsyncRunnableWorkManager = false
      asyncRunnableWorkManagerName = null
      numAsyncTimerThreads = 2
      defaultAsyncServletTimeout = 30000
    applicationListeners = class java.util.ArrayList@1875a965
      serialVersionUID = "/* Could not access serialVersionUID */"
      DEFAULT_CAPACITY = "/* Could not access DEFAULT_CAPACITY */"
      EMPTY_ELEMENTDATA = "/* Could not access EMPTY_ELEMENTDATA */"
      DEFAULTCAPACITY_EMPTY_ELEMENTDATA = "/* Could not access DEFAULTCAPACITY_EMPTY_ELEMENTDATA */"
      elementData = "/* Could not access elementData */"
      size = "/* Could not access size */"
      modCount = "/* Could not access modCount */"
    servletListeners = class java.util.ArrayList@438742a4
      serialVersionUID = "/* Could not access serialVersionUID */"
      DEFAULT_CAPACITY = "/* Could not access DEFAULT_CAPACITY */"
      EMPTY_ELEMENTDATA = "/* Could not access EMPTY_ELEMENTDATA */"
      DEFAULTCAPACITY_EMPTY_ELEMENTDATA = "/* Could not access DEFAULTCAPACITY_EMPTY_ELEMENTDATA */"
      elementData = "/* Could not access elementData */"
      size = "/* Could not access size */"
      modCount = "/* Could not access modCount */"
    servletErrorListeners = class java.util.ArrayList@2d8a327c
      serialVersionUID = "/* Could not access serialVersionUID */"
      DEFAULT_CAPACITY = "/* Could not access DEFAULT_CAPACITY */"
      EMPTY_ELEMENTDATA = "/* Could not access EMPTY_ELEMENTDATA */"
      DEFAULTCAPACITY_EMPTY_ELEMENTDATA = "/* Could not access DEFAULTCAPACITY_EMPTY_ELEMENTDATA */"
      elementData = "/* Could not access elementData */"
      size = "/* Could not access size */"
      modCount = "/* Could not access modCount */"
    servletInvocationListeners = class java.util.ArrayList@61af93e6
      serialVersionUID = "/* Could not access serialVersionUID */"
      DEFAULT_CAPACITY = "/* Could not access DEFAULT_CAPACITY */"
      EMPTY_ELEMENTDATA = "/* Could not access EMPTY_ELEMENTDATA */"
      DEFAULTCAPACITY_EMPTY_ELEMENTDATA = "/* Could not access DEFAULTCAPACITY_EMPTY_ELEMENTDATA */"
      elementData = "/* Could not access elementData */"
      size = "/* Could not access size */"
      modCount = "/* Could not access modCount */"
    filterInvocationListeners = class java.util.ArrayList@54243037
      serialVersionUID = "/* Could not access serialVersionUID */"
      DEFAULT_CAPACITY = "/* Could not access DEFAULT_CAPACITY */"
      EMPTY_ELEMENTDATA = "/* Could not access EMPTY_ELEMENTDATA */"
      DEFAULTCAPACITY_EMPTY_ELEMENTDATA = "/* Could not access DEFAULTCAPACITY_EMPTY_ELEMENTDATA */"
      elementData = "/* Could not access elementData */"
      size = "/* Could not access size */"
      modCount = "/* Could not access modCount */"
    filterErrorListeners = class java.util.ArrayList@2d4fca75
      serialVersionUID = "/* Could not access serialVersionUID */"
      DEFAULT_CAPACITY = "/* Could not access DEFAULT_CAPACITY */"
      EMPTY_ELEMENTDATA = "/* Could not access EMPTY_ELEMENTDATA */"
      DEFAULTCAPACITY_EMPTY_ELEMENTDATA = "/* Could not access DEFAULTCAPACITY_EMPTY_ELEMENTDATA */"
      elementData = "/* Could not access elementData */"
      size = "/* Could not access size */"
      modCount = "/* Could not access modCount */"
    filterListeners = class java.util.ArrayList@51aa1472
      serialVersionUID = "/* Could not access serialVersionUID */"
      DEFAULT_CAPACITY = "/* Could not access DEFAULT_CAPACITY */"
      EMPTY_ELEMENTDATA = "/* Could not access EMPTY_ELEMENTDATA */"
      DEFAULTCAPACITY_EMPTY_ELEMENTDATA = "/* Could not access DEFAULTCAPACITY_EMPTY_ELEMENTDATA */"
      elementData = "/* Could not access elementData */"
      size = "/* Could not access size */"
      modCount = "/* Could not access modCount */"
    servletRequestListeners = class java.util.ArrayList@4c078d02
      serialVersionUID = "/* Could not access serialVersionUID */"
      DEFAULT_CAPACITY = "/* Could not access DEFAULT_CAPACITY */"
      EMPTY_ELEMENTDATA = "/* Could not access EMPTY_ELEMENTDATA */"
      DEFAULTCAPACITY_EMPTY_ELEMENTDATA = "/* Could not access DEFAULTCAPACITY_EMPTY_ELEMENTDATA */"
      elementData = "/* Could not access elementData */"
      size = "/* Could not access size */"
      modCount = "/* Could not access modCount */"
    servletRequestAttributeListeners = class java.util.ArrayList@39d7b93d
      serialVersionUID = "/* Could not access serialVersionUID */"
      DEFAULT_CAPACITY = "/* Could not access DEFAULT_CAPACITY */"
      EMPTY_ELEMENTDATA = "/* Could not access EMPTY_ELEMENTDATA */"
      DEFAULTCAPACITY_EMPTY_ELEMENTDATA = "/* Could not access DEFAULTCAPACITY_EMPTY_ELEMENTDATA */"
      elementData = "/* Could not access elementData */"
      size = "/* Could not access size */"
      modCount = "/* Could not access modCount */"
    servletContextListeners = class java.util.ArrayList@6a18d010
      serialVersionUID = "/* Could not access serialVersionUID */"
      DEFAULT_CAPACITY = "/* Could not access DEFAULT_CAPACITY */"
      EMPTY_ELEMENTDATA = "/* Could not access EMPTY_ELEMENTDATA */"
      DEFAULTCAPACITY_EMPTY_ELEMENTDATA = "/* Could not access DEFAULTCAPACITY_EMPTY_ELEMENTDATA */"
      elementData = "/* Could not access elementData */"
      size = "/* Could not access size */"
      modCount = "/* Could not access modCount */"
    servletContextAttributeListeners = class java.util.ArrayList@6b1050a5
      serialVersionUID = "/* Could not access serialVersionUID */"
      DEFAULT_CAPACITY = "/* Could not access DEFAULT_CAPACITY */"
      EMPTY_ELEMENTDATA = "/* Could not access EMPTY_ELEMENTDATA */"
      DEFAULTCAPACITY_EMPTY_ELEMENTDATA = "/* Could not access DEFAULTCAPACITY_EMPTY_ELEMENTDATA */"
      elementData = "/* Could not access elementData */"
      size = "/* Could not access size */"
      modCount = "/* Could not access modCount */"
    sessionListeners = class java.util.ArrayList@1b8faf58
      serialVersionUID = "/* Could not access serialVersionUID */"
      DEFAULT_CAPACITY = "/* Could not access DEFAULT_CAPACITY */"
      EMPTY_ELEMENTDATA = "/* Could not access EMPTY_ELEMENTDATA */"
      DEFAULTCAPACITY_EMPTY_ELEMENTDATA = "/* Could not access DEFAULTCAPACITY_EMPTY_ELEMENTDATA */"
      elementData = "/* Could not access elementData */"
      size = "/* Could not access size */"
      modCount = "/* Could not access modCount */"
    sessionIdListeners = class java.util.ArrayList@1f95f345
      serialVersionUID = "/* Could not access serialVersionUID */"
      DEFAULT_CAPACITY = "/* Could not access DEFAULT_CAPACITY */"
      EMPTY_ELEMENTDATA = "/* Could not access EMPTY_ELEMENTDATA */"
      DEFAULTCAPACITY_EMPTY_ELEMENTDATA = "/* Could not access DEFAULTCAPACITY_EMPTY_ELEMENTDATA */"
      elementData = "/* Could not access elementData */"
      size = "/* Could not access size */"
      modCount = "/* Could not access modCount */"
    sessionAttributeListeners = class java.util.ArrayList@33a128f7
      serialVersionUID = "/* Could not access serialVersionUID */"
      DEFAULT_CAPACITY = "/* Could not access DEFAULT_CAPACITY */"
      EMPTY_ELEMENTDATA = "/* Could not access EMPTY_ELEMENTDATA */"
      DEFAULTCAPACITY_EMPTY_ELEMENTDATA = "/* Could not access DEFAULTCAPACITY_EMPTY_ELEMENTDATA */"
      elementData = "/* Could not access elementData */"
      size = "/* Could not access size */"
      modCount = "/* Could not access modCount */"
    DEFAULT_HOST = "default_host"
    _initialized = true
    logger = class com.ibm.ws.logging.internal.WsLogger@5addc35e
      ivCachedResourceBundleName = "com.ibm.ws.webcontainer.resources.Messages"
      ivCachedResourceBundle = class com.ibm.ws.webcontainer.resources.Messages_fr@28ba4c7f
      ivComponent = null
      ivOrganization = null
      ivProduct = null
      ivMinimumLocalizationLevelIntValue = 625
      ivTC = class com.ibm.websphere.ras.TraceComponent@537b4167
      loggerRegistrationComponent = class java.lang.ThreadLocal@7fa3f456
      emptyHandlers = "/* Could not access emptyHandlers */"
      offValue = "/* Could not access offValue */"
      SYSTEM_LOGGER_RB_NAME = "/* Could not access SYSTEM_LOGGER_RB_NAME */"
      SYSTEM_BUNDLE = "/* Could not access SYSTEM_BUNDLE */"
      NO_RESOURCE_BUNDLE = "/* Could not access NO_RESOURCE_BUNDLE */"
      config = "/* Could not access config */"
      manager = "/* Could not access manager */"
      name = "/* Could not access name */"
      loggerBundle = "/* Could not access loggerBundle */"
      anonymous = "/* Could not access anonymous */"
      catalogRef = "/* Could not access catalogRef */"
      catalogName = "/* Could not access catalogName */"
      catalogLocale = "/* Could not access catalogLocale */"
      treeLock = "/* Could not access treeLock */"
      parent = "/* Could not access parent */"
      kids = "/* Could not access kids */"
      callerModuleRef = "/* Could not access callerModuleRef */"
      isSystemLogger = "/* Could not access isSystemLogger */"
      GLOBAL_LOGGER_NAME = "global"
      global = class java.util.logging.Logger@2f33014b
    CLASS_NAME = "com.ibm.ws.webcontainer.internal.WebContainer"
    nls = class com.ibm.ejs.ras.TraceNLS@3cce4232
      resolver = class com.ibm.ws.logging.internal.TraceNLSResolver@5ae4abd
      finder = null
      ivBundleName = "com.ibm.ws.webcontainer.resources.Messages"
      caller = class java.lang.Class@5dac033b
    self = class java.util.concurrent.atomic.AtomicReference@cf19135
      serialVersionUID = "/* Could not access serialVersionUID */"
      VALUE = "/* Could not access VALUE */"
      value = "/* Could not access value */"
    selfInit = class java.util.concurrent.CountDownLatch@4c4f19df
      sync = "/* Could not access sync */"
    _cipherToBit = class java.util.HashMap@4cb7515a
      serialVersionUID = "/* Could not access serialVersionUID */"
      DEFAULT_INITIAL_CAPACITY = "/* Could not access DEFAULT_INITIAL_CAPACITY */"
      MAXIMUM_CAPACITY = "/* Could not access MAXIMUM_CAPACITY */"
      DEFAULT_LOAD_FACTOR = "/* Could not access DEFAULT_LOAD_FACTOR */"
      TREEIFY_THRESHOLD = "/* Could not access TREEIFY_THRESHOLD */"
      UNTREEIFY_THRESHOLD = "/* Could not access UNTREEIFY_THRESHOLD */"
      MIN_TREEIFY_CAPACITY = "/* Could not access MIN_TREEIFY_CAPACITY */"
      table = "/* Could not access table */"
      entrySet = "/* Could not access entrySet */"
      size = "/* Could not access size */"
      modCount = "/* Could not access modCount */"
      threshold = "/* Could not access threshold */"
      loadFactor = "/* Could not access loadFactor */"
      keySet = "/* Could not access keySet */"
      values = "/* Could not access values */"
    cacheKeyStringBuilder = class com.ibm.ws.util.WSThreadLocal@15f5d586
      tc = class com.ibm.ejs.ras.TraceComponent@2e092a0c
      count = 8
      index = 2
      SUSPECTED_MISUSAGE_THRESHOLD = 200
      TRACE_VTHREAD_LOCALS = "/* Could not access TRACE_VTHREAD_LOCALS */"
      threadLocalHashCode = "/* Could not access threadLocalHashCode */"
      nextHashCode = "/* Could not access nextHashCode */"
      HASH_INCREMENT = "/* Could not access HASH_INCREMENT */"
      $assertionsDisabled = "/* Could not access $assertionsDisabled */"
    listenersInitialized = true
    webConProperties = class java.util.Properties@677a8e68
      serialVersionUID = "/* Could not access serialVersionUID */"
      UNSAFE = "/* Could not access UNSAFE */"
      defaults = "/* Could not access defaults */"
      map = "/* Could not access map */"
      table = "/* Could not access table */"
      count = "/* Could not access count */"
      threshold = "/* Could not access threshold */"
      loadFactor = "/* Could not access loadFactor */"
      modCount = "/* Could not access modCount */"
      serialVersionUID = "/* Could not access serialVersionUID */"
      MAX_ARRAY_SIZE = "/* Could not access MAX_ARRAY_SIZE */"
      keySet = "/* Could not access keySet */"
      entrySet = "/* Could not access entrySet */"
      values = "/* Could not access values */"
      KEYS = "/* Could not access KEYS */"
      VALUES = "/* Could not access VALUES */"
      ENTRIES = "/* Could not access ENTRIES */"
    sessionRegistry = null
    isStopped = false
    readWriteLockForStopping = class java.util.concurrent.locks.ReentrantReadWriteLock@53cfe2b9
      serialVersionUID = "/* Could not access serialVersionUID */"
      readerLock = "/* Could not access readerLock */"
      writerLock = "/* Could not access writerLock */"
      sync = "/* Could not access sync */"
    urlPrefix = ";jsessionid="
    extensionFactories = class java.util.ArrayList@2584541b
      serialVersionUID = "/* Could not access serialVersionUID */"
      DEFAULT_CAPACITY = "/* Could not access DEFAULT_CAPACITY */"
      EMPTY_ELEMENTDATA = "/* Could not access EMPTY_ELEMENTDATA */"
      DEFAULTCAPACITY_EMPTY_ELEMENTDATA = "/* Could not access DEFAULTCAPACITY_EMPTY_ELEMENTDATA */"
      elementData = "/* Could not access elementData */"
      size = "/* Could not access size */"
      modCount = "/* Could not access modCount */"
    postInitExtensionFactories = null
    httpResponseListeners = class java.util.ArrayList@1ee6ecc8
      serialVersionUID = "/* Could not access serialVersionUID */"
      DEFAULT_CAPACITY = "/* Could not access DEFAULT_CAPACITY */"
      EMPTY_ELEMENTDATA = "/* Could not access EMPTY_ELEMENTDATA */"
      DEFAULTCAPACITY_EMPTY_ELEMENTDATA = "/* Could not access DEFAULTCAPACITY_EMPTY_ELEMENTDATA */"
      elementData = "/* Could not access elementData */"
      size = "/* Could not access size */"
      modCount = "/* Could not access modCount */"
    servletContainerInitializers = class java.util.ServiceLoader@2d5c28b2
      service = "/* Could not access service */"
      serviceName = "/* Could not access serviceName */"
      layer = "/* Could not access layer */"
      loader = "/* Could not access loader */"
      acc = "/* Could not access acc */"
      lookupIterator1 = "/* Could not access lookupIterator1 */"
      instantiatedProviders = "/* Could not access instantiatedProviders */"
      lookupIterator2 = "/* Could not access lookupIterator2 */"
      loadedProviders = "/* Could not access loadedProviders */"
      loadedAllProviders = "/* Could not access loadedAllProviders */"
      reloadCount = "/* Could not access reloadCount */"
      LANG_ACCESS = "/* Could not access LANG_ACCESS */"
      $assertionsDisabled = "/* Could not access $assertionsDisabled */"
    auditManager = class com.ibm.websphere.security.audit.context.AuditManager@1aacd8a
      threadLocal = class com.ibm.websphere.security.audit.context.AuditManager$AuditThreadLocal@76d551b4
      serialVersionUID = 8297158904878279977
      $$$tc$$$ = class com.ibm.websphere.ras.TraceComponent@786b777d
    invocationCacheSize = 500
    _cacheMap = class java.util.concurrent.ConcurrentHashMap@6897528
      serialVersionUID = "/* Could not access serialVersionUID */"
      MAXIMUM_CAPACITY = "/* Could not access MAXIMUM_CAPACITY */"
      DEFAULT_CAPACITY = "/* Could not access DEFAULT_CAPACITY */"
      MAX_ARRAY_SIZE = "/* Could not access MAX_ARRAY_SIZE */"
      DEFAULT_CONCURRENCY_LEVEL = "/* Could not access DEFAULT_CONCURRENCY_LEVEL */"
      LOAD_FACTOR = "/* Could not access LOAD_FACTOR */"
      TREEIFY_THRESHOLD = "/* Could not access TREEIFY_THRESHOLD */"
      UNTREEIFY_THRESHOLD = "/* Could not access UNTREEIFY_THRESHOLD */"
      MIN_TREEIFY_CAPACITY = "/* Could not access MIN_TREEIFY_CAPACITY */"
      MIN_TRANSFER_STRIDE = "/* Could not access MIN_TRANSFER_STRIDE */"
      RESIZE_STAMP_BITS = "/* Could not access RESIZE_STAMP_BITS */"
      MAX_RESIZERS = "/* Could not access MAX_RESIZERS */"
      RESIZE_STAMP_SHIFT = "/* Could not access RESIZE_STAMP_SHIFT */"
      MOVED = "/* Could not access MOVED */"
      TREEBIN = "/* Could not access TREEBIN */"
      RESERVED = "/* Could not access RESERVED */"
      HASH_BITS = "/* Could not access HASH_BITS */"
      NCPU = "/* Could not access NCPU */"
      serialPersistentFields = "/* Could not access serialPersistentFields */"
      table = "/* Could not access table */"
      nextTable = "/* Could not access nextTable */"
      baseCount = "/* Could not access baseCount */"
      sizeCtl = "/* Could not access sizeCtl */"
      transferIndex = "/* Could not access transferIndex */"
      cellsBusy = "/* Could not access cellsBusy */"
      counterCells = "/* Could not access counterCells */"
      keySet = "/* Could not access keySet */"
      values = "/* Could not access values */"
      entrySet = "/* Could not access entrySet */"
      U = "/* Could not access U */"
      SIZECTL = "/* Could not access SIZECTL */"
      TRANSFERINDEX = "/* Could not access TRANSFERINDEX */"
      BASECOUNT = "/* Could not access BASECOUNT */"
      CELLSBUSY = "/* Could not access CELLSBUSY */"
      CELLVALUE = "/* Could not access CELLVALUE */"
      ABASE = "/* Could not access ABASE */"
      ASHIFT = "/* Could not access ASHIFT */"
      keySet = "/* Could not access keySet */"
      values = "/* Could not access values */"
    _cacheSize = class java.util.concurrent.atomic.AtomicInteger@2f20499d
      serialVersionUID = "/* Could not access serialVersionUID */"
      U = "/* Could not access U */"
      VALUE = "/* Could not access VALUE */"
      value = "/* Could not access value */"
      serialVersionUID = "/* Could not access serialVersionUID */"
    vHostCompatFlag = false
    platformHelper = class com.ibm.ws.webcontainer.PlatformHelper@6375fd73
    isDefaultTempDir = true
    tempDir = null
    servletCachingInitNeeded = true
    appInstallBegun = true
    cacheServletWrapperFactory = class com.ibm.ws.webcontainer31.servlet.factory.CacheServletWrapperFactory31Impl@3464ba0a
    isServlet60orAbove = false
    commands = class java.util.ArrayList@7989a99b
      serialVersionUID = "/* Could not access serialVersionUID */"
      DEFAULT_CAPACITY = "/* Could not access DEFAULT_CAPACITY */"
      EMPTY_ELEMENTDATA = "/* Could not access EMPTY_ELEMENTDATA */"
      DEFAULTCAPACITY_EMPTY_ELEMENTDATA = "/* Could not access DEFAULTCAPACITY_EMPTY_ELEMENTDATA */"
      elementData = "/* Could not access elementData */"
      size = "/* Could not access size */"
      modCount = "/* Could not access modCount */"
    requestMapper = class com.ibm.ws.webcontainer.util.VirtualHostContextRootMapper@54487b96
      cachedMappers = class java.util.Collections$SynchronizedMap@6daa98d4
      nls = class com.ibm.ejs.ras.TraceNLS@4e0f3a1e
      logger = class com.ibm.ws.logging.internal.WsLogger@1a1f4a2d
      CLASS_NAME = "com.ibm.ws.webcontainer.util.VirtualHostContextRootMapper"
      CLASSNAME = "com.ibm.ws.util.VirtualHostMapper"
      tc = class com.ibm.ejs.ras.TraceComponent@337cde58
      vHostTable = class java.util.concurrent.ConcurrentHashMap@4a9fdf55
    parent = null
    name = "Was.webcontainer"
    isAlive = true
    subElements = class java.util.HashMap@189a8a09
      serialVersionUID = "/* Could not access serialVersionUID */"
      DEFAULT_INITIAL_CAPACITY = "/* Could not access DEFAULT_INITIAL_CAPACITY */"
      MAXIMUM_CAPACITY = "/* Could not access MAXIMUM_CAPACITY */"
      DEFAULT_LOAD_FACTOR = "/* Could not access DEFAULT_LOAD_FACTOR */"
      TREEIFY_THRESHOLD = "/* Could not access TREEIFY_THRESHOLD */"
      UNTREEIFY_THRESHOLD = "/* Could not access UNTREEIFY_THRESHOLD */"
      MIN_TREEIFY_CAPACITY = "/* Could not access MIN_TREEIFY_CAPACITY */"
      table = "/* Could not access table */"
      entrySet = "/* Could not access entrySet */"
      size = "/* Could not access size */"
      modCount = "/* Could not access modCount */"
      threshold = "/* Could not access threshold */"
      loadFactor = "/* Could not access loadFactor */"
      keySet = "/* Could not access keySet */"
      values = "/* Could not access values */"
    attributes = null
    config = null
    serialVersionUID = -8271459000149267764
    $$$tc$$$ = class com.ibm.websphere.ras.TraceComponent@2aeca17d
      strings[0] = "TraceComponent[com.ibm.ws.container.AbstractContainer,class com.ibm.ws.container.AbstractContainer,[],null,null]"

