------Start of DE processing------ = [23/02/2024 03:21:15:274 WEST]
Exception = com.ibm.ws.jsp.JspCoreException
Source = com.ibm.ws.jsp.webcontainerext.JSPExtensionServletWrapper.translateJsp
probeid = 259
Stack Dump = com.ibm.ws.jsp.JspCoreException: JSPG0049E: /WEB-INF/views/services.jsp n'a pas réussi à compiler : 

JSPG0091E: Une erreur est survenue à la ligne : 29 du fichier : /WEB-INF/views/services.jsp
JSPG0093E: Erreur de servlet générée à partir du fichier : /WEB-INF/views/services.jsp 

C:\Users\lenovo\Desktop\LP S5 S6\S6\JEE\projects\jeeprojects\web01\target\liberty\wlp\usr\servers\web01Server\workarea\org.eclipse.osgi\74\data\temp\default_node\SMF_WebContainer\web01\web01\WEB-INF\views\_services.java : 143 : $username cannot be resolved to a variable

	at com.ibm.ws.jsp.webcontainerext.AbstractJSPExtensionServletWrapper.translateJsp(AbstractJSPExtensionServletWrapper.java:600)
	at com.ibm.ws.jsp.webcontainerext.AbstractJSPExtensionServletWrapper._checkForTranslation(AbstractJSPExtensionServletWrapper.java:460)
	at com.ibm.ws.jsp.webcontainerext.AbstractJSPExtensionServletWrapper.checkForTranslation(AbstractJSPExtensionServletWrapper.java:250)
	at com.ibm.ws.jsp.webcontainerext.AbstractJSPExtensionServletWrapper.handleRequest(AbstractJSPExtensionServletWrapper.java:160)
	at com.ibm.ws.webcontainer.filter.WebAppFilterManager.invokeFilters(WebAppFilterManager.java:1361)
	at com.ibm.ws.webcontainer.filter.WebAppFilterManager.invokeFilters(WebAppFilterManager.java:1077)
	at com.ibm.ws.webcontainer.webapp.WebAppRequestDispatcher.dispatch(WebAppRequestDispatcher.java:1413)
	at com.ibm.ws.webcontainer.webapp.WebAppRequestDispatcher.forward(WebAppRequestDispatcher.java:174)
	at estm.dsic.jee.servlets.PageForwardServlet.doGet(PageForwardServlet.java:18)
	at javax.servlet.http.HttpServlet.service(HttpServlet.java:687)
	at javax.servlet.http.HttpServlet.service(HttpServlet.java:790)
	at com.ibm.ws.webcontainer.servlet.ServletWrapper.service(ServletWrapper.java:1260)
	at com.ibm.ws.webcontainer.servlet.ServletWrapper.handleRequest(ServletWrapper.java:748)
	at com.ibm.ws.webcontainer.servlet.ServletWrapper.handleRequest(ServletWrapper.java:445)
	at com.ibm.ws.webcontainer.filter.WebAppFilterManager.invokeFilters(WebAppFilterManager.java:1361)
	at com.ibm.ws.webcontainer.filter.WebAppFilterManager.invokeFilters(WebAppFilterManager.java:1077)
	at com.ibm.ws.webcontainer.servlet.CacheServletWrapper.handleRequest(CacheServletWrapper.java:77)
	at com.ibm.ws.webcontainer.WebContainer.handleRequest(WebContainer.java:969)
	at com.ibm.ws.webcontainer.osgi.DynamicVirtualHost$2.run(DynamicVirtualHost.java:293)
	at com.ibm.ws.http.dispatcher.internal.channel.HttpDispatcherLink$TaskWrapper.run(HttpDispatcherLink.java:1260)
	at com.ibm.ws.http.dispatcher.internal.channel.HttpDispatcherLink.wrapHandlerAndExecute(HttpDispatcherLink.java:476)
	at com.ibm.ws.http.dispatcher.internal.channel.HttpDispatcherLink.ready(HttpDispatcherLink.java:435)
	at com.ibm.ws.http.channel.internal.inbound.HttpInboundLink.handleDiscrimination(HttpInboundLink.java:569)
	at com.ibm.ws.http.channel.internal.inbound.HttpInboundLink.handleNewRequest(HttpInboundLink.java:503)
	at com.ibm.ws.http.channel.internal.inbound.HttpInboundLink.processRequest(HttpInboundLink.java:363)
	at com.ibm.ws.http.channel.internal.inbound.HttpInboundLink.ready(HttpInboundLink.java:330)
	at com.ibm.ws.tcpchannel.internal.NewConnectionInitialReadCallback.sendToDiscriminators(NewConnectionInitialReadCallback.java:169)
	at com.ibm.ws.tcpchannel.internal.NewConnectionInitialReadCallback.complete(NewConnectionInitialReadCallback.java:77)
	at com.ibm.ws.tcpchannel.internal.WorkQueueManager.requestComplete(WorkQueueManager.java:516)
	at com.ibm.ws.tcpchannel.internal.WorkQueueManager.attemptIO(WorkQueueManager.java:586)
	at com.ibm.ws.tcpchannel.internal.WorkQueueManager.workerRun(WorkQueueManager.java:970)
	at com.ibm.ws.tcpchannel.internal.WorkQueueManager$Worker.run(WorkQueueManager.java:1059)
	at com.ibm.ws.threading.internal.ExecutorServiceImpl$RunnableWrapper.run(ExecutorServiceImpl.java:280)
	at java.base/java.util.concurrent.ThreadPoolExecutor.runWorker(ThreadPoolExecutor.java:1144)
	at java.base/java.util.concurrent.ThreadPoolExecutor$Worker.run(ThreadPoolExecutor.java:642)
	at java.base/java.lang.Thread.run(Thread.java:1583)

Dump of callerThis
Object type = com.ibm.ws.jsp.webcontainerext.JSPExtensionServletWrapper
  serialVersionUID = 9070431071556313643
  $$$tc$$$ = class com.ibm.websphere.ras.TraceComponent@4cb06419
    strings[0] = "TraceComponent[com.ibm.ws.jsp.webcontainerext.JSPExtensionServletWrapper,class com.ibm.ws.jsp.webcontainerext.JSPExtensionServletWrapper,[jsp],com.ibm.ws.jsp.resources.messages,null]"
  logger = class com.ibm.ws.logging.internal.WsLogger@de0b58
    ivCachedResourceBundleName = null
    ivCachedResourceBundle = null
    ivComponent = null
    ivOrganization = null
    ivProduct = null
    ivMinimumLocalizationLevelIntValue = 625
    ivTC = class com.ibm.websphere.ras.TraceComponent@49d7d343
      strings[0] = "TraceComponent[com.ibm.ws.jsp,class com.ibm.ws.jsp.taglib.InjectionServiceImpl,[com.ibm.ws.jsp],null,null]"
    loggerRegistrationComponent = class java.lang.ThreadLocal@7a57bfa2
      TRACE_VTHREAD_LOCALS = "/* Could not access TRACE_VTHREAD_LOCALS */"
      threadLocalHashCode = "/* Could not access threadLocalHashCode */"
      nextHashCode = "/* Could not access nextHashCode */"
      HASH_INCREMENT = "/* Could not access HASH_INCREMENT */"
      $assertionsDisabled = "/* Could not access $assertionsDisabled */"
    emptyHandlers = "/* Could not access emptyHandlers */"
    offValue = "/* Could not access offValue */"
    SYSTEM_LOGGER_RB_NAME = "/* Could not access SYSTEM_LOGGER_RB_NAME */"
    SYSTEM_BUNDLE = "/* Could not access SYSTEM_BUNDLE */"
    NO_RESOURCE_BUNDLE = "/* Could not access NO_RESOURCE_BUNDLE */"
    config = "/* Could not access config */"
    manager = "/* Could not access manager */"
    name = "/* Could not access name */"
    loggerBundle = "/* Could not access loggerBundle */"
    anonymous = "/* Could not access anonymous */"
    catalogRef = "/* Could not access catalogRef */"
    catalogName = "/* Could not access catalogName */"
    catalogLocale = "/* Could not access catalogLocale */"
    treeLock = "/* Could not access treeLock */"
    parent = "/* Could not access parent */"
    kids = "/* Could not access kids */"
    callerModuleRef = "/* Could not access callerModuleRef */"
    isSystemLogger = "/* Could not access isSystemLogger */"
    GLOBAL_LOGGER_NAME = "global"
    global = class java.util.logging.Logger@5555266a
      emptyHandlers = "/* Could not access emptyHandlers */"
      offValue = "/* Could not access offValue */"
      SYSTEM_LOGGER_RB_NAME = "/* Could not access SYSTEM_LOGGER_RB_NAME */"
      SYSTEM_BUNDLE = "/* Could not access SYSTEM_BUNDLE */"
      NO_RESOURCE_BUNDLE = "/* Could not access NO_RESOURCE_BUNDLE */"
      config = "/* Could not access config */"
      manager = "/* Could not access manager */"
      name = "/* Could not access name */"
      loggerBundle = "/* Could not access loggerBundle */"
      anonymous = "/* Could not access anonymous */"
      catalogRef = "/* Could not access catalogRef */"
      catalogName = "/* Could not access catalogName */"
      catalogLocale = "/* Could not access catalogLocale */"
      treeLock = "/* Could not access treeLock */"
      parent = "/* Could not access parent */"
      kids = "/* Could not access kids */"
      callerModuleRef = "/* Could not access callerModuleRef */"
      isSystemLogger = "/* Could not access isSystemLogger */"
      GLOBAL_LOGGER_NAME = "global"
      global = class java.util.logging.Logger@5555266a
  CLASS_NAME = "com.ibm.ws.jsp.webcontainerext.JSPExtensionServletWrapper"
  JSP_TRANSLATION_TIME_STAMP = "jsp_translation_ts"
  JSP_TRANSLATION_CHECKED_THIS_REQUEST = "jsp_translation_checked"
  lastTranslationTime = 1708654374692
  separatorString = "
"
  options = class com.ibm.ws.jsp.JspOptions@257b2777
    logger = class com.ibm.ws.logging.internal.WsLogger@de0b58
    CLASS_NAME = "com.ibm.ws.jsp.JspOptions"
    ALLOWJSPOUTPUTELEMENTMISMATCH = false
    ALLOWTAGLIBPREFIXREDEFINITION = false
    ALLOWTAGLIBPREFIXUSEBEFOREDEFINITION = false
    ALLOWUNMATCHEDENDTAG = false
    allowJspOutputElementMismatch = false
    allowTaglibPrefixRedefinition = false
    allowTaglibPrefixUseBeforeDefinition = false
    allowUnmatchedEndTag = false
    autoResponseEncoding = false
    classDebugInfo = false
    compileWithAssert = false
    debugEnabled = true
    deprecation = false
    disableJspRuntimeCompilation = false
    extendedDocumentRoot = null
    preFragmentExtendedDocumentRoot = null
    extensionProcessorClass = null
    ieClassId = "clsid:8AD9C840-044E-11D1-B3E9-00805F499D93"
    isZOS = false
    javaEncoding = "UTF-8"
    jdkSourceLevel = -1
    javaSourceLevel = 8
    jspCompileClasspath = null
    keepGenerated = false
    keepGeneratedclassfiles = true
    looseLibMap = null
    outputDir = class java.io.File@4c25843d
      FS = "/* Could not access FS */"
      path = "/* Could not access path */"
      status = "/* Could not access status */"
      prefixLength = "/* Could not access prefixLength */"
      separatorChar = \
      separator = "\"
      pathSeparatorChar = ;
      pathSeparator = ";"
      UNSAFE = "/* Could not access UNSAFE */"
      PATH_OFFSET = "/* Could not access PATH_OFFSET */"
      PREFIX_LENGTH_OFFSET = "/* Could not access PREFIX_LENGTH_OFFSET */"
      serialVersionUID = "/* Could not access serialVersionUID */"
      filePath = "/* Could not access filePath */"
      $assertionsDisabled = "/* Could not access $assertionsDisabled */"
    reloadEnabled = true
    reloadEnabledSet = false
    reloadInterval = 5000
    servlet2_2 = false
    servletEngineReloadEnabled = true
    servletEngineReloadInterval = 5000
    syncToThread = false
    trackDependencies = true
    translationContextClass = null
    useCDataTrim = false
    disableURLEncodingForParamTag = false
    useDevMode = false
    useDevModeSet = false
    useFullPackageNames = false
    useImplicitTagLibs = true
    useIterationEval = false
    useJDKCompiler = false
    useJikes = false
    useOptimizedTags = false
    usePageTagPool = false
    useRepeatInt = false
    useScriptVarDupInit = false
    useStringCast = false
    useThreadTagPool = false
    verbose = false
    prepareJSPs = 0
    prepareJSPsSet = false
    prepareJSPsClassloadChanged = null
    prepareJSPsClassload = 0
    prepareJSPThreadCount = 1
    evalQuotedAndEscapedExpression = false
    convertExpression = false
    allowNullParentInTagFile = false
    modifyPageContextVariable = false
    recompileJspOnRestart = false
    convertAttrValueToString = false
    disableTldSearch = false
    compileAfterFailure = false
    disableResourceInjection = false
    reusePropertyGroupConfigOnInclude = false
    enableDoubleQuotesDecoding = false
    enableCDIWrapper = false
    removeXmlnsFromOutput = false
    scratchDir = null
    doNotEscapeWhitespaceCharsInExpression = false
    deleteClassFilesBeforeRecompile = false
    allowMultipleAttributeValues = false
    allowPrecedenceInJspExpressionsWithConstantString = false
    overriddenJspOptions = ""
    serialVersionUID = -1236629831596977873
  configManager = class com.ibm.ws.jsp.configuration.JspConfigurationManager@22e6816e
    isServlet24OrHigher = true
    isServlet25OrHigher = true
    uriMatcher = class com.ibm.ws.webcontainer.util.URIMatcher@5fdec1e9
      root = class com.ibm.ws.webcontainer.util.ClauseNode@4fdb02a8
      extensions = class java.util.HashMap@14c120ca
      starString = "*"
      defaultNode = null
      range = 91
    jspExtensionList = class java.util.ArrayList@4e6f1685
      serialVersionUID = "/* Could not access serialVersionUID */"
      DEFAULT_CAPACITY = "/* Could not access DEFAULT_CAPACITY */"
      EMPTY_ELEMENTDATA = "/* Could not access EMPTY_ELEMENTDATA */"
      DEFAULTCAPACITY_EMPTY_ELEMENTDATA = "/* Could not access DEFAULTCAPACITY_EMPTY_ELEMENTDATA */"
      elementData = "/* Could not access elementData */"
      size = "/* Could not access size */"
      modCount = "/* Could not access modCount */"
    JCDIEnabled = false
    logger = class com.ibm.ws.logging.internal.WsLogger@de0b58
    CLASS_NAME = "com.ibm.ws.jsp.configuration.JspConfigurationManager"
    serialVersionUID = 2285763750258808802
  tlc = class com.ibm.ws.jsp.taglib.TagLibraryCache@5a6140a
    serialVersionUID = 3256719585204975926
    logger = class com.ibm.ws.logging.internal.WsLogger@de0b58
    CLASS_NAME = "com.ibm.ws.jsp.taglib.TagLibraryCache"
    TAGFILE_SCAN_ID = "TagFileScan"
    ABS_URI = 0
    ROOT_REL_URI = 1
    NOROOT_REL_URI = 2
    ctxt = class com.ibm.ws.jsp.webcontainerext.JSPExtensionContext@2fdc506c
    tldParser = class com.ibm.ws.jsp.taglib.TldParser@7ac87802
      logger = class com.ibm.ws.logging.internal.WsLogger@de0b58
      logLevel = class java.util.logging.Level@770357df
      CLASS_NAME = "com.ibm.ws.jsp.taglib.TldParser"
      TAGLIB_DTD_PUBLIC_ID_11 = "-//Sun Microsystems, Inc.//DTD JSP Tag Library 1.1//EN"
      TAGLIB_DTD_RESOURCE_PATH_11 = "/javax/servlet/jsp/resources/web-jsptaglibrary_1_1.dtd"
      TAGLIB_DTD_PUBLIC_ID_12 = "-//Sun Microsystems, Inc.//DTD JSP Tag Library 1.2//EN"
      TAGLIB_DTD_RESOURCE_PATH_12 = "/javax/servlet/jsp/resources/web-jsptaglibrary_1_2.dtd"
      XMLSCHEMA_DTD_PUBLIC_ID = "-//W3C//DTD XMLSCHEMA 200102//EN"
      XMLSCHEMA_DTD_RESOURCE_PATH = "/javax/servlet/resources/XMLSchema.dtd"
      DATATYPES_DTD_PUBLIC_ID = "datatypes"
      DATATYPES_DTD_RESOURCE_PATH = "/javax/servlet/resources/datatypes.dtd"
      TAGLIB_XSD_SYSTEM_ID_20 = "web-jsptaglibrary_2_0.xsd"
      TAGLIB_XSD_RESOURCE_PATH_20 = "/javax/servlet/jsp/resources/web-jsptaglibrary_2_0.xsd"
      TAGLIB_XSD_SYSTEM_ID_30 = "web-jsptaglibrary_3_0.xsd"
      TAGLIB_XSD_RESOURCE_PATH_30 = "/jakarta/servlet/resources/web-jsptaglibrary_3_0.xsd"
      J2EE14_XSD_SYSTEM_ID = "j2ee_1_4.xsd"
      J2EE14_XSD_RESOURCE_PATH = "/javax/servlet/resources/j2ee_1_4.xsd"
      XML_XSD_SYSTEM_ID = "http://www.w3.org/2001/xml.xsd"
      XML_XSD_RESOURCE_PATH = "/javax/servlet/resources/xml.xsd"
      WEB_SERVICE_CLIENT_XSD_SYSTEM_ID = "http://www.ibm.com/webservices/xsd/j2ee_web_services_client_1_1.xsd"
      WEB_SERVICE_CLIENT_XSD_RESOURCE_PATH = "/javax/servlet/resources/j2ee_web_services_client_1_1.xsd"
      TAGLIB_ELEMENT = 1
      TAG_ELEMENT = 2
      TAGFILE_ELEMENT = 3
      FUNCTION_ELEMENT = 4
      ATTRIBUTE_ELEMENT = 5
      DEFERRED_VALUE_ELEMENT = 6
      elementTypes = class java.lang.String[6]
      currentElement = 0
      ctxt = class com.ibm.ws.jsp.webcontainerext.JSPExtensionContext@2fdc506c
      configManager = class com.ibm.ws.jsp.configuration.JspConfigurationManager@22e6816e
      classloader = class com.ibm.ws.classloading.internal.ThreadContextClassLoader@1d77980b
      saxParser = class com.sun.org.apache.xerces.internal.jaxp.SAXParserImpl@62b17c83
      tli = null
      tags = class java.util.ArrayList@6fc99ded
      tagName = null
      tagDescription = null
      tagClassName = null
      teiClassName = null
      bodyContent = "JSP"
      displayName = null
      smallIcon = null
      largeIcon = null
      dynamicAttributes = false
      attributes = class java.util.ArrayList@7c1f65bb
      attributeName = null
      required = false
      type = null
      reqTime = false
      fragment = false
      deferredValue = false
      deferredMethod = false
      expectedType = null
      methodSignature = null
      variables = class java.util.ArrayList@4035b3b3
      nameGiven = null
      nameFromAttribute = null
      variableClassName = "java.lang.String"
      declare = true
      scope = 0
      tagFiles = class java.util.ArrayList@29098a52
      tagFileName = null
      path = null
      functions = class java.util.ArrayList@a0c5c6b
      functionName = null
      functionClass = null
      functionSignature = null
      validatorClass = null
      validatorInitParams = null
      paramName = null
      paramValue = null
      chars = null
      eventListenerList = class java.util.ArrayList@d39d22c
      tldLocation = null
      parsedTagElements = null
      parsedTagFileElements = null
      tagLibValidators = null
      serialVersionUID = -8565946898559754969
    tagClassMap = class java.util.HashMap@d2ca40f
      serialVersionUID = "/* Could not access serialVersionUID */"
      DEFAULT_INITIAL_CAPACITY = "/* Could not access DEFAULT_INITIAL_CAPACITY */"
      MAXIMUM_CAPACITY = "/* Could not access MAXIMUM_CAPACITY */"
      DEFAULT_LOAD_FACTOR = "/* Could not access DEFAULT_LOAD_FACTOR */"
      TREEIFY_THRESHOLD = "/* Could not access TREEIFY_THRESHOLD */"
      UNTREEIFY_THRESHOLD = "/* Could not access UNTREEIFY_THRESHOLD */"
      MIN_TREEIFY_CAPACITY = "/* Could not access MIN_TREEIFY_CAPACITY */"
      table = "/* Could not access table */"
      entrySet = "/* Could not access entrySet */"
      size = "/* Could not access size */"
      modCount = "/* Could not access modCount */"
      threshold = "/* Could not access threshold */"
      loadFactor = "/* Could not access loadFactor */"
      keySet = "/* Could not access keySet */"
      values = "/* Could not access values */"
    tagFileResourcesMap = class java.util.HashMap@6fd9fbc
      serialVersionUID = "/* Could not access serialVersionUID */"
      DEFAULT_INITIAL_CAPACITY = "/* Could not access DEFAULT_INITIAL_CAPACITY */"
      MAXIMUM_CAPACITY = "/* Could not access MAXIMUM_CAPACITY */"
      DEFAULT_LOAD_FACTOR = "/* Could not access DEFAULT_LOAD_FACTOR */"
      TREEIFY_THRESHOLD = "/* Could not access TREEIFY_THRESHOLD */"
      UNTREEIFY_THRESHOLD = "/* Could not access UNTREEIFY_THRESHOLD */"
      MIN_TREEIFY_CAPACITY = "/* Could not access MIN_TREEIFY_CAPACITY */"
      table = "/* Could not access table */"
      entrySet = "/* Could not access entrySet */"
      size = "/* Could not access size */"
      modCount = "/* Could not access modCount */"
      threshold = "/* Could not access threshold */"
      loadFactor = "/* Could not access loadFactor */"
      keySet = "/* Could not access keySet */"
      values = "/* Could not access values */"
    implicitTagLibPrefixMap = class java.util.HashMap@6619e732
      serialVersionUID = "/* Could not access serialVersionUID */"
      DEFAULT_INITIAL_CAPACITY = "/* Could not access DEFAULT_INITIAL_CAPACITY */"
      MAXIMUM_CAPACITY = "/* Could not access MAXIMUM_CAPACITY */"
      DEFAULT_LOAD_FACTOR = "/* Could not access DEFAULT_LOAD_FACTOR */"
      TREEIFY_THRESHOLD = "/* Could not access TREEIFY_THRESHOLD */"
      UNTREEIFY_THRESHOLD = "/* Could not access UNTREEIFY_THRESHOLD */"
      MIN_TREEIFY_CAPACITY = "/* Could not access MIN_TREEIFY_CAPACITY */"
      table = "/* Could not access table */"
      entrySet = "/* Could not access entrySet */"
      size = "/* Could not access size */"
      modCount = "/* Could not access modCount */"
      threshold = "/* Could not access threshold */"
      loadFactor = "/* Could not access loadFactor */"
      keySet = "/* Could not access keySet */"
      values = "/* Could not access values */"
    optimizedTagConfigMap = null
    looseLibMap = null
    eventListenerList = class java.util.ArrayList@5fa88b9b
      serialVersionUID = "/* Could not access serialVersionUID */"
      DEFAULT_CAPACITY = "/* Could not access DEFAULT_CAPACITY */"
      EMPTY_ELEMENTDATA = "/* Could not access EMPTY_ELEMENTDATA */"
      DEFAULTCAPACITY_EMPTY_ELEMENTDATA = "/* Could not access DEFAULTCAPACITY_EMPTY_ELEMENTDATA */"
      elementData = "/* Could not access elementData */"
      size = "/* Could not access size */"
      modCount = "/* Could not access modCount */"
    tagListForInjection = class java.util.ArrayList@374c40bd
      serialVersionUID = "/* Could not access serialVersionUID */"
      DEFAULT_CAPACITY = "/* Could not access DEFAULT_CAPACITY */"
      EMPTY_ELEMENTDATA = "/* Could not access EMPTY_ELEMENTDATA */"
      DEFAULTCAPACITY_EMPTY_ELEMENTDATA = "/* Could not access DEFAULTCAPACITY_EMPTY_ELEMENTDATA */"
      elementData = "/* Could not access elementData */"
      size = "/* Could not access size */"
      modCount = "/* Could not access modCount */"
    configManager = class com.ibm.ws.jsp.configuration.JspConfigurationManager@22e6816e
    tagFileLockMap = null
    jspOptions = class com.ibm.ws.jsp.JspOptions@257b2777
    container = class com.ibm.ws.adaptable.module.internal.AdaptableContainerImpl@2a276cc5
      root = class com.ibm.ws.adaptable.module.internal.AdaptableContainerImpl@2a276cc5
      rootOverlay = class com.ibm.ws.artifact.overlay.internal.DirectoryBasedOverlayContainerImpl@8655ea3
      factoryHolder = class com.ibm.ws.adaptable.module.internal.AdaptableModuleFactoryImpl@397fb5be
      delegate = class com.ibm.ws.artifact.overlay.internal.DirectoryBasedOverlayContainerImpl@8655ea3
      notifier = class com.ibm.ws.adaptable.module.internal.NotifierImpl@4c1e386
      serialVersionUID = -5950528200509051684
      $$$tc$$$ = class com.ibm.websphere.ras.TraceComponent@12731a3
    locationsCache = class java.util.HashMap@5d263997
      serialVersionUID = "/* Could not access serialVersionUID */"
      DEFAULT_INITIAL_CAPACITY = "/* Could not access DEFAULT_INITIAL_CAPACITY */"
      MAXIMUM_CAPACITY = "/* Could not access MAXIMUM_CAPACITY */"
      DEFAULT_LOAD_FACTOR = "/* Could not access DEFAULT_LOAD_FACTOR */"
      TREEIFY_THRESHOLD = "/* Could not access TREEIFY_THRESHOLD */"
      UNTREEIFY_THRESHOLD = "/* Could not access UNTREEIFY_THRESHOLD */"
      MIN_TREEIFY_CAPACITY = "/* Could not access MIN_TREEIFY_CAPACITY */"
      table = "/* Could not access table */"
      entrySet = "/* Could not access entrySet */"
      size = "/* Could not access size */"
      modCount = "/* Could not access modCount */"
      threshold = "/* Could not access threshold */"
      loadFactor = "/* Could not access loadFactor */"
      keySet = "/* Could not access keySet */"
      values = "/* Could not access values */"
    table = "/* Could not access table */"
    count = "/* Could not access count */"
    threshold = "/* Could not access threshold */"
    loadFactor = "/* Could not access loadFactor */"
    modCount = "/* Could not access modCount */"
    serialVersionUID = "/* Could not access serialVersionUID */"
    MAX_ARRAY_SIZE = "/* Could not access MAX_ARRAY_SIZE */"
    keySet = "/* Could not access keySet */"
    entrySet = "/* Could not access entrySet */"
    values = "/* Could not access values */"
    KEYS = "/* Could not access KEYS */"
    VALUES = "/* Could not access VALUES */"
    ENTRIES = "/* Could not access ENTRIES */"
  tcontext = class com.ibm.ws.jsp.webcontainerext.JSPExtensionContext@2fdc506c
    context = class com.ibm.ws.webcontainer31.osgi.webapp.WebApp31@5448a625
    dru = class com.ibm.ws.webcontainer.util.DocumentRootUtils@30173a0a
    contextURL = null
    jspResourcesFactory = class com.ibm.ws.jsp.translator.resource.JspResourcesFactoryImpl@2f5fbf44
      jspOptions = class com.ibm.ws.jsp.JspOptions@257b2777
      context = class com.ibm.ws.jsp.webcontainerext.JSPExtensionContext@2fdc506c
      container = class com.ibm.ws.adaptable.module.internal.AdaptableContainerImpl@2a276cc5
      serialVersionUID = -1457486335308478300
      $$$tc$$$ = class com.ibm.websphere.ras.TraceComponent@53b0fcab
    jspInputSourceFactory = class com.ibm.ws.jsp.inputsource.JspInputSourceFactoryImpl@6971c331
      contextURL = null
      dru = class com.ibm.ws.webcontainer.util.DocumentRootUtils@30173a0a
      searchClasspathForResources = false
      classloader = class com.ibm.ws.classloading.internal.ThreadContextClassLoader@1d77980b
      docRoot = null
      servletContext = class com.ibm.ws.webcontainer31.osgi.webapp.WebApp31@5448a625
      container = class com.ibm.ws.adaptable.module.internal.AdaptableContainerImpl@2a276cc5
      serialVersionUID = 524743645114866764
      $$$tc$$$ = class com.ibm.websphere.ras.TraceComponent@31d0e35d
    jspClassloaderContext = class com.ibm.ws.jsp.webcontainerext.JSPExtensionFactory$2@2daf5dbd
      val$loader = class com.ibm.ws.classloading.internal.ThreadContextClassLoader@1d77980b
      val$cp = ""
      this$0 = class com.ibm.ws.jsp.webcontainerext.JSPExtensionFactory@76bb6c31
      serialVersionUID = 1359303835276201769
      $$$tc$$$ = class com.ibm.websphere.ras.TraceComponent@5bd4d60d
    jspCompilerFactory = class com.ibm.ws.jsp.translator.compiler.JDTCompilerFactory@3ef153db
      loader = class com.ibm.ws.classloading.internal.ThreadContextClassLoader@1d77980b
      options = class com.ibm.ws.jsp.JspOptions@257b2777
      serialVersionUID = 8768391538543244834
      $$$tc$$$ = class com.ibm.websphere.ras.TraceComponent@2e157aa2
    logger = class com.ibm.ws.logging.internal.WsLogger@de0b58
    CLASS_NAME = "com.ibm.ws.jsp.webcontainerext.JSPExtensionContext"
    serialVersionUID = -1355088300886060655
  codeSource = class java.security.CodeSource@53e09a7f
    serialVersionUID = "/* Could not access serialVersionUID */"
    location = "/* Could not access location */"
    signers = "/* Could not access signers */"
    certs = "/* Could not access certs */"
    sp = "/* Could not access sp */"
    factory = "/* Could not access factory */"
    locationNoFragString = "/* Could not access locationNoFragString */"
  inputSource = class com.ibm.ws.jsp.inputsource.JspInputSourceContainerImpl@5b492704
    logger = class com.ibm.ws.logging.internal.WsLogger@de0b58
    CLASS_NAME = "com.ibm.ws.jsp.inputsource.JspInputSourceImpl"
    container = class com.ibm.ws.adaptable.module.internal.AdaptableContainerImpl@2a276cc5
    inputSourceEntry = class com.ibm.ws.adaptable.module.internal.AdaptableEntryImpl@3edadefe
      root = class com.ibm.ws.adaptable.module.internal.AdaptableContainerImpl@2a276cc5
      rootOverlay = class com.ibm.ws.artifact.overlay.internal.DirectoryBasedOverlayContainerImpl@8655ea3
      factoryHolder = class com.ibm.ws.adaptable.module.internal.AdaptableModuleFactoryImpl@397fb5be
      delegate = class com.ibm.ws.artifact.overlay.internal.DirectoryBasedOverlayContainerImpl$OverlayDelegatingEntry@68273695
      serialVersionUID = 165222222331875857
      $$$tc$$$ = class com.ibm.websphere.ras.TraceComponent@2b2e7a4c
    contextURL = null
    absoluteURL = null
    relativeURL = "/WEB-INF/views/services.jsp"
    urlStreamHandler = null
    lastModified = 1708654872696
    document = null
    dru = class com.ibm.ws.webcontainer.util.DocumentRootUtils@30173a0a
      logger = class com.ibm.ws.logging.internal.WsLogger@71e38f0e
      CLASS_NAME = "com.ibm.ws.webcontainer.util.DocumentRootUtils"
      useContentLength = false
      matchedFile = null
      matchedZipFile = null
      matchedEntry = null
      matchedURL = null
      edrRoot = null
      pfedrRoot = null
      ctxt = class com.ibm.ws.webcontainer31.osgi.webapp.WebApp31@5448a625
      baseDir = null
      edr = null
      pfedr = null
      metaInfRes = class com.ibm.ws.webcontainer.util.MetaInfResourcesFileUtils@4e002eb5
      searchpfEDR = false
      searchEDR = false
      searchMetaInfRes = true
      matchFromEDR = false
      matchFromMetaInfRes = false
      matchIsADirectory = false
      appConfig = null
      attributeType = null
      STATIC_FILE = "staticFile"
      JSP = "jsp"
      PFEDR = "preFragmentExtendedDocumentRoot"
      EDR = "extendedDocumentRoot"
    serialVersionUID = 5304023444082793866
  jspResources = class com.ibm.ws.jsp.translator.resource.JspResourcesContainerImpl@277efb89
    logger = class com.ibm.ws.logging.internal.WsLogger@de0b58
    CLASS_NAME = "com.ibm.ws.jsp.translator.resource.JspResourcesImpl"
    inputSource = class com.ibm.ws.jsp.inputsource.JspInputSourceContainerImpl@5b492704
    packageName = "com.ibm._jsp"
    webinfClassRelativeUrl = "/WEB-INF/classes/WEB-INF/views//_services.class"
    container = class com.ibm.ws.adaptable.module.internal.AdaptableContainerImpl@2a276cc5
    sourceFileTimestamp = 1708643151951
    serialVersionUID = 4567242470036349761
    inputSource = null
    sourceFile = null
    sourceFileTimestamp = 0
    generatedSourceFile = class java.io.File@109d570d
      FS = "/* Could not access FS */"
      path = "/* Could not access path */"
      status = "/* Could not access status */"
      prefixLength = "/* Could not access prefixLength */"
      separatorChar = \
      separator = "\"
      pathSeparatorChar = ;
      pathSeparator = ";"
      UNSAFE = "/* Could not access UNSAFE */"
      PATH_OFFSET = "/* Could not access PATH_OFFSET */"
      PREFIX_LENGTH_OFFSET = "/* Could not access PREFIX_LENGTH_OFFSET */"
      serialVersionUID = "/* Could not access serialVersionUID */"
      filePath = "/* Could not access filePath */"
      $assertionsDisabled = "/* Could not access $assertionsDisabled */"
    classFile = class java.io.File@7e575119
      FS = "/* Could not access FS */"
      path = "/* Could not access path */"
      status = "/* Could not access status */"
      prefixLength = "/* Could not access prefixLength */"
      separatorChar = \
      separator = "\"
      pathSeparatorChar = ;
      pathSeparator = ";"
      UNSAFE = "/* Could not access UNSAFE */"
      PATH_OFFSET = "/* Could not access PATH_OFFSET */"
      PREFIX_LENGTH_OFFSET = "/* Could not access PREFIX_LENGTH_OFFSET */"
      serialVersionUID = "/* Could not access serialVersionUID */"
      filePath = "/* Could not access filePath */"
      $assertionsDisabled = "/* Could not access $assertionsDisabled */"
    className = "_services"
    packageName = null
    webinfClassFile = null
    keepgenerated = false
    keepGeneratedclassfiles = true
    serialVersionUID = 6431789615241707526
    $$$tc$$$ = class com.ibm.websphere.ras.TraceComponent@4fb9a858
      strings[0] = "TraceComponent[com.ibm.ws.jsp.translator.resource.ResourcesImpl,class com.ibm.ws.jsp.translator.resource.ResourcesImpl,[],null,null]"
  dependentsList = class java.util.ArrayList@65835fc1
    serialVersionUID = "/* Could not access serialVersionUID */"
    DEFAULT_CAPACITY = "/* Could not access DEFAULT_CAPACITY */"
    EMPTY_ELEMENTDATA = "/* Could not access EMPTY_ELEMENTDATA */"
    DEFAULTCAPACITY_EMPTY_ELEMENTDATA = "/* Could not access DEFAULTCAPACITY_EMPTY_ELEMENTDATA */"
    elementData = "/* Could not access elementData */"
    size = "/* Could not access size */"
    modCount = "/* Could not access modCount */"
  versionNumber = "2.3"
  classloaderCreated = false
  lastCheck = 1708654374692
  debugClassFile = true
  recompiledJspOnRestart = null
  dispatcherRethrowSERROR = false
  warningStatusSet = false
  serialVersionUID = -5052944401461411
  context = class com.ibm.ws.webcontainer31.osgi.webapp.WebApp31@5448a625
    tc = class com.ibm.websphere.ras.TraceComponent@452c189a
      strings[0] = "TraceComponent[com.ibm.ws.webcontainer31.osgi.webapp.WebApp31,class com.ibm.ws.webcontainer31.osgi.webapp.WebApp31,[webcontainer],com.ibm.ws.webcontainer31.resources.Messages,null]"
    CLASS_NAME = "com.ibm.ws.webcontainer31.osgi.webapp.WebApp31"
    servlet31NLS = class com.ibm.ejs.ras.TraceNLS@788ade4b
      resolver = class com.ibm.ws.logging.internal.TraceNLSResolver@4d39870a
      finder = null
      ivBundleName = "com.ibm.ws.webcontainer31.resources.Messages"
      caller = class java.lang.Class@1688f0c3
    validListenerClasses = class java.lang.Class[7]
      Class[0] = class java.lang.Class@325e2bdc
      Class[1] = class java.lang.Class@6dc73af5
      Class[2] = class java.lang.Class@345772d3
      Class[3] = class java.lang.Class@4f616de6
      Class[4] = class java.lang.Class@c22bf1d
      Class[5] = class java.lang.Class@17dc7522
      Class[6] = class java.lang.Class@2687f3da
    wsocServHandler = null
    tc = class com.ibm.websphere.ras.TraceComponent@61ac34a0
      strings[0] = "TraceComponent[com.ibm.ws.webcontainer.osgi.webapp.WebApp,class com.ibm.ws.webcontainer.osgi.webapp.WebApp,[webcontainer],com.ibm.ws.webcontainer.resources.LShimMessages,null]"
    CLASS_NAME = "com.ibm.ws.webcontainer.osgi.webapp.WebApp"
    metaDataService = class com.ibm.ws.container.service.metadata.internal.MetaDataServiceImpl@4dde863e
      applicationMetaDataManager = class com.ibm.ws.container.service.metadata.internal.ApplicationMetaDataManager@6d79386e
      moduleMetaDataManager = class com.ibm.ws.container.service.metadata.internal.ModuleMetaDataManager@25172f2
      componentMetaDataManager = class com.ibm.ws.container.service.metadata.internal.ComponentMetaDataManager@25fe0f73
      methodMetaDataManager = class com.ibm.ws.container.service.metadata.internal.MethodMetaDataManager@247edd11
      appModuleNameToModuleContainer = class java.util.concurrent.ConcurrentHashMap@603bb8
      jeeNameToComponentMetaData = class java.util.concurrent.ConcurrentHashMap@92f1fa4
      deferredMetaDataFactories = class com.ibm.wsspi.kernel.service.utils.ConcurrentServiceReferenceSet@5c7f1c65
      deferredMetaDataInitializers = class com.ibm.wsspi.kernel.service.utils.ConcurrentServiceReferenceMap@ebbd4ae
      serialVersionUID = -2494605732980966097
      $$$tc$$$ = class com.ibm.websphere.ras.TraceComponent@52dfb20f
    namespacePopulated = false
    referenceContext = class com.ibm.ws.injectionengine.osgi.internal.OSGiReferenceContextImpl@74a41221
      scopeData = class com.ibm.ws.injectionengine.osgi.internal.OSGiInjectionScopeData@219258c
      serialVersionUID = 521511923892134915
      $$$tc$$$ = class com.ibm.websphere.ras.TraceComponent@41ba62cc
      CLASS_NAME = "com.ibm.ws.injectionengine.ReferenceContextImpl"
      tc = class com.ibm.websphere.ras.TraceComponent@6e60a28a
      ivInjectionEngine = class com.ibm.ws.injectionengine.osgi.internal.OSGiInjectionEngineImpl@20a30514
      ivProviders = class java.util.ArrayList@37159bcf
      ivComponentJavaContext = null
      ivComponentNameSpace = null
      ivJavaColonCompEnvMap = class java.util.LinkedHashMap@45cb9a45
      ivEjbContext10 = class java.util.Properties@7ce642a4
      ivResourceRefConfigList = null
      isAlreadyProcessed = true
      ivProcessFailure = null
      ivInjectionTargetMap = class java.util.concurrent.ConcurrentHashMap@7656fad2
      svInjTarMapCacheSize = 256
      ivDeclaredInjectionTargets = class java.util.HashMap@6d86dc34
      ivProcessedInjectionClasses = class java.util.HashSet@74867a73
      svInjClassMapCacheSize = 512
      ivProcessedInjectionBindings = class java.util.LinkedHashSet@3a3be525
      ivAnyProcessDynamic = true
      ivCheckAppConfig = false
    j2eeNameFactory = class com.ibm.ws.container.service.metadata.internal.J2EENameFactoryImpl@554a918f
      serialVersionUID = 3486344295038028821
      $$$tc$$$ = class com.ibm.websphere.ras.TraceComponent@2927121
    moduleLoader = class com.ibm.ws.classloading.internal.AppClassLoader@227ce176
      tc = class com.ibm.websphere.ras.TraceComponent@644f7091
      forbiddenClassNames = class java.util.Collections$UnmodifiableSet@66b55e3f
      FORBIDDEN_PROPERTIES = "forbidden.properties"
      NOTHING_FORBIDDEN_PROPERTY = "io.openliberty.classloading.nothing.forbidden"
      disableSharedClassesCache = false
      PARENT_FIRST_SEARCH_ORDER = class java.util.Collections$UnmodifiableRandomAccessList@5f27807
      packagesDefined = class java.util.Collections$SetFromMap@4fb62a38
      CLASS_LOADING_TRACE_PREFIX = "com.ibm.ws.class.load."
      DEFAULT_PACKAGE = "default.package"
      perPackageClassLoadingTraceComponents = class java.util.concurrent.ConcurrentHashMap@1def8179
      config = class com.ibm.ws.classloading.internal.ClassLoaderConfigurationImpl@6ba73698
      privateLibraries = null
      delegateLoaders = class com.ibm.ws.classloading.internal.util.CompositeIterable@17dd013f
      nativeLibraryFiles = class java.util.ArrayList@69440e16
      transformers = class java.util.ArrayList@8c1ae0e
      systemTransformers = class java.util.concurrent.CopyOnWriteArrayList@570c0800
      apiAccess = class com.ibm.ws.classloading.internal.GatewayClassLoader@3711f5fb
      generator = class com.ibm.ws.classloading.internal.ClassGeneratorManager@5189008
      protectionDomains = class java.util.concurrent.ConcurrentHashMap@5a804a78
      hook = null
      serialVersionUID = 5906478461061001036
      checkpointPhase = class io.openliberty.checkpoint.spi.CheckpointPhase@3a514065
      tc = class com.ibm.websphere.ras.TraceComponent@514d8b28
      smartClassPath = class com.ibm.ws.classloading.internal.ContainerClassLoader$SmartClassPathImpl@25ab6cee
      nativeLibraryContainers = class java.util.ArrayList@6cd6f2f3
      redefiner = class com.ibm.ws.classloading.internal.util.ClassRedefiner@758de131
      jarProtocol = "wsjar:"
      mapCreationQueue = class java.util.concurrent.Executors$AutoShutdownDelegatedExecutorService@45efc58d
      serialVersionUID = 251246017270836472
      parent = class com.ibm.ws.classloading.internal.GatewayClassLoader@3711f5fb
      classNameLockStore = class com.ibm.ws.kernel.boot.utils.KeyBasedLockStore@696280b9
      serialVersionUID = -3020377578845918238
      $$$tc$$$ = class com.ibm.websphere.ras.TraceComponent@3999beda
      pdcache = "/* Could not access pdcache */"
    webAppConfig = class com.ibm.ws.webcontainer.osgi.webapp.WebAppConfiguration@74af6576
    extensionProcessingDisabled = false
    managedObjectService = class com.ibm.ws.managedobject.internal.ManagedObjectServiceImpl@3b114d18
      serialVersionUID = -5207896281925798415
      $$$tc$$$ = class com.ibm.websphere.ras.TraceComponent@52454d63
    internalServletMetaData = interface com.ibm.wsspi.webcontainer.metadata.WebComponentMetaData[2]
      WebComponentMetaData[0] = null
      WebComponentMetaData[1] = null
    loginProcessor = null
    logoutProcessor = null
    collabHelper = class com.ibm.ws.webcontainer.osgi.collaborator.CollaboratorHelperImpl@3adc30c6
      webAppInvCollabs = class java.util.Collections$UnmodifiableSet@31e9c467
      securityDomainForApp = null
      logger = class com.ibm.ws.logging.internal.WsLogger@57a81ccb
      staticDefaultSecurityCollaborator = class com.ibm.ws.webcontainer.collaborator.WebAppSecurityCollaborator@13625585
      staticDefaultWebAppTransactionCollaborator = class com.ibm.ws.webcontainer.collaborator.WebAppTransactionCollaborator@2de4fe34
      logger = class com.ibm.ws.logging.internal.WsLogger@a21daa3
      CLASS_NAME = "com.ibm.wsspi.webcontainer.collaborator.CollaboratorHelper"
      webApp = class com.ibm.ws.webcontainer31.osgi.webapp.WebApp31@5448a625
      securityCollaborator = class com.ibm.ws.webcontainer.collaborator.WebAppSecurityCollaborator@13625585
      nameSpaceCollaborator = class com.ibm.ws.webcontainer.osgi.collaborator.WebAppNameSpaceCollaboratorImpl@36f83bdb
      transactionCollaborator = class com.ibm.ws.webcontainer.collaborator.WebAppTransactionCollaborator@2de4fe34
      connectionCollaborator = class com.ibm.ws.webcontainer.collaborator.ConnectionHandleCollaborator@35f80996
      allCollabEnum = class java.util.RegularEnumSet@63c916c5
      servlet_23_or_greater = true
      DEFER_SERVLET_REQUEST_LISTENER_DESTROY_ON_ERROR = false
    envObject = class com.ibm.ws.util.WSThreadLocal@26339bc2
      tc = class com.ibm.ejs.ras.TraceComponent@510150c3
      count = 9
      index = 3
      SUSPECTED_MISUSAGE_THRESHOLD = 200
      TRACE_VTHREAD_LOCALS = "/* Could not access TRACE_VTHREAD_LOCALS */"
      threadLocalHashCode = "/* Could not access threadLocalHashCode */"
      nextHashCode = "/* Could not access nextHashCode */"
      HASH_INCREMENT = "/* Could not access HASH_INCREMENT */"
      $assertionsDisabled = "/* Could not access $assertionsDisabled */"
    orderedLibPaths = class java.util.Collections$UnmodifiableRandomAccessList@565a5c8b
      serialVersionUID = "/* Could not access serialVersionUID */"
      serialVersionUID = "/* Could not access serialVersionUID */"
      list = "/* Could not access list */"
      serialVersionUID = "/* Could not access serialVersionUID */"
      c = "/* Could not access c */"
    perm = class com.ibm.websphere.security.WebSphereRuntimePermission@7105af7f
      serialVersionUID = -3306242789188168337
      $$$tc$$$ = class com.ibm.websphere.ras.TraceComponent@54b4f1b9
      serialVersionUID = "/* Could not access serialVersionUID */"
      wildcard = "/* Could not access wildcard */"
      path = "/* Could not access path */"
      exitVM = "/* Could not access exitVM */"
      serialVersionUID = "/* Could not access serialVersionUID */"
      name = "/* Could not access name */"
    WELCOME_FILE_LIST = "com.ibm.ws.webcontainer.config.WelcomeFileList"
    DIR_BROWSING_MAPPING = "__dirBrowsing__1708632929276"
    FILTER_PROXY_MAPPING = "/__filterProxy__1708632929276"
    logger = class com.ibm.ws.logging.internal.WsLogger@1415f192
      ivCachedResourceBundleName = "com.ibm.ws.webcontainer.resources.Messages"
      ivCachedResourceBundle = class com.ibm.ws.webcontainer.resources.Messages_fr@4f056cad
      ivComponent = null
      ivOrganization = null
      ivProduct = null
      ivMinimumLocalizationLevelIntValue = 625
      ivTC = class com.ibm.websphere.ras.TraceComponent@302dbe77
      loggerRegistrationComponent = class java.lang.ThreadLocal@7a57bfa2
      emptyHandlers = "/* Could not access emptyHandlers */"
      offValue = "/* Could not access offValue */"
      SYSTEM_LOGGER_RB_NAME = "/* Could not access SYSTEM_LOGGER_RB_NAME */"
      SYSTEM_BUNDLE = "/* Could not access SYSTEM_BUNDLE */"
      NO_RESOURCE_BUNDLE = "/* Could not access NO_RESOURCE_BUNDLE */"
      config = "/* Could not access config */"
      manager = "/* Could not access manager */"
      name = "/* Could not access name */"
      loggerBundle = "/* Could not access loggerBundle */"
      anonymous = "/* Could not access anonymous */"
      catalogRef = "/* Could not access catalogRef */"
      catalogName = "/* Could not access catalogName */"
      catalogLocale = "/* Could not access catalogLocale */"
      treeLock = "/* Could not access treeLock */"
      parent = "/* Could not access parent */"
      kids = "/* Could not access kids */"
      callerModuleRef = "/* Could not access callerModuleRef */"
      isSystemLogger = "/* Could not access isSystemLogger */"
      GLOBAL_LOGGER_NAME = "global"
      global = class java.util.logging.Logger@5555266a
    CLASS_NAME = "com.ibm.ws.webcontainer.webapp.WebApp"
    loader = class com.ibm.ws.classloading.internal.ThreadContextClassLoader@1d77980b
      tc = class com.ibm.websphere.ras.TraceComponent@4eca1fb7
      bundle = class java.util.concurrent.atomic.AtomicReference@3dee5e8d
      key = "WebModule:web01#web01.war"
      refCount = class java.util.concurrent.atomic.AtomicInteger@238b8e5f
      appLoader = class com.ibm.ws.classloading.internal.AppClassLoader@227ce176
      clSvc = class com.ibm.ws.classloading.internal.ClassLoadingServiceImpl@5a1a3fdc
      serialVersionUID = 7417331337980111787
      tc = class com.ibm.websphere.ras.TraceComponent@4c2fd51a
      followOnClassLoaders = class java.util.ArrayList@7bbc1045
      serialVersionUID = 4255658571728280816
      parent = class com.ibm.ws.classloading.internal.GatewayClassLoader@38d2e4e4
      classNameLockStore = class com.ibm.ws.kernel.boot.utils.KeyBasedLockStore@8638ee4
      serialVersionUID = -3020377578845918238
      $$$tc$$$ = class com.ibm.websphere.ras.TraceComponent@3999beda
      pdcache = "/* Could not access pdcache */"
    facade = class com.ibm.ws.webcontainer31.facade.ServletContextFacade31@595107e3
    features = class java.util.ArrayList@3019b966
      serialVersionUID = "/* Could not access serialVersionUID */"
      DEFAULT_CAPACITY = "/* Could not access DEFAULT_CAPACITY */"
      EMPTY_ELEMENTDATA = "/* Could not access EMPTY_ELEMENTDATA */"
      DEFAULTCAPACITY_EMPTY_ELEMENTDATA = "/* Could not access DEFAULTCAPACITY_EMPTY_ELEMENTDATA */"
      elementData = "/* Could not access elementData */"
      size = "/* Could not access size */"
      modCount = "/* Could not access modCount */"
    applicationName = "web01"
    config = class com.ibm.ws.webcontainer.osgi.webapp.WebAppConfiguration@74af6576
    securityEnabledForApp = false
    webExtensionProcessor = class com.ibm.ws.webcontainer.osgi.extension.WebExtensionProcessor@6b98f5a3
      webApp = class com.ibm.ws.webcontainer31.osgi.webapp.WebApp31@5448a625
      extensionContext = class com.ibm.ws.webcontainer31.osgi.webapp.WebApp31@5448a625
    production = true
    isServlet23 = true
    contextPath = "/web01"
    internalServletList = class [Ljava.lang.String;[2]
      String[][0] = class java.lang.String[2]
      String[][1] = class java.lang.String[2]
    BY_NAME_ONLY = "/_1708651413332_/"
    filterManager = class com.ibm.ws.webcontainer.osgi.filter.WebAppFilterManagerImpl@3e9d2e57
      _filterWrappers = class java.util.concurrent.ConcurrentHashMap@607c5013
      chainCache = class com.ibm.ws.webcontainer.filter.WebAppFilterManager$ChainCache@5420d54
      forwardChainCache = class com.ibm.ws.webcontainer.filter.WebAppFilterManager$ChainCache@6dc5f693
      includeChainCache = class com.ibm.ws.webcontainer.filter.WebAppFilterManager$ChainCache@2eaef1b5
      errorChainCache = class com.ibm.ws.webcontainer.filter.WebAppFilterManager$ChainCache@2c50c0bb
      chainCacheMRUThreshold = 10
      _filtersDefined = false
      FMI_MAPPING_SINGLE_SLASH = 0
      FMI_MAPPING_PATH_MATCH = 1
      FMI_MAPPING_EXTENSION_MATCH = 2
      FMI_MAPPING_EXACT_MATCH = 3
      logger = class com.ibm.ws.logging.internal.WsLogger@2b2d079c
      CLASS_NAME = "com.ibm.ws.webcontainer.filter.WebAppFilterManager"
      nls = class com.ibm.ejs.ras.TraceNLS@2f801996
      webAppConfig = class com.ibm.ws.webcontainer.osgi.webapp.WebAppConfiguration@74af6576
      webApp = class com.ibm.ws.webcontainer31.osgi.webapp.WebApp31@5448a625
      collabHelper = class com.ibm.ws.webcontainer.osgi.collaborator.CollaboratorHelperImpl@3adc30c6
      secCollab = class com.ibm.ws.webcontainer.collaborator.WebAppSecurityCollaborator@13625585
      sessionSecurityIntegrationEnabled = true
      assumeFilterSuccessOnSecurityError = false
      useOriginalRequestState = false
      _evtSource = class com.ibm.ws.webcontainer.webapp.WebAppEventSource@6faba243
      defaultComponentMetaData = class com.ibm.ws.webcontainer.osgi.metadata.WebComponentMetaDataImpl@39ed40c8
      DEFER_SERVLET_REQUEST_LISTENER_DESTROY_ON_ERROR = false
    documentRoot = null
    SERVLET_API_VERSION = "Servlet 2.5"
    disableServletAuditLogging = -1
    serverInfo = "IBM WebSphere Liberty/24.0.0.1"
    sessionCtx = class com.ibm.ws.webcontainer31.session.impl.HttpSessionContext31Impl@4332626b
      methodClassName = "HttpSessionContextImpl"
      _smc = class com.ibm.ws.session.SessionManagerConfig@11097191
      sessionStoreService = null
      _sap = class com.ibm.ws.session.SessionApplicationParameters@787b9c15
      _coreHttpSessionManager = class com.ibm.ws.session.SessionManager@3cc1e0ad
      _coreHttpAppSessionManager = null
      _sam = class com.ibm.ws.webcontainer.session.impl.SessionAffinityManagerImpl@3232c553
      isSIPApplication = false
      sessionAttributeListener = false
      sessionListener = false
      mHttpSessionAttributeListeners = class java.util.ArrayList@686daf7d
      mHttpSessionListeners = class java.util.ArrayList@4c520d51
      mHttpSessionIdListeners = class java.util.ArrayList@7fa558fe
      mHttpSessionAttributeListenersJ2eeNames = class java.util.ArrayList@5b990204
      mHttpSessionListenersJ2eeNames = class java.util.ArrayList@5e8a484d
      mHttpSessionIdListenersJ2eeNames = class java.util.ArrayList@2eeee48
      mLocalHost = null
      _refCount = 1
      currentThreadSacHashtable = null
      methodClassName = "SessionContext"
      ANONYMOUS_USER = "anonymous"
      wasHttpSessionObserver = class com.ibm.ws.session.WasHttpSessionObserver@57593443
      wasHttpSessionAttributeObserver = null
      _invalidator = class com.ibm.ws.session.SessionInvalidatorWithThreadPool@44c3958e
      _storer = class com.ibm.ws.session.EOSSessionStorer@4887757b
      wasHttpAppSessionObserver = null
      mHttpAppSessionListeners = null
      cmvcInfo = "CMVC Version 1.9 6/24/07 11:12:24"
      _loggedVersion = true
      CREATE_CORE_SESSION_MANAGER = 0
      GET_REQUESTED_SESSION_ID = 1
      GET_IHTTP_SESSION = 2
      SESSION_PRE_INVOKE = 3
      SESSION_POST_INVOKE = 4
      STOP = 5
      STOP_LISTENERS = 6
      IS_VALID = 7
      ENCODE_URL = 8
      SHOULD_ENCODE_URL = 9
      IS_PROTOCOL_SWITCH = 10
      GET_LOCAL_HOST = 11
      ADD_HTTP_SESSION_ATTRIBUTE_LISTENER = 12
      ADD_HTTP_SESSION_LISTENER = 13
      GET_SESSION_AFFINITY_CONTEXT = 14
      CHECK_SECURITY = 15
      INVALIDATE = 16
      CHECK_SESSSIONID_IS_RIGHT_LENGTH = 17
      LOCK_SESSION = 18
      UNLOCK_SESSION = 19
      ADD_HTTP_SESSION_ID_LISTENER = 20
      methodNames = class java.lang.String[21]
    eventSource = class com.ibm.ws.webcontainer.webapp.WebAppEventSource@6faba243
      _invocationListeners = class com.ibm.ws.webcontainer.util.EventListeners@318c8505
      _servletListeners = class com.ibm.ws.webcontainer.util.EventListeners@16b860b8
      _errorListeners = class com.ibm.ws.webcontainer.util.EventListeners@4393a8b9
      _applicationListeners = class com.ibm.ws.webcontainer.util.EventListeners@48c5be9e
      _filterInvocationListeners = class com.ibm.ws.webcontainer.util.EventListeners@1db4be2e
      _filterListeners = class com.ibm.ws.webcontainer.util.EventListeners@48dcb080
      _filterErrorListeners = class com.ibm.ws.webcontainer.util.EventListeners@16540f42
    nls = class com.ibm.ejs.ras.TraceNLS@1c2d16f0
      resolver = class com.ibm.ws.logging.internal.TraceNLSResolver@4d39870a
      finder = null
      ivBundleName = "com.ibm.ws.webcontainer.resources.Messages"
      caller = class java.lang.Class@7b0b8594
    liberty_nls = class com.ibm.ejs.ras.TraceNLS@199fcd1f
      resolver = class com.ibm.ws.logging.internal.TraceNLSResolver@4d39870a
      finder = null
      ivBundleName = "com.ibm.ws.webcontainer.resources.LShimMessages"
      caller = class java.lang.Class@7b0b8594
    error_nls = class com.ibm.ejs.ras.TraceNLS@7d314677
      resolver = class com.ibm.ws.logging.internal.TraceNLSResolver@4d39870a
      finder = null
      ivBundleName = "com.ibm.ws.webcontainer.resources.ErrorPage"
      caller = class java.lang.Class@7b0b8594
    sessionListeners = class java.util.ArrayList@12e6a553
      serialVersionUID = "/* Could not access serialVersionUID */"
      DEFAULT_CAPACITY = "/* Could not access DEFAULT_CAPACITY */"
      EMPTY_ELEMENTDATA = "/* Could not access EMPTY_ELEMENTDATA */"
      DEFAULTCAPACITY_EMPTY_ELEMENTDATA = "/* Could not access DEFAULTCAPACITY_EMPTY_ELEMENTDATA */"
      elementData = "/* Could not access elementData */"
      size = "/* Could not access size */"
      modCount = "/* Could not access modCount */"
    sessionIdListeners = class java.util.ArrayList@455ecece
      serialVersionUID = "/* Could not access serialVersionUID */"
      DEFAULT_CAPACITY = "/* Could not access DEFAULT_CAPACITY */"
      EMPTY_ELEMENTDATA = "/* Could not access EMPTY_ELEMENTDATA */"
      DEFAULTCAPACITY_EMPTY_ELEMENTDATA = "/* Could not access DEFAULTCAPACITY_EMPTY_ELEMENTDATA */"
      elementData = "/* Could not access elementData */"
      size = "/* Could not access size */"
      modCount = "/* Could not access modCount */"
    sessionAttrListeners = class java.util.ArrayList@152fcd34
      serialVersionUID = "/* Could not access serialVersionUID */"
      DEFAULT_CAPACITY = "/* Could not access DEFAULT_CAPACITY */"
      EMPTY_ELEMENTDATA = "/* Could not access EMPTY_ELEMENTDATA */"
      DEFAULTCAPACITY_EMPTY_ELEMENTDATA = "/* Could not access DEFAULTCAPACITY_EMPTY_ELEMENTDATA */"
      elementData = "/* Could not access elementData */"
      size = "/* Could not access size */"
      modCount = "/* Could not access modCount */"
    addedSessionListeners = class java.util.ArrayList@27a4dc68
      serialVersionUID = "/* Could not access serialVersionUID */"
      DEFAULT_CAPACITY = "/* Could not access DEFAULT_CAPACITY */"
      EMPTY_ELEMENTDATA = "/* Could not access EMPTY_ELEMENTDATA */"
      DEFAULTCAPACITY_EMPTY_ELEMENTDATA = "/* Could not access DEFAULTCAPACITY_EMPTY_ELEMENTDATA */"
      elementData = "/* Could not access elementData */"
      size = "/* Could not access size */"
      modCount = "/* Could not access modCount */"
    addedSessionAttrListeners = class java.util.ArrayList@cf39f2
      serialVersionUID = "/* Could not access serialVersionUID */"
      DEFAULT_CAPACITY = "/* Could not access DEFAULT_CAPACITY */"
      EMPTY_ELEMENTDATA = "/* Could not access EMPTY_ELEMENTDATA */"
      DEFAULTCAPACITY_EMPTY_ELEMENTDATA = "/* Could not access DEFAULTCAPACITY_EMPTY_ELEMENTDATA */"
      elementData = "/* Could not access elementData */"
      size = "/* Could not access size */"
      modCount = "/* Could not access modCount */"
    servletContextListeners = class java.util.ArrayList@33d4af9b
      serialVersionUID = "/* Could not access serialVersionUID */"
      DEFAULT_CAPACITY = "/* Could not access DEFAULT_CAPACITY */"
      EMPTY_ELEMENTDATA = "/* Could not access EMPTY_ELEMENTDATA */"
      DEFAULTCAPACITY_EMPTY_ELEMENTDATA = "/* Could not access DEFAULTCAPACITY_EMPTY_ELEMENTDATA */"
      elementData = "/* Could not access elementData */"
      size = "/* Could not access size */"
      modCount = "/* Could not access modCount */"
    servletContextLAttrListeners = class java.util.ArrayList@587982b8
      serialVersionUID = "/* Could not access serialVersionUID */"
      DEFAULT_CAPACITY = "/* Could not access DEFAULT_CAPACITY */"
      EMPTY_ELEMENTDATA = "/* Could not access EMPTY_ELEMENTDATA */"
      DEFAULTCAPACITY_EMPTY_ELEMENTDATA = "/* Could not access DEFAULTCAPACITY_EMPTY_ELEMENTDATA */"
      elementData = "/* Could not access elementData */"
      size = "/* Could not access size */"
      modCount = "/* Could not access modCount */"
    servletRequestListeners = class java.util.ArrayList@59bf4243
      serialVersionUID = "/* Could not access serialVersionUID */"
      DEFAULT_CAPACITY = "/* Could not access DEFAULT_CAPACITY */"
      EMPTY_ELEMENTDATA = "/* Could not access EMPTY_ELEMENTDATA */"
      DEFAULTCAPACITY_EMPTY_ELEMENTDATA = "/* Could not access DEFAULTCAPACITY_EMPTY_ELEMENTDATA */"
      elementData = "/* Could not access elementData */"
      size = "/* Could not access size */"
      modCount = "/* Could not access modCount */"
    servletRequestLAttrListeners = class java.util.ArrayList@20c6e02f
      serialVersionUID = "/* Could not access serialVersionUID */"
      DEFAULT_CAPACITY = "/* Could not access DEFAULT_CAPACITY */"
      EMPTY_ELEMENTDATA = "/* Could not access EMPTY_ELEMENTDATA */"
      DEFAULTCAPACITY_EMPTY_ELEMENTDATA = "/* Could not access DEFAULTCAPACITY_EMPTY_ELEMENTDATA */"
      elementData = "/* Could not access elementData */"
      size = "/* Could not access size */"
      modCount = "/* Could not access modCount */"
    prependSlashToResource = false
    destroyed = false
    webAppNameSpaceCollab = class com.ibm.ws.webcontainer.osgi.collaborator.WebAppNameSpaceCollaboratorImpl@36f83bdb
      cmdai = class com.ibm.ws.threadContext.ComponentMetaDataAccessorImpl@67f4f1ca
    txCollab = class com.ibm.ws.webcontainer.collaborator.WebAppTransactionCollaborator@2de4fe34
      logger = class com.ibm.ws.logging.internal.WsLogger@57a81ccb
      CLASS_NAME = "com.ibm.ws.webcontainer.collaborator.WebAppTransactionCollaborator"
    sessionActivationListeners = class java.util.ArrayList@228003fe
      serialVersionUID = "/* Could not access serialVersionUID */"
      DEFAULT_CAPACITY = "/* Could not access DEFAULT_CAPACITY */"
      EMPTY_ELEMENTDATA = "/* Could not access EMPTY_ELEMENTDATA */"
      DEFAULTCAPACITY_EMPTY_ELEMENTDATA = "/* Could not access DEFAULTCAPACITY_EMPTY_ELEMENTDATA */"
      elementData = "/* Could not access elementData */"
      size = "/* Could not access size */"
      modCount = "/* Could not access modCount */"
    sessionBindingListeners = class java.util.ArrayList@18ee0b7
      serialVersionUID = "/* Could not access serialVersionUID */"
      DEFAULT_CAPACITY = "/* Could not access DEFAULT_CAPACITY */"
      EMPTY_ELEMENTDATA = "/* Could not access EMPTY_ELEMENTDATA */"
      DEFAULTCAPACITY_EMPTY_ELEMENTDATA = "/* Could not access DEFAULTCAPACITY_EMPTY_ELEMENTDATA */"
      elementData = "/* Could not access elementData */"
      size = "/* Could not access size */"
      modCount = "/* Could not access modCount */"
    scratchdir = null
    jspClassLoaderLimit = 0
    jspClassLoaderExclusionList = null
    jspClassLoadersMap = null
    jspClassLoaderLimitTrackIF = false
    defaultExtProc = null
    directoryBrowsingServlet = null
    cdiContexts = class java.util.concurrent.ConcurrentHashMap@165ebf31
      serialVersionUID = "/* Could not access serialVersionUID */"
      MAXIMUM_CAPACITY = "/* Could not access MAXIMUM_CAPACITY */"
      DEFAULT_CAPACITY = "/* Could not access DEFAULT_CAPACITY */"
      MAX_ARRAY_SIZE = "/* Could not access MAX_ARRAY_SIZE */"
      DEFAULT_CONCURRENCY_LEVEL = "/* Could not access DEFAULT_CONCURRENCY_LEVEL */"
      LOAD_FACTOR = "/* Could not access LOAD_FACTOR */"
      TREEIFY_THRESHOLD = "/* Could not access TREEIFY_THRESHOLD */"
      UNTREEIFY_THRESHOLD = "/* Could not access UNTREEIFY_THRESHOLD */"
      MIN_TREEIFY_CAPACITY = "/* Could not access MIN_TREEIFY_CAPACITY */"
      MIN_TRANSFER_STRIDE = "/* Could not access MIN_TRANSFER_STRIDE */"
      RESIZE_STAMP_BITS = "/* Could not access RESIZE_STAMP_BITS */"
      MAX_RESIZERS = "/* Could not access MAX_RESIZERS */"
      RESIZE_STAMP_SHIFT = "/* Could not access RESIZE_STAMP_SHIFT */"
      MOVED = "/* Could not access MOVED */"
      TREEBIN = "/* Could not access TREEBIN */"
      RESERVED = "/* Could not access RESERVED */"
      HASH_BITS = "/* Could not access HASH_BITS */"
      NCPU = "/* Could not access NCPU */"
      serialPersistentFields = "/* Could not access serialPersistentFields */"
      table = "/* Could not access table */"
      nextTable = "/* Could not access nextTable */"
      baseCount = "/* Could not access baseCount */"
      sizeCtl = "/* Could not access sizeCtl */"
      transferIndex = "/* Could not access transferIndex */"
      cellsBusy = "/* Could not access cellsBusy */"
      counterCells = "/* Could not access counterCells */"
      keySet = "/* Could not access keySet */"
      values = "/* Could not access values */"
      entrySet = "/* Could not access entrySet */"
      U = "/* Could not access U */"
      SIZECTL = "/* Could not access SIZECTL */"
      TRANSFERINDEX = "/* Could not access TRANSFERINDEX */"
      BASECOUNT = "/* Could not access BASECOUNT */"
      CELLSBUSY = "/* Could not access CELLSBUSY */"
      CELLVALUE = "/* Could not access CELLVALUE */"
      ABASE = "/* Could not access ABASE */"
      ASHIFT = "/* Could not access ASHIFT */"
      keySet = "/* Could not access keySet */"
      values = "/* Could not access values */"
    moduleConfig = class com.ibm.ws.webcontainer.osgi.container.DeployedModule@610f78c2
      tc = class com.ibm.websphere.ras.TraceComponent@151c3853
      loader = class com.ibm.ws.classloading.internal.ThreadContextClassLoader@1d77980b
      webApp = class com.ibm.ws.webcontainer31.osgi.webapp.WebApp31@5448a625
      webAppConfig = class com.ibm.ws.webcontainer.osgi.webapp.WebAppConfiguration@74af6576
      contextRootAdded = class com.ibm.ws.threading.internal.NonCancelableResultFuture@7b5e4808
      properContextRoot = "/web01"
      mappingContextRoot = "/web01/*"
      initTaskCount = class java.util.concurrent.atomic.AtomicInteger@22243d8f
      initTasksDoneListener = class com.ibm.ws.webcontainer.osgi.WebContainer$2@8db7468
      serialVersionUID = -2104814060051592457
      $$$tc$$$ = class com.ibm.websphere.ras.TraceComponent@78d662b6
    extensionFactories = class java.util.ArrayList@1b7f05cb
      serialVersionUID = "/* Could not access serialVersionUID */"
      DEFAULT_CAPACITY = "/* Could not access DEFAULT_CAPACITY */"
      EMPTY_ELEMENTDATA = "/* Could not access EMPTY_ELEMENTDATA */"
      DEFAULTCAPACITY_EMPTY_ELEMENTDATA = "/* Could not access DEFAULTCAPACITY_EMPTY_ELEMENTDATA */"
      elementData = "/* Could not access elementData */"
      size = "/* Could not access size */"
      modCount = "/* Could not access modCount */"
    initialized = true
    lock = class com.ibm.ws.webcontainer.webapp.WebApp$1@433218ee
      this$0 = class com.ibm.ws.webcontainer31.osgi.webapp.WebApp31@5448a625
    afterServletContextCreated = false
    redirectContextRoot = false
    errorExceptionTypeFirst = false
    initFilterBeforeServletInit = false
    SET_400_SC_ON_TOO_MANY_PARENT_DIRS = false
    sortedServletConfigs = class java.util.ArrayList@35cfd367
      serialVersionUID = "/* Could not access serialVersionUID */"
      DEFAULT_CAPACITY = "/* Could not access DEFAULT_CAPACITY */"
      EMPTY_ELEMENTDATA = "/* Could not access EMPTY_ELEMENTDATA */"
      DEFAULTCAPACITY_EMPTY_ELEMENTDATA = "/* Could not access DEFAULTCAPACITY_EMPTY_ELEMENTDATA */"
      elementData = "/* Could not access elementData */"
      size = "/* Could not access size */"
      modCount = "/* Could not access modCount */"
    effectiveMajorVersion = 3
    effectiveMinorVersion = 1
    canAddServletContextListener = true
    withinContextInitOfProgAddListener = false
    lastProgAddListenerInitialized = "com.ibm.ws.jsp.runtime.ContextListener"
    webInfLibClassloader = null
    metaInfCache = class com.ibm.ws.webcontainer.webapp.WebApp$2@568b55d8
      this$0 = class com.ibm.ws.webcontainer31.osgi.webapp.WebApp31@5448a625
      serialVersionUID = "/* Could not access serialVersionUID */"
      head = "/* Could not access head */"
      tail = "/* Could not access tail */"
      accessOrder = "/* Could not access accessOrder */"
      PUT_NORM = "/* Could not access PUT_NORM */"
      PUT_FIRST = "/* Could not access PUT_FIRST */"
      PUT_LAST = "/* Could not access PUT_LAST */"
      putMode = "/* Could not access putMode */"
      serialVersionUID = "/* Could not access serialVersionUID */"
      DEFAULT_INITIAL_CAPACITY = "/* Could not access DEFAULT_INITIAL_CAPACITY */"
      MAXIMUM_CAPACITY = "/* Could not access MAXIMUM_CAPACITY */"
      DEFAULT_LOAD_FACTOR = "/* Could not access DEFAULT_LOAD_FACTOR */"
      TREEIFY_THRESHOLD = "/* Could not access TREEIFY_THRESHOLD */"
      UNTREEIFY_THRESHOLD = "/* Could not access UNTREEIFY_THRESHOLD */"
      MIN_TREEIFY_CAPACITY = "/* Could not access MIN_TREEIFY_CAPACITY */"
      table = "/* Could not access table */"
      entrySet = "/* Could not access entrySet */"
      size = "/* Could not access size */"
      modCount = "/* Could not access modCount */"
      threshold = "/* Could not access threshold */"
      loadFactor = "/* Could not access loadFactor */"
      keySet = "/* Could not access keySet */"
      values = "/* Could not access values */"
    hasSlashStarMapping = false
    useMetaInfCache = true
    SUN_CONFIGURE_LISTENER_CLASSNAME = "com.sun.faces.config.ConfigureListener"
    MYFACES_LIFECYCLE_LISTENER_CLASSNAME = "org.apache.myfaces.webapp.StartupServletContextListener"
    JSF_IMPL_ENABLED_PARAM = "com.ibm.ws.jsf.JSF_IMPL_ENABLED"
    JSF_IMPL_ENABLED_CUSTOM = "Custom"
    JSF_IMPL_ENABLED_NONE = "None"
    staticDocRoot = class com.ibm.ws.webcontainer.util.DocumentRootUtils@4c58fea3
      logger = class com.ibm.ws.logging.internal.WsLogger@71e38f0e
      CLASS_NAME = "com.ibm.ws.webcontainer.util.DocumentRootUtils"
      useContentLength = false
      matchedFile = null
      matchedZipFile = null
      matchedEntry = null
      matchedURL = null
      edrRoot = null
      pfedrRoot = null
      ctxt = class com.ibm.ws.webcontainer31.osgi.webapp.WebApp31@5448a625
      baseDir = null
      edr = null
      pfedr = null
      metaInfRes = null
      searchpfEDR = false
      searchEDR = false
      searchMetaInfRes = true
      matchFromEDR = false
      matchFromMetaInfRes = false
      matchIsADirectory = false
      appConfig = class com.ibm.ws.webcontainer.osgi.webapp.WebAppConfiguration@74af6576
      attributeType = "staticFile"
      STATIC_FILE = "staticFile"
      JSP = "jsp"
      PFEDR = "preFragmentExtendedDocumentRoot"
      EDR = "extendedDocumentRoot"
    jspDocRoot = class com.ibm.ws.webcontainer.util.DocumentRootUtils@1ffe6aae
      logger = class com.ibm.ws.logging.internal.WsLogger@71e38f0e
      CLASS_NAME = "com.ibm.ws.webcontainer.util.DocumentRootUtils"
      useContentLength = false
      matchedFile = null
      matchedZipFile = null
      matchedEntry = null
      matchedURL = null
      edrRoot = null
      pfedrRoot = null
      ctxt = class com.ibm.ws.webcontainer31.osgi.webapp.WebApp31@5448a625
      baseDir = null
      edr = null
      pfedr = null
      metaInfRes = null
      searchpfEDR = false
      searchEDR = false
      searchMetaInfRes = true
      matchFromEDR = false
      matchFromMetaInfRes = false
      matchIsADirectory = false
      appConfig = class com.ibm.ws.webcontainer.osgi.webapp.WebAppConfiguration@74af6576
      attributeType = "jsp"
      STATIC_FILE = "staticFile"
      JSP = "jsp"
      PFEDR = "preFragmentExtendedDocumentRoot"
      EDR = "extendedDocumentRoot"
    container = class com.ibm.ws.adaptable.module.internal.AdaptableContainerImpl@2a276cc5
    metaInfResourceFinder = class com.ibm.ws.webcontainer.util.MetaInfResourceFinder@5461d6dd
      jarResourceContainers = class java.util.ArrayList@2a36c66
      container = class com.ibm.ws.adaptable.module.internal.AdaptableContainerImpl@2a276cc5
    postConstructMethods = class com.ibm.ws.webcontainer.webapp.WebApp$AnnotatedMethods@58487c1c
      annotationClass = class java.lang.Class@d2b2fd4
      noOpClassNames = class java.util.HashSet@4ad3ca93
      annotatedMethodNames = class java.util.concurrent.ConcurrentHashMap@7699adf5
      EMPTY_METHODS = class java.lang.reflect.Method[0]
    preDestroyMethods = class com.ibm.ws.webcontainer.webapp.WebApp$AnnotatedMethods@536e2c50
      annotationClass = class java.lang.Class@d5b7927
      noOpClassNames = class java.util.HashSet@695b0da3
      annotatedMethodNames = class java.util.concurrent.ConcurrentHashMap@166e2613
      EMPTY_METHODS = class java.lang.reflect.Method[0]
    OBJ_EMPTY = class java.lang.Object[0]
    CLASS_EMPTY = class java.lang.Class[0]
    checkpointPhase = class io.openliberty.checkpoint.spi.CheckpointPhase@3a514065
      AFTER_APP_START = class io.openliberty.checkpoint.spi.CheckpointPhase@7b0c158d
      BEFORE_APP_START = class io.openliberty.checkpoint.spi.CheckpointPhase@36f98763
      INACTIVE = class io.openliberty.checkpoint.spi.CheckpointPhase@3a514065
      CHECKPOINT_PROPERTY = "io.openliberty.checkpoint"
      CHECKPOINT_ACTIVE_FILTER = "(!(io.openliberty.checkpoint=INACTIVE))"
      CHECKPOINT_RESTORED_PROPERTY = "io.openliberty.checkpoint.restored"
      CONDITION_PROCESS_RUNNING_ID = "io.openliberty.process.running"
      restored = true
      noMoreAddHooks = true
      singleThreadedHooks = class java.util.ArrayList@3ff5d444
      multiThreadedHooks = class java.util.ArrayList@7649e8da
      THE_PHASE = class io.openliberty.checkpoint.spi.CheckpointPhase@3a514065
      DEBUG = false
      $VALUES = class io.openliberty.checkpoint.spi.CheckpointPhase[3]
      name = "/* Could not access name */"
      ordinal = "/* Could not access ordinal */"
      hash = "/* Could not access hash */"
    DEFAULT_JSP_EXTENSIONS = class java.util.ArrayList@2345fda5
      serialVersionUID = "/* Could not access serialVersionUID */"
      DEFAULT_CAPACITY = "/* Could not access DEFAULT_CAPACITY */"
      EMPTY_ELEMENTDATA = "/* Could not access EMPTY_ELEMENTDATA */"
      DEFAULTCAPACITY_EMPTY_ELEMENTDATA = "/* Could not access DEFAULTCAPACITY_EMPTY_ELEMENTDATA */"
      elementData = "/* Could not access elementData */"
      size = "/* Could not access size */"
      modCount = "/* Could not access modCount */"
    DEFER_SERVLET_REQUEST_LISTENER_DESTROY_ON_ERROR = false
    DO_ACCEPT_PARTIAL = true
    DO_NOT_ACCEPT_PARTIAL = false
    DO_ACCEPT_EXCLUDED = true
    DO_NOT_ACCEPT_EXCLUDED = false
    commands = class java.util.ArrayList@3f299789
      serialVersionUID = "/* Could not access serialVersionUID */"
      DEFAULT_CAPACITY = "/* Could not access DEFAULT_CAPACITY */"
      EMPTY_ELEMENTDATA = "/* Could not access EMPTY_ELEMENTDATA */"
      DEFAULTCAPACITY_EMPTY_ELEMENTDATA = "/* Could not access DEFAULTCAPACITY_EMPTY_ELEMENTDATA */"
      elementData = "/* Could not access elementData */"
      size = "/* Could not access size */"
      modCount = "/* Could not access modCount */"
    requestMapper = class com.ibm.wsspi.webcontainer.util.URIMapper@6524698f
      matcher = class com.ibm.wsspi.webcontainer.util.URIMatcher@7b7a08da
    parent = class com.ibm.ws.webcontainer.osgi.webapp.WebGroup@7e1751ab
      tc = class com.ibm.websphere.ras.TraceComponent@276c5bbb
      logger = class com.ibm.ws.logging.internal.WsLogger@1415f192
      CLASS_NAME = "com.ibm.ws.webcontainer.webapp.WebGroup"
      sessUrlRewritePrefix = ";jsessionid="
      qMark = "?"
      config = class com.ibm.ws.webcontainer.osgi.webapp.WebGroupConfiguration@29b48830
      webApp = class com.ibm.ws.webcontainer31.osgi.webapp.WebApp31@5448a625
      commands = class java.util.ArrayList@3905481f
      requestMapper = null
      parent = class com.ibm.ws.webcontainer.osgi.DynamicVirtualHost@59fb1887
      name = "/web01/*"
      isAlive = true
      subElements = class java.util.HashMap@7b68ffd4
      attributes = null
      config = null
      serialVersionUID = -8271459000149267764
      $$$tc$$$ = class com.ibm.websphere.ras.TraceComponent@10b055dd
    name = "web01"
    isAlive = true
    subElements = null
    attributes = class java.util.concurrent.ConcurrentHashMap@5c39ee95
      serialVersionUID = "/* Could not access serialVersionUID */"
      MAXIMUM_CAPACITY = "/* Could not access MAXIMUM_CAPACITY */"
      DEFAULT_CAPACITY = "/* Could not access DEFAULT_CAPACITY */"
      MAX_ARRAY_SIZE = "/* Could not access MAX_ARRAY_SIZE */"
      DEFAULT_CONCURRENCY_LEVEL = "/* Could not access DEFAULT_CONCURRENCY_LEVEL */"
      LOAD_FACTOR = "/* Could not access LOAD_FACTOR */"
      TREEIFY_THRESHOLD = "/* Could not access TREEIFY_THRESHOLD */"
      UNTREEIFY_THRESHOLD = "/* Could not access UNTREEIFY_THRESHOLD */"
      MIN_TREEIFY_CAPACITY = "/* Could not access MIN_TREEIFY_CAPACITY */"
      MIN_TRANSFER_STRIDE = "/* Could not access MIN_TRANSFER_STRIDE */"
      RESIZE_STAMP_BITS = "/* Could not access RESIZE_STAMP_BITS */"
      MAX_RESIZERS = "/* Could not access MAX_RESIZERS */"
      RESIZE_STAMP_SHIFT = "/* Could not access RESIZE_STAMP_SHIFT */"
      MOVED = "/* Could not access MOVED */"
      TREEBIN = "/* Could not access TREEBIN */"
      RESERVED = "/* Could not access RESERVED */"
      HASH_BITS = "/* Could not access HASH_BITS */"
      NCPU = "/* Could not access NCPU */"
      serialPersistentFields = "/* Could not access serialPersistentFields */"
      table = "/* Could not access table */"
      nextTable = "/* Could not access nextTable */"
      baseCount = "/* Could not access baseCount */"
      sizeCtl = "/* Could not access sizeCtl */"
      transferIndex = "/* Could not access transferIndex */"
      cellsBusy = "/* Could not access cellsBusy */"
      counterCells = "/* Could not access counterCells */"
      keySet = "/* Could not access keySet */"
      values = "/* Could not access values */"
      entrySet = "/* Could not access entrySet */"
      U = "/* Could not access U */"
      SIZECTL = "/* Could not access SIZECTL */"
      TRANSFERINDEX = "/* Could not access TRANSFERINDEX */"
      BASECOUNT = "/* Could not access BASECOUNT */"
      CELLSBUSY = "/* Could not access CELLSBUSY */"
      CELLVALUE = "/* Could not access CELLVALUE */"
      ABASE = "/* Could not access ABASE */"
      ASHIFT = "/* Could not access ASHIFT */"
      keySet = "/* Could not access keySet */"
      values = "/* Could not access values */"
    config = null
    serialVersionUID = -8271459000149267764
    $$$tc$$$ = class com.ibm.websphere.ras.TraceComponent@10b055dd
      strings[0] = "TraceComponent[com.ibm.ws.container.AbstractContainer,class com.ibm.ws.container.AbstractContainer,[],null,null]"
  servletConfig = class com.ibm.ws.webcontainer.servlet.ServletConfig@24f07dd2
    logger = class com.ibm.ws.logging.internal.WsLogger@33aabc0
      ivCachedResourceBundleName = "com.ibm.ws.webcontainer.resources.Messages"
      ivCachedResourceBundle = class com.ibm.ws.webcontainer.resources.Messages_fr@4f056cad
      ivComponent = null
      ivOrganization = null
      ivProduct = null
      ivMinimumLocalizationLevelIntValue = 625
      ivTC = class com.ibm.websphere.ras.TraceComponent@22eaea3b
      loggerRegistrationComponent = class java.lang.ThreadLocal@7a57bfa2
      emptyHandlers = "/* Could not access emptyHandlers */"
      offValue = "/* Could not access offValue */"
      SYSTEM_LOGGER_RB_NAME = "/* Could not access SYSTEM_LOGGER_RB_NAME */"
      SYSTEM_BUNDLE = "/* Could not access SYSTEM_BUNDLE */"
      NO_RESOURCE_BUNDLE = "/* Could not access NO_RESOURCE_BUNDLE */"
      config = "/* Could not access config */"
      manager = "/* Could not access manager */"
      name = "/* Could not access name */"
      loggerBundle = "/* Could not access loggerBundle */"
      anonymous = "/* Could not access anonymous */"
      catalogRef = "/* Could not access catalogRef */"
      catalogName = "/* Could not access catalogName */"
      catalogLocale = "/* Could not access catalogLocale */"
      treeLock = "/* Could not access treeLock */"
      parent = "/* Could not access parent */"
      kids = "/* Could not access kids */"
      callerModuleRef = "/* Could not access callerModuleRef */"
      isSystemLogger = "/* Could not access isSystemLogger */"
      GLOBAL_LOGGER_NAME = "global"
      global = class java.util.logging.Logger@5555266a
    CLASS_NAME = "com.ibm.ws.webcontainer.servlet.ServletConfig"
    nls = class com.ibm.ejs.ras.TraceNLS@34de1f6d
      resolver = class com.ibm.ws.logging.internal.TraceNLSResolver@4d39870a
      finder = null
      ivBundleName = "com.ibm.ws.webcontainer.resources.Messages"
      caller = class java.lang.Class@55d3734
    liberty_nls = class com.ibm.ejs.ras.TraceNLS@6b648000
      resolver = class com.ibm.ws.logging.internal.TraceNLSResolver@4d39870a
      finder = null
      ivBundleName = "com.ibm.ws.webcontainer.resources.LShimMessages"
      caller = class java.lang.Class@55d3734
    enabled = true
    servletName = "/WEB-INF/views/services.jsp"
    className = "com.ibm._jsp._services"
    mappings = null
    startUpWeight = null
    DEFAULT_STARTUP = -1
    isCachingEnabled = true
    isStatisticsEnabled = true
    isInternal = false
    metaData = class com.ibm.ws.webcontainer.osgi.metadata.WebComponentMetaDataImpl@66e108b7
      j2eeName = class com.ibm.ws.container.service.metadata.internal.J2EENameImpl@767af20a
      webModuleMetaData = class com.ibm.ws.webcontainer.osgi.metadata.WebModuleMetaDataImpl@7e175d3a
      mBeanServiceReg = null
      tc = class com.ibm.websphere.ras.TraceComponent@77d16bb6
      NUM_STATIC_SLOTS = 4
      ID_UNINITIALIZED = -1
      id = 11
      metaDataInterface = class java.lang.Class@171cf2a2
      staticSlots = class java.lang.Object[4]
      dynamicSlots = null
    singleThreadModelServlet = false
    isJsp = false
    webAppConfig = class com.ibm.ws.webcontainer.osgi.webapp.WebAppConfiguration@74af6576
      webModuleMetaData = class com.ibm.ws.webcontainer.osgi.metadata.WebModuleMetaDataImpl@7e175d3a
      webComponentMetaData = class com.ibm.ws.webcontainer.osgi.metadata.WebComponentMetaDataImpl@39ed40c8
      dVirtualHost = class com.ibm.ws.webcontainer.osgi.DynamicVirtualHost@59fb1887
      orderedLibPaths = class java.util.Collections$UnmodifiableRandomAccessList@565a5c8b
      bundleHeaders = null
      cdiEnabled = false
      CLASS_NAME = "com.ibm.ws.webcontainer.webapp.WebAppConfiguration"
      logger = class com.ibm.ws.logging.internal.WsLogger@1415f192
      tc = class com.ibm.websphere.ras.TraceComponent@65946a05
      nls = class com.ibm.ejs.ras.TraceNLS@10994c07
      version = 31
      contextRoot = "/web01"
      isDefaultContextRootUsed = false
      sessionTimeout = 0
      moduleSessionTimeoutSet = false
      moduleSessionTrackingModeSet = false
      sessionCookieConfig = class com.ibm.ws.session.SessionCookieConfigImpl@5be38ebb
      hasProgrammaticCookieConfig = false
      sessionDefaultTrackingModeSet = class java.util.RegularEnumSet@527493c7
      sessionManagerConfig = class com.ibm.ws.session.SessionManagerConfig@11097191
      displayName = "Hello Servlet"
      description = null
      reloadInterval = 0
      distributable = false
      denyUncoveredHttpMethods = false
      reloadingEnabled = false
      serveServletsByClassnameEnabled = false
      defaultErrorPage = null
      additionalClassPath = null
      fileServingEnabled = null
      directoryBrowsingEnabled = false
      autoRequestEncoding = false
      autoResponseEncoding = false
      autoLoadFilters = false
      requestListeners = null
      requestAttributeListeners = null
      sessionListeners = null
      localeMap = null
      moduleName = "web01"
      j2eeModuleName = "web01.war"
      moduleId = null
      isSyncToThreadEnabled = false
      encodeDispatchedRequestURI = false
      isSystemApp = false
      ardEnabled = false
      ardDispatchType = null
      listeners = class java.util.ArrayList@51bf0443
      welcomeFileList = class java.util.ArrayList@2945228
      servletMappings = class java.util.HashMap@45458297
      lastIndexBeforeDeclaredFilters = 0
      filterMappings = class java.util.ArrayList@33d9db53
      servletInfo = class java.util.concurrent.ConcurrentHashMap@1a6d4c77
      filterInfo = class java.util.HashMap@3a484800
      mimeMappings = class java.util.HashMap@53f034e4
      mimeFilters = null
      isMimeFilteringEnabled = false
      theWebGroup = null
      jspAttributes = class java.util.HashMap@2e8e7e8a
      fileServingAttributes = class java.util.HashMap@5e7081d8
      invokerAttributes = class java.util.HashMap@2680da5e
      contextParams = class java.util.HashMap@74059d7e
      virtualHost = "default_host"
      exceptionErrorPages = class java.util.HashMap@2922d75a
      codeErrorPages = class java.util.HashMap@7306fde7
      tagLibList = null
      precompileJsps = false
      webApp = class com.ibm.ws.webcontainer31.osgi.webapp.WebApp31@5448a625
      virtualHostList = class java.util.Collections$EmptyList@73d27e62
      appStartupWeight = 0
      moduleStartupWeight = 0
      metaDataComplete = false
      classesToScan = class java.util.ArrayList@53749bf3
      uriFilterMappingInfos = null
      servletFilterMappingInfos = null
      dynamicServletRegistrationMap = null
      applicationName = "web01"
      libBinPathList = class java.util.ArrayList@b42028e
      webXmlDefinedListeners = class java.util.HashSet@34659cbb
      allRefs = class java.util.EnumMap@7048a615
      allRefBindings = class java.util.EnumMap@79400ec
      envEntryValues = class java.util.HashMap@1cd924e2
      resourceRefConfigList = null
      disallowAllFileServingProp = "false"
      disallowServeServletsByClassnameProp = "true"
      disableStaticMappingCache = false
      jspCachedLocations = class java.util.HashMap@5d263997
      primedSTSHeader = "NoValue"
      enablemultireadofpostdata = false
      requestEncoding = null
      responseEncoding = null
      NULLSERVLETNAME = "com.ibm.ws.webcontainer.NullServletName"
      skipEncodedCharVerification = false
      _id = "WebAppGeneratedId315"
      _attributes = null
      serialVersionUID = 7511545662945734886
      $$$tc$$$ = class com.ibm.websphere.ras.TraceComponent@49376f6
    servletWrapper = null
    servletClass = null
    servlet = null
    addedToLoadOnStartup = false
    previousWeight = null
    multipartConfig = null
    multipartConfigBaseLocation = null
    runAsRole = null
    servletSecurityElement = null
    declareRolesAnnotation = null
    logger = class com.ibm.ws.logging.internal.WsLogger@33aabc0
    CLASS_NAME = "com.ibm.ws.webcontainer.servlet.TargetConfig"
    initParams = class java.util.HashMap@19e32efd
      serialVersionUID = "/* Could not access serialVersionUID */"
      DEFAULT_INITIAL_CAPACITY = "/* Could not access DEFAULT_INITIAL_CAPACITY */"
      MAXIMUM_CAPACITY = "/* Could not access MAXIMUM_CAPACITY */"
      DEFAULT_LOAD_FACTOR = "/* Could not access DEFAULT_LOAD_FACTOR */"
      TREEIFY_THRESHOLD = "/* Could not access TREEIFY_THRESHOLD */"
      UNTREEIFY_THRESHOLD = "/* Could not access UNTREEIFY_THRESHOLD */"
      MIN_TREEIFY_CAPACITY = "/* Could not access MIN_TREEIFY_CAPACITY */"
      table = "/* Could not access table */"
      entrySet = "/* Could not access entrySet */"
      size = "/* Could not access size */"
      modCount = "/* Could not access modCount */"
      threshold = "/* Could not access threshold */"
      loadFactor = "/* Could not access loadFactor */"
      keySet = "/* Could not access keySet */"
      values = "/* Could not access values */"
    fileName = "/WEB-INF/views/services.jsp"
    displayName = "/WEB-INF/views/services.jsp"
    name = "/WEB-INF/views/services.jsp"
    description = null
    smallIcon = null
    largeIcon = null
    context = class com.ibm.ws.webcontainer31.facade.ServletContextFacade31@595107e3
      context = class com.ibm.ws.webcontainer31.osgi.webapp.WebApp31@5448a625
    className = null
    asyncSupported = false
    _id = "/WEB-INF/views/services.jsp"
    _attributes = null
    serialVersionUID = 7511545662945734886
    $$$tc$$$ = class com.ibm.websphere.ras.TraceComponent@49376f6
      strings[0] = "TraceComponent[com.ibm.ws.container.BaseConfiguration,class com.ibm.ws.container.BaseConfiguration,[],null,null]"
  wrapper = class com.ibm.ws.webcontainer.osgi.servlet.ServletWrapper@36131f4f
    serialVersionUID = 1
    _mo = class com.ibm.ws.managedobject.internal.ManagedObjectImpl@7ec31ce8
      object = "<sensitive com.ibm._jsp._services@6c591812>"
      serialVersionUID = 316670419635262281
      $$$tc$$$ = class com.ibm.websphere.ras.TraceComponent@21b43af4
    serialVersionUID = -4479626085298397598
    notifyInvocationListeners = false
    UNINITIALIZED_STATE = -1
    AVAILABLE_STATE = 0
    UNAVAILABLE_STATE = 1
    UNAVAILABLE_PERMANENTLY_STATE = 2
    collabHelper = class com.ibm.ws.webcontainer.osgi.collaborator.CollaboratorHelperImpl@3adc30c6
    nServicing = class java.util.concurrent.atomic.AtomicInteger@160600e0
      serialVersionUID = "/* Could not access serialVersionUID */"
      U = "/* Could not access U */"
      VALUE = "/* Could not access VALUE */"
      value = "/* Could not access value */"
      serialVersionUID = "/* Could not access serialVersionUID */"
    lastAccessTime = 1708654374668
    state = 0
    logger = class com.ibm.ws.logging.internal.WsLogger@33aabc0
    CLASS_NAME = "com.ibm.ws.webcontainer.servlet.ServletWrapper"
    nls = class com.ibm.ejs.ras.TraceNLS@2db6f97b
      resolver = class com.ibm.ws.logging.internal.TraceNLSResolver@4d39870a
      finder = null
      ivBundleName = "com.ibm.ws.webcontainer.resources.Messages"
      caller = class java.lang.Class@376fd6a2
    servletConfig = class com.ibm.ws.webcontainer.servlet.ServletConfig@24f07dd2
    context = class com.ibm.ws.webcontainer31.osgi.webapp.WebApp31@5448a625
    target = class com.ibm._jsp._services@6c591812
      _jspxFactory = class org.apache.jasper.runtime.JspFactoryImpl@496e3b9c
      _jspx_dependants = class java.lang.String[0]
      _jspx_iaHelper = class com.ibm.wsspi.webcontainer.annotation.AnnotationHelper@137a834
      _jspx_classVersion = "2.3"
      _jspx_isDebugClassFile = true
      _jspx_isJspInited = true
      _jsp_string1 = {

<!DOCTYPE html>
<html lang="en">
<head>
    <meta charset="UTF-8">
    <meta name="viewport" content="width=device-width, initial-scale=1.0">
    <title>Document</title>
</head>
<body>
    } /* array length = 201 */
      _jsp_string2 = {
     <h1>welcome to services </h1>
     <h1><a href="/web01/logout">logout</a></h1>
</body>
</html>} /* array length = 104 */
      _el_expressionfactory = class org.apache.el.ExpressionFactoryImpl@345168d7
      _jspx_fnmap = class org.apache.jasper.runtime.ProtectedFunctionMapper@4c1a3a0b
      logger = class com.ibm.ws.logging.internal.WsLogger@de0b58
      CLASS_NAME = "com.ibm.ws.jsp.runtime.HttpJspBase"
      MAX_POOLSIZE = 10
      SHARE_POLICY = 1
      _threadLocal = class com.ibm.ws.util.WSThreadLocal@4ec659f3
      _tagAnnotationHandler = class com.ibm.ws.jsp.taglib.annotation.DefaultAnnotationHandler@2dea3f83
      serialVersionUID = -2534247944545007438
      METHOD_DELETE = "DELETE"
      METHOD_HEAD = "HEAD"
      METHOD_GET = "GET"
      METHOD_OPTIONS = "OPTIONS"
      METHOD_POST = "POST"
      METHOD_PUT = "PUT"
      METHOD_TRACE = "TRACE"
      HEADER_IFMODSINCE = "If-Modified-Since"
      HEADER_LASTMOD = "Last-Modified"
      LSTRING_FILE = "javax.servlet.http.LocalStrings"
      lStrings = class java.util.PropertyResourceBundle@4d57185a
      LSTRING_FILE = "javax.servlet.LocalStrings"
      lStrings = class java.util.PropertyResourceBundle@62b4d9ed
      config = class com.ibm.ws.webcontainer.servlet.ServletConfig@24f07dd2
    cacheWrappers = null
    targetLoader = class com.ibm.ws.jsp.webcontainerext.JSPExtensionClassLoader@1080fbed
      tc = class com.ibm.websphere.ras.TraceComponent@4c78b739
      permissionCollection = class java.security.Permissions@688215c5
      codeSource = class java.security.CodeSource@53e09a7f
      className = "_services"
      parent = class com.ibm.ws.classloading.internal.ThreadContextClassLoader@1d77980b
      jspClassloaderContext = class com.ibm.ws.jsp.webcontainerext.JSPExtensionFactory$2@2daf5dbd
      defaultPD = class java.security.ProtectionDomain@75d5b0bc
      pdCache = class java.util.HashMap@549ee6ae
      serialVersionUID = -3249019243033237704
      ucp = "/* Could not access ucp */"
      acc = "/* Could not access acc */"
      closeables = "/* Could not access closeables */"
      pdcache = "/* Could not access pdcache */"
    evtSource = class com.ibm.ws.webcontainer.webapp.WebAppEventSource@6faba243
    event = class com.ibm.websphere.servlet.event.ServletEvent@28c25319
      serialVersionUID = 3906650803920713522
      _servletName = "/WEB-INF/views/services.jsp"
      _servletClassName = "com.ibm._jsp._services"
      $$$tc$$$ = class com.ibm.websphere.ras.TraceComponent@7bff3160
      serialVersionUID = 3546927969739289392
      _context = class com.ibm.ws.webcontainer31.facade.ServletContextFacade31@595107e3
      _servletNames = class com.ibm.ws.webcontainer.util.EmptyEnumeration@258f5923
      $$$tc$$$ = class com.ibm.websphere.ras.TraceComponent@7d377d9a
      serialVersionUID = "/* Could not access serialVersionUID */"
      source = "/* Could not access source */"
    unavailableMessage = null
    unavailableUntil = -1
    isSTM = false
    internalServlet = false
    webAppInvocationCollaborators = null
    platformHelper = class com.ibm.ws.webcontainer.PlatformHelper@48e53b98
    webAppNameSpaceCollab = class com.ibm.ws.webcontainer.osgi.collaborator.WebAppNameSpaceCollaboratorImpl@36f83bdb
    txCollab = class com.ibm.ws.webcontainer.collaborator.WebAppTransactionCollaborator@2de4fe34
    connCollab = class com.ibm.ws.webcontainer.collaborator.ConnectionHandleCollaborator@35f80996
      tc = class com.ibm.websphere.ras.TraceComponent@1136ba3b
      threadContext = class com.ibm.ws.threadContext.ThreadContextImpl@74101033
    suppressServletExceptionLogging = false
    throwExceptionEnum = class java.util.RegularEnumSet@dc451f7
      serialVersionUID = "/* Could not access serialVersionUID */"
      elements = "/* Could not access elements */"
      serialVersionUID = "/* Could not access serialVersionUID */"
      elementType = "/* Could not access elementType */"
      universe = "/* Could not access universe */"
    discernUnavailableServlet = false
    reInitServletonInitUnavailableException = true
    destroyServletonServiceUnavailableException = false
    servlet23 = true
    PARAMS_HEAD_TRACE = class java.lang.Class[2]
      Class[0] = class java.lang.Class@2ea26c86
      Class[1] = class java.lang.Class@242afb1
    defaultHeadMethodInUse = false
    defaultTraceMethodInUse = false
    checkedForDefaultMethods = null
    defaultTraceRequestBehavior = false
    defaultHeadRequestBehavior = false
    useOriginalRequestState = false
    warningStatusSet = false
    LSTRING_FILE = "javax.servlet.LocalStrings"
    lStrings = class java.util.PropertyResourceBundle@62b4d9ed
      encoding = "/* Could not access encoding */"
      lookup = "/* Could not access lookup */"
      INITIAL_CACHE_SIZE = "/* Could not access INITIAL_CACHE_SIZE */"
      NONEXISTENT_BUNDLE = "/* Could not access NONEXISTENT_BUNDLE */"
      cacheList = "/* Could not access cacheList */"
      referenceQueue = "/* Could not access referenceQueue */"
      parent = "/* Could not access parent */"
      locale = "/* Could not access locale */"
      name = "/* Could not access name */"
      expired = "/* Could not access expired */"
      cacheKey = "/* Could not access cacheKey */"
      keySet = "/* Could not access keySet */"
      UNKNOWN_FORMAT = "/* Could not access UNKNOWN_FORMAT */"
      TRACE_ON = "/* Could not access TRACE_ON */"
      $assertionsDisabled = "/* Could not access $assertionsDisabled */"
    config = null

