------Start of DE processing------ = [22/02/2024 21:38:09:920 WEST]
Exception = com.ibm.wsspi.adaptable.module.UnableToAdaptException
Source = com.ibm.ws.webcontainer.osgi.WebContainer
probeid = createModuleMetaData
Stack Dump = com.ibm.wsspi.adaptable.module.UnableToAdaptException: SRVE9016E: Impossible d'insérer un mappage  [login] pour le servlet nommé [estm.dsic.jee.servlets.LogoutServlet]. Le masque d'URL est déjà défini pour le servlet nommé [estm.dsic.jee.servlets.loginServlet].
	at com.ibm.ws.webcontainer.osgi.container.config.WebAppConfiguratorHelper.configureWebServletAnnotation(WebAppConfiguratorHelper.java:2888)
	at com.ibm.ws.webcontainer.osgi.container.config.WebAppConfiguratorHelper.configureServletAnnotation(WebAppConfiguratorHelper.java:2655)
	at com.ibm.ws.webcontainer.osgi.container.config.WebAppConfiguratorHelper.configureFromAnnotations(WebAppConfiguratorHelper.java:903)
	at com.ibm.ws.webcontainer.osgi.container.config.WebAppConfigurator.configure(WebAppConfigurator.java:463)
	at com.ibm.ws.webcontainer.osgi.container.config.WebAppConfigurationAdapter.adapt(WebAppConfigurationAdapter.java:121)
	at com.ibm.ws.webcontainer.osgi.container.config.WebAppConfigurationAdapter.adapt(WebAppConfigurationAdapter.java:45)
	at com.ibm.ws.adaptable.module.internal.AdapterFactoryServiceImpl.adapt(AdapterFactoryServiceImpl.java:202)
	at com.ibm.ws.adaptable.module.internal.AdaptableContainerImpl.adapt(AdaptableContainerImpl.java:176)
	at com.ibm.ws.webcontainer.osgi.WebContainer.createModuleMetaData(WebContainer.java:872)
	at com.ibm.ws.app.manager.module.internal.ModuleHandlerBase.createModuleMetaData(ModuleHandlerBase.java:65)
	at com.ibm.ws.app.manager.module.internal.SimpleDeployedAppInfoBase$ModuleContainerInfoBase.createModuleMetaData(SimpleDeployedAppInfoBase.java:191)
	at com.ibm.ws.app.manager.module.internal.SimpleDeployedAppInfoBase.preDeployApp(SimpleDeployedAppInfoBase.java:534)
	at com.ibm.ws.app.manager.module.internal.SimpleDeployedAppInfoBase.installApp(SimpleDeployedAppInfoBase.java:510)
	at com.ibm.ws.app.manager.module.internal.DeployedAppInfoBase.deployApp(DeployedAppInfoBase.java:351)
	at com.ibm.ws.app.manager.war.internal.WARApplicationHandlerImpl.install(WARApplicationHandlerImpl.java:67)
	at com.ibm.ws.app.manager.internal.statemachine.StartAction.execute(StartAction.java:184)
	at com.ibm.ws.app.manager.internal.statemachine.ApplicationStateMachineImpl.enterState(ApplicationStateMachineImpl.java:1369)
	at com.ibm.ws.app.manager.internal.statemachine.ApplicationStateMachineImpl.performAction(ApplicationStateMachineImpl.java:1233)
	at com.ibm.ws.app.manager.internal.statemachine.ApplicationStateMachineImpl.run(ApplicationStateMachineImpl.java:920)
	at com.ibm.ws.threading.internal.ExecutorServiceImpl$RunnableWrapper.run(ExecutorServiceImpl.java:280)
	at java.base/java.util.concurrent.ThreadPoolExecutor.runWorker(ThreadPoolExecutor.java:1144)
	at java.base/java.util.concurrent.ThreadPoolExecutor$Worker.run(ThreadPoolExecutor.java:642)
	at java.base/java.lang.Thread.run(Thread.java:1583)

Dump of callerThis
Object type = [Ljava.lang.Object;
  Object[0] = class com.ibm.ws.app.manager.module.internal.WebModuleInfoImpl@1d9540d2
    contextRoot = "/web01"
    isDefaultContextRootUsed = true
    defaultContextRoot = "web01"
    serialVersionUID = -6699247856069243844
    $$$tc$$$ = class com.ibm.websphere.ras.TraceComponent@24bd1f67
      strings[0] = "TraceComponent[com.ibm.ws.app.manager.module.internal.WebModuleInfoImpl,class com.ibm.ws.app.manager.module.internal.WebModuleInfoImpl,[applications, app.manager],null,null]"
    tc = class com.ibm.websphere.ras.TraceComponent@2e1643c5
      strings[0] = "TraceComponent[com.ibm.ws.app.manager.module.internal.ExtendedModuleInfoImpl,class com.ibm.ws.app.manager.module.internal.ExtendedModuleInfoImpl,[app.manager],com.ibm.ws.app.manager.module.internal.resources.Messages,null]"
    appInfo = class com.ibm.ws.container.service.app.deploy.internal.ApplicationInfoImpl@7b1b4dd6
      appName = "web01"
      appMetaData = class com.ibm.ws.container.service.app.deploy.internal.ApplicationMetaDataImpl@370edff2
      appContainer = class com.ibm.ws.adaptable.module.internal.AdaptableContainerImpl@44e27401
      configHelper = class com.ibm.ws.app.manager.module.ApplicationNestedConfigHelper@ec6176b
      applicationInformation = class com.ibm.ws.app.manager.internal.ApplicationInstallInfo@4aceb2d7
      serialVersionUID = 5227817860647895780
      $$$tc$$$ = class com.ibm.websphere.ras.TraceComponent@6e0c7b92
    moduleName = "web01"
    path = "web01.war"
    moduleContainer = class com.ibm.ws.adaptable.module.internal.AdaptableContainerImpl@44e27401
      root = class com.ibm.ws.adaptable.module.internal.AdaptableContainerImpl@44e27401
      rootOverlay = class com.ibm.ws.artifact.overlay.internal.DirectoryBasedOverlayContainerImpl@bdf314
      factoryHolder = class com.ibm.ws.adaptable.module.internal.AdaptableModuleFactoryImpl@397fb5be
      delegate = class com.ibm.ws.artifact.overlay.internal.DirectoryBasedOverlayContainerImpl@bdf314
      notifier = class com.ibm.ws.adaptable.module.internal.NotifierImpl@647c0ba7
      serialVersionUID = -5950528200509051684
      $$$tc$$$ = class com.ibm.websphere.ras.TraceComponent@12731a3
    altDDEntry = null
    moduleClassesContainers = class java.util.ArrayList@15158ca2
      serialVersionUID = "/* Could not access serialVersionUID */"
      DEFAULT_CAPACITY = "/* Could not access DEFAULT_CAPACITY */"
      EMPTY_ELEMENTDATA = "/* Could not access EMPTY_ELEMENTDATA */"
      DEFAULTCAPACITY_EMPTY_ELEMENTDATA = "/* Could not access DEFAULTCAPACITY_EMPTY_ELEMENTDATA */"
      elementData = "/* Could not access elementData */"
      size = "/* Could not access size */"
      modCount = "/* Could not access modCount */"
    classLoaderFactory = class com.ibm.ws.app.manager.war.internal.WARDeployedAppInfo@34f0b78b
      CONTEXT_ROOT = "context-root"
      webContainerModuleInfo = class com.ibm.ws.app.manager.module.internal.SimpleDeployedAppInfoBase$WebModuleContainerInfo@61ed2230
      DYNAMIC_IMPORT_PACKAGE_LIST = class java.util.Collections$UnmodifiableRandomAccessList@26002b00
      serialVersionUID = 6176035338244935179
      $$$tc$$$ = class com.ibm.websphere.ras.TraceComponent@5edaf178
      _tc = class com.ibm.websphere.ras.TraceComponent@2255651e
      PERMISSION_XML = "permissions.xml"
      applicationInformation = class com.ibm.ws.app.manager.internal.ApplicationInstallInfo@4aceb2d7
      location = "C:\Users\lenovo\Desktop\LP S5 S6\S6\JEE\projects\jeeprojects\web01\target\liberty\wlp\usr\servers\web01Server\apps\web01.war.xml"
      classLoadingService = class com.ibm.ws.classloading.internal.ClassLoadingServiceImpl@5a1a3fdc
      globalSharedLibrary = class com.ibm.ws.library.internal.SharedLibraryImpl@158d8add
      sharedLibDeploymentInfo = class com.ibm.ws.app.manager.module.internal.DeployedAppInfoBase$SharedLibDeploymentInfo@1d79d6fe
      configAdmin = class com.ibm.ws.config.admin.internal.ConfigurationAdminImpl@3a06a67a
      libraryConfigHelper = class com.ibm.ws.classloading.ClassLoaderConfigHelper@31699a39
      isDelegateLast = false
      permissionManager = class com.ibm.ws.classloading.java2sec.PermissionManager@48cb35ab
      permissionsConfig = null
      serialVersionUID = 1131686356392279747
      appInfo = class com.ibm.ws.container.service.app.deploy.internal.ApplicationInfoImpl@7b1b4dd6
      appInfoRegistration = null
      modulesDeployed = class java.util.ArrayList@14ec841c
      starting = false
      started = false
      deployedAppServices = class com.ibm.ws.app.manager.module.internal.DeployedAppServicesImpl@69a96cea
      futureMonitor = class com.ibm.ws.threading.internal.FutureMonitorImpl@5875c5c1
      appInfoFactory = class com.ibm.ws.container.service.app.deploy.internal.ApplicationInfoFactoryImpl@785e7a19
      metaDataService = class com.ibm.ws.container.service.metadata.internal.MetaDataServiceImpl@4dde863e
      stateChangeService = class com.ibm.ws.container.service.state.internal.StateChangeServiceImpl@550614ec
      moduleClassesInfo = class com.ibm.ws.app.manager.module.internal.SimpleDeployedAppInfoBase$ModuleClassesInfoProvider@25baa634
      moduleContainerInfos = class java.util.ArrayList@7d64055
      activeModuleHandlers = class java.util.IdentityHashMap@cd37c04
      serialVersionUID = -2685719801501752993
      $$$tc$$$ = class com.ibm.websphere.ras.TraceComponent@2b5e84f6
    containerInfoType = class com.ibm.ws.container.service.app.deploy.ContainerInfo$Type@4068a5fe
      MANIFEST_CLASSPATH = class com.ibm.ws.container.service.app.deploy.ContainerInfo$Type@618bf701
      WEB_INF_CLASSES = class com.ibm.ws.container.service.app.deploy.ContainerInfo$Type@48f6979f
      WEB_INF_LIB = class com.ibm.ws.container.service.app.deploy.ContainerInfo$Type@576431fd
      EAR_LIB = class com.ibm.ws.container.service.app.deploy.ContainerInfo$Type@6e18c10c
      WEB_MODULE = class com.ibm.ws.container.service.app.deploy.ContainerInfo$Type@4068a5fe
      EJB_MODULE = class com.ibm.ws.container.service.app.deploy.ContainerInfo$Type@50950031
      CLIENT_MODULE = class com.ibm.ws.container.service.app.deploy.ContainerInfo$Type@2c233fd3
      RAR_MODULE = class com.ibm.ws.container.service.app.deploy.ContainerInfo$Type@5a3e0873
      JAR_MODULE = class com.ibm.ws.container.service.app.deploy.ContainerInfo$Type@7286a299
      SHARED_LIB = class com.ibm.ws.container.service.app.deploy.ContainerInfo$Type@a6ab070
      $VALUES = class com.ibm.ws.container.service.app.deploy.ContainerInfo$Type[10]
      name = "/* Could not access name */"
      ordinal = "/* Could not access ordinal */"
      hash = "/* Could not access hash */"
    classLoader = class com.ibm.ws.classloading.internal.AppClassLoader@5c5ce771
      tc = class com.ibm.websphere.ras.TraceComponent@644f7091
      forbiddenClassNames = class java.util.Collections$UnmodifiableSet@66b55e3f
      FORBIDDEN_PROPERTIES = "forbidden.properties"
      NOTHING_FORBIDDEN_PROPERTY = "io.openliberty.classloading.nothing.forbidden"
      disableSharedClassesCache = false
      PARENT_FIRST_SEARCH_ORDER = class java.util.Collections$UnmodifiableRandomAccessList@5f27807
      packagesDefined = class java.util.Collections$SetFromMap@38e5fb6b
      CLASS_LOADING_TRACE_PREFIX = "com.ibm.ws.class.load."
      DEFAULT_PACKAGE = "default.package"
      perPackageClassLoadingTraceComponents = class java.util.concurrent.ConcurrentHashMap@110fa5e2
      config = class com.ibm.ws.classloading.internal.ClassLoaderConfigurationImpl@5d87455a
      privateLibraries = null
      delegateLoaders = class com.ibm.ws.classloading.internal.util.CompositeIterable@4ba32cad
      nativeLibraryFiles = class java.util.ArrayList@5c0aa811
      transformers = class java.util.ArrayList@304636c7
      systemTransformers = class java.util.concurrent.CopyOnWriteArrayList@570c0800
      apiAccess = class com.ibm.ws.classloading.internal.GatewayClassLoader@21c40f4e
      generator = class com.ibm.ws.classloading.internal.ClassGeneratorManager@5189008
      protectionDomains = class java.util.concurrent.ConcurrentHashMap@c5bfa9a
      hook = null
      serialVersionUID = 5906478461061001036
      checkpointPhase = class io.openliberty.checkpoint.spi.CheckpointPhase@3a514065
      tc = class com.ibm.websphere.ras.TraceComponent@514d8b28
      smartClassPath = class com.ibm.ws.classloading.internal.ContainerClassLoader$SmartClassPathImpl@7b081ff7
      nativeLibraryContainers = class java.util.ArrayList@2854b526
      redefiner = class com.ibm.ws.classloading.internal.util.ClassRedefiner@758de131
      jarProtocol = "wsjar:"
      mapCreationQueue = class java.util.concurrent.Executors$AutoShutdownDelegatedExecutorService@45efc58d
      serialVersionUID = 251246017270836472
      parent = class com.ibm.ws.classloading.internal.GatewayClassLoader@21c40f4e
      classNameLockStore = class com.ibm.ws.kernel.boot.utils.KeyBasedLockStore@7e238d60
      serialVersionUID = -3020377578845918238
      $$$tc$$$ = class com.ibm.websphere.ras.TraceComponent@3999beda
      pdcache = "/* Could not access pdcache */"
    moduleMetaData = null
    nestedModuleMetaDataTypes = null
    nestedModuleMetaDataValues = null
    serialVersionUID = 3986734351620206554
  Object[1] = class com.ibm.ws.webcontainer.osgi.WebContainer@7e7af73d
    tc = class com.ibm.websphere.ras.TraceComponent@36436a5c
      strings[0] = "TraceComponent[com.ibm.ws.webcontainer.osgi.WebContainer,class com.ibm.ws.webcontainer.osgi.WebContainer,[webcontainer],com.ibm.ws.webcontainer.resources.LShimMessages,null]"
    CLASS_NAME = "com.ibm.ws.webcontainer.osgi.WebContainer"
    initialized = true
    eventService = class com.ibm.ws.event.internal.EventEngineImpl@613c35d8
      tc = class com.ibm.websphere.ras.TraceComponent@256bd577
      OSGI_EVENT_HANDLER_REFERENCE_NAME = "OsgiEventHandler"
      WS_EVENT_HANDLER_REFERENCE_NAME = "WsEventHandler"
      CFG_KEY_REENTRANT_HANDLER_DEFAULT = "reentrant.handler.default"
      CFG_KEY_STAGE_PREFIX = "stage.topics."
      topicCache = class com.ibm.ws.event.internal.TopicBasedCache@589a3594
      componentContext = class org.apache.felix.scr.impl.manager.ComponentContextImpl@419da18b
      bundleContext = class org.eclipse.osgi.internal.framework.BundleContextImpl@67817691
      logService = class org.eclipse.osgi.internal.log.ExtendedLogServiceImpl@50b2e43
      frameworkEventAdapter = class com.ibm.ws.event.internal.adapter.FrameworkEventAdapter@1ae2c76
      bundleEventAdapter = class com.ibm.ws.event.internal.adapter.BundleEventAdapter@8918f42
      serviceEventAdapter = class com.ibm.ws.event.internal.adapter.ServiceEventAdapter@242ce622
      executorServiceFactory = class com.ibm.ws.event.internal.WorkStageExecutorServiceFactory@7889add2
      defaultReentrancy = true
      skipSchedule = false
      serialVersionUID = -3714378010555321089
    futureMonitor = class com.ibm.ws.threading.internal.FutureMonitorImpl@5875c5c1
      _monitor = class java.util.concurrent.ConcurrentLinkedQueue@73d3ea07
      _executor = class com.ibm.ws.threading.internal.ScheduledExecutorImpl@7a9f93bc
      _threadRunning = class java.util.concurrent.atomic.AtomicBoolean@69cd1925
      _thread = class com.ibm.ws.threading.internal.FutureMonitorImpl$1@52b57a3c
      serialVersionUID = 2765238413969174390
      $$$tc$$$ = class com.ibm.websphere.ras.TraceComponent@104c0490
    classLoadingSRRef = class com.ibm.wsspi.kernel.service.utils.AtomicServiceReference@69887dab
      referenceName = "classLoadingService"
      tuple = class java.util.concurrent.atomic.AtomicReference@5fd78e60
      serialVersionUID = 2226592364007985000
      $$$tc$$$ = class com.ibm.websphere.ras.TraceComponent@51603e41
    sessionHelperSRRef = class com.ibm.wsspi.kernel.service.utils.AtomicServiceReference@6c4a6231
      referenceName = "sessionHelper"
      tuple = class java.util.concurrent.atomic.AtomicReference@6997b806
      serialVersionUID = 2226592364007985000
      $$$tc$$$ = class com.ibm.websphere.ras.TraceComponent@51603e41
    cacheManagerSRRef = class com.ibm.wsspi.kernel.service.utils.AtomicServiceReference@6cd81895
      referenceName = "cacheManager"
      tuple = class java.util.concurrent.atomic.AtomicReference@5a989e97
      serialVersionUID = 2226592364007985000
      $$$tc$$$ = class com.ibm.websphere.ras.TraceComponent@51603e41
    injectionEngineSRRef = class com.ibm.wsspi.kernel.service.utils.AtomicServiceReference@1af59302
      referenceName = "injectionEngine"
      tuple = class java.util.concurrent.atomic.AtomicReference@5e94624
      serialVersionUID = 2226592364007985000
      $$$tc$$$ = class com.ibm.websphere.ras.TraceComponent@51603e41
    managedObjectServiceSRRef = class com.ibm.wsspi.kernel.service.utils.AtomicServiceReference@30bac0d2
      referenceName = "managedObjectService"
      tuple = class java.util.concurrent.atomic.AtomicReference@c5b86f2
      serialVersionUID = 2226592364007985000
      $$$tc$$$ = class com.ibm.websphere.ras.TraceComponent@51603e41
    backgroundWebAppStartFutures = class com.ibm.ws.webcontainer.util.OneTimeUseArrayList@f5e671e
      enabled = true
      runnables = class java.util.ArrayList@795d236a
    REFERENCE_WEB_MBEAN_RUNTIME = "webMBeanRuntime"
    webMBeanRuntimeServiceRef = class com.ibm.wsspi.kernel.service.utils.AtomicServiceReference@236ecad0
      referenceName = "webMBeanRuntime"
      tuple = class java.util.concurrent.atomic.AtomicReference@248c080c
      serialVersionUID = 2226592364007985000
      $$$tc$$$ = class com.ibm.websphere.ras.TraceComponent@51603e41
    servletContainerInitializers = class com.ibm.wsspi.kernel.service.utils.ConcurrentServiceReferenceSet@1535203c
      referenceName = "servletContainerInitializers"
      contextRef = class java.util.concurrent.atomic.AtomicReference@d549007
      elementMap = class java.util.LinkedHashMap@459b52de
      elementSet = class java.util.concurrent.ConcurrentSkipListSet@5c3cbf32
      elementSetUnsorted = false
      serialVersionUID = 756240983881166148
      $$$tc$$$ = class com.ibm.websphere.ras.TraceComponent@a0f554a
    es = class com.ibm.ws.threading.internal.ExecutorServiceImpl@d880a3
      tc = class com.ibm.websphere.ras.TraceComponent@79624dba
      threadPool = class java.util.concurrent.ThreadPoolExecutor@6bf03f49
      threadPoolController = class com.ibm.ws.threading.internal.ThreadPoolController@196c3806
      poolName = "Default Executor"
      MINIMUM_POOL_SIZE = 4
      MINIMUM_QUIESCE_TIMEOUT = 30
      quiesceTimeout = 30
      componentConfig = class org.apache.felix.scr.impl.helper.ReadOnlyDictionary@2c0d0796
      interceptorsActive = false
      interceptors = class java.util.concurrent.CopyOnWriteArraySet@3b297d4f
      threadFactory = null
      serverStopping = false
      isBeta = false
      phaser = class java.util.concurrent.Phaser@6faab5a4
      serialVersionUID = 4471109171599484757
    locationServiceRef = class java.util.concurrent.atomic.AtomicReference@73efce18
      serialVersionUID = "/* Could not access serialVersionUID */"
      VALUE = "/* Could not access VALUE */"
      value = "/* Could not access value */"
    transferContextServiceRef = class com.ibm.wsspi.kernel.service.utils.ConcurrentServiceReferenceSet@f7531ec
      referenceName = "transferService"
      contextRef = class java.util.concurrent.atomic.AtomicReference@5200db13
      elementMap = class java.util.LinkedHashMap@db60813
      elementSet = class java.util.concurrent.ConcurrentSkipListSet@2447526f
      elementSetUnsorted = false
      serialVersionUID = 756240983881166148
      $$$tc$$$ = class com.ibm.websphere.ras.TraceComponent@a0f554a
    encodingServiceRef = class java.util.concurrent.atomic.AtomicReference@5a185298
      serialVersionUID = "/* Could not access serialVersionUID */"
      VALUE = "/* Could not access VALUE */"
      value = "/* Could not access value */"
    instance = class java.util.concurrent.atomic.AtomicReference@6690bd27
      serialVersionUID = "/* Could not access serialVersionUID */"
      VALUE = "/* Could not access VALUE */"
      value = "/* Could not access value */"
    vhostManager = class com.ibm.ws.webcontainer.osgi.DynamicVirtualHostManager@6b0220e3
      tc = class com.ibm.websphere.ras.TraceComponent@4a94ad85
      hostMap = class java.util.concurrent.ConcurrentHashMap@f07933a
      transportMap = class java.util.concurrent.ConcurrentHashMap@7e247f41
      locationService = class com.ibm.ws.kernel.service.location.internal.WsLocationAdminImpl@5a1cc8d4
      schedExecutor = class com.ibm.ws.threading.internal.ScheduledExecutorImpl@7a9f93bc
      pluginCfgVhostUris = class java.util.HashMap@ad2799d
      PLUGIN_CFG = "plugin-cfg.xml"
    metaDataService = class com.ibm.ws.container.service.metadata.internal.MetaDataServiceImpl@4dde863e
      applicationMetaDataManager = class com.ibm.ws.container.service.metadata.internal.ApplicationMetaDataManager@6d79386e
      moduleMetaDataManager = class com.ibm.ws.container.service.metadata.internal.ModuleMetaDataManager@25172f2
      componentMetaDataManager = class com.ibm.ws.container.service.metadata.internal.ComponentMetaDataManager@25fe0f73
      methodMetaDataManager = class com.ibm.ws.container.service.metadata.internal.MethodMetaDataManager@247edd11
      appModuleNameToModuleContainer = class java.util.concurrent.ConcurrentHashMap@603bb8
      jeeNameToComponentMetaData = class java.util.concurrent.ConcurrentHashMap@92f1fa4
      deferredMetaDataFactories = class com.ibm.wsspi.kernel.service.utils.ConcurrentServiceReferenceSet@5c7f1c65
      deferredMetaDataInitializers = class com.ibm.wsspi.kernel.service.utils.ConcurrentServiceReferenceMap@ebbd4ae
      serialVersionUID = -2494605732980966097
      $$$tc$$$ = class com.ibm.websphere.ras.TraceComponent@52dfb20f
    j2eeNameFactory = class com.ibm.ws.container.service.metadata.internal.J2EENameFactoryImpl@554a918f
      serialVersionUID = 3486344295038028821
      $$$tc$$$ = class com.ibm.websphere.ras.TraceComponent@2927121
    context = class org.apache.felix.scr.impl.manager.ComponentContextImpl@36d06784
      m_componentManager = class org.apache.felix.scr.impl.manager.SingleComponentManager@1ba83b79
      edgeInfos = class org.apache.felix.scr.impl.manager.EdgeInfo[27]
      m_componentInstance = class org.apache.felix.scr.impl.manager.ComponentContextImpl$ComponentInstanceImpl@47e05b8
      m_usingBundle = class org.eclipse.osgi.internal.framework.EquinoxBundle@5759099f
      m_serviceRegistration = class org.eclipse.osgi.internal.serviceregistry.ServiceRegistrationImpl@4d89f762
      m_implementationObject = class com.ibm.ws.webcontainer.osgi.WebContainer@7e7af73d
      m_implementationAccessible = true
      accessibleLatch = class java.util.concurrent.CountDownLatch@5b869833
      serviceObjectsHelper = class org.apache.felix.scr.impl.helper.ComponentServiceObjectsHelper@2fa1053e
      boundValues = null
    contextRoots = class java.util.Collections$SynchronizedSet@4caf4c85
      serialVersionUID = "/* Could not access serialVersionUID */"
      serialVersionUID = "/* Could not access serialVersionUID */"
      c = "/* Could not access c */"
      mutex = "/* Could not access mutex */"
    pendingContextRoots = class java.util.HashMap@75f9cc58
      serialVersionUID = "/* Could not access serialVersionUID */"
      DEFAULT_INITIAL_CAPACITY = "/* Could not access DEFAULT_INITIAL_CAPACITY */"
      MAXIMUM_CAPACITY = "/* Could not access MAXIMUM_CAPACITY */"
      DEFAULT_LOAD_FACTOR = "/* Could not access DEFAULT_LOAD_FACTOR */"
      TREEIFY_THRESHOLD = "/* Could not access TREEIFY_THRESHOLD */"
      UNTREEIFY_THRESHOLD = "/* Could not access UNTREEIFY_THRESHOLD */"
      MIN_TREEIFY_CAPACITY = "/* Could not access MIN_TREEIFY_CAPACITY */"
      table = "/* Could not access table */"
      entrySet = "/* Could not access entrySet */"
      size = "/* Could not access size */"
      modCount = "/* Could not access modCount */"
      threshold = "/* Could not access threshold */"
      loadFactor = "/* Could not access loadFactor */"
      keySet = "/* Could not access keySet */"
      values = "/* Could not access values */"
    deployedModuleMap = class java.util.concurrent.ConcurrentHashMap@743eed81
      serialVersionUID = "/* Could not access serialVersionUID */"
      MAXIMUM_CAPACITY = "/* Could not access MAXIMUM_CAPACITY */"
      DEFAULT_CAPACITY = "/* Could not access DEFAULT_CAPACITY */"
      MAX_ARRAY_SIZE = "/* Could not access MAX_ARRAY_SIZE */"
      DEFAULT_CONCURRENCY_LEVEL = "/* Could not access DEFAULT_CONCURRENCY_LEVEL */"
      LOAD_FACTOR = "/* Could not access LOAD_FACTOR */"
      TREEIFY_THRESHOLD = "/* Could not access TREEIFY_THRESHOLD */"
      UNTREEIFY_THRESHOLD = "/* Could not access UNTREEIFY_THRESHOLD */"
      MIN_TREEIFY_CAPACITY = "/* Could not access MIN_TREEIFY_CAPACITY */"
      MIN_TRANSFER_STRIDE = "/* Could not access MIN_TRANSFER_STRIDE */"
      RESIZE_STAMP_BITS = "/* Could not access RESIZE_STAMP_BITS */"
      MAX_RESIZERS = "/* Could not access MAX_RESIZERS */"
      RESIZE_STAMP_SHIFT = "/* Could not access RESIZE_STAMP_SHIFT */"
      MOVED = "/* Could not access MOVED */"
      TREEBIN = "/* Could not access TREEBIN */"
      RESERVED = "/* Could not access RESERVED */"
      HASH_BITS = "/* Could not access HASH_BITS */"
      NCPU = "/* Could not access NCPU */"
      serialPersistentFields = "/* Could not access serialPersistentFields */"
      table = "/* Could not access table */"
      nextTable = "/* Could not access nextTable */"
      baseCount = "/* Could not access baseCount */"
      sizeCtl = "/* Could not access sizeCtl */"
      transferIndex = "/* Could not access transferIndex */"
      cellsBusy = "/* Could not access cellsBusy */"
      counterCells = "/* Could not access counterCells */"
      keySet = "/* Could not access keySet */"
      values = "/* Could not access values */"
      entrySet = "/* Could not access entrySet */"
      U = "/* Could not access U */"
      SIZECTL = "/* Could not access SIZECTL */"
      TRANSFERINDEX = "/* Could not access TRANSFERINDEX */"
      BASECOUNT = "/* Could not access BASECOUNT */"
      CELLSBUSY = "/* Could not access CELLSBUSY */"
      CELLVALUE = "/* Could not access CELLVALUE */"
      ABASE = "/* Could not access ABASE */"
      ASHIFT = "/* Could not access ASHIFT */"
      keySet = "/* Could not access keySet */"
      values = "/* Could not access values */"
    connContextPool = class com.ibm.ws.webcontainer31.osgi.srt.factory.SRTConnectionContextPool31Impl@41e748c5
      head = class java.lang.ThreadLocal@54748cc6
    DEFAULT_PORT = "*"
    DEFAULT_VHOST_NAME = "default_host"
    cachedServerInfo = "IBM WebSphere Liberty/24.0.0.1"
    lock = class com.ibm.ws.webcontainer.osgi.WebContainer$1@4cba66bf
      this$0 = class com.ibm.ws.webcontainer.osgi.WebContainer@7e7af73d
    webAppFactory = class com.ibm.ws.webcontainer31.osgi.webapp.factory.WebAppFactoryImpl31@4f6bd84c
    requestFactory = class com.ibm.ws.webcontainer31.osgi.response.factory.IRequestResponseFactory@34b10004
    responseFactory = class com.ibm.ws.webcontainer31.osgi.response.factory.IRequestResponseFactory@34b10004
    asyncContextFactory = class com.ibm.ws.webcontainer31.async.factory.AsyncContextFactory31Impl@1473dba5
    DEFAULT_MAX_VERSION = 30
    serverStopping = false
    modulesStarting = class java.util.concurrent.atomic.AtomicInteger@26d64afd
      serialVersionUID = "/* Could not access serialVersionUID */"
      U = "/* Could not access U */"
      VALUE = "/* Could not access VALUE */"
      value = "/* Could not access value */"
      serialVersionUID = "/* Could not access serialVersionUID */"
    uriMatcherFactory = class com.ibm.wsspi.webcontainer31.util.factory.URIMatcherFactory31Impl@2c720371
    SPEC_LEVEL_30 = 30
    SPEC_LEVEL_31 = 31
    SPEC_LEVEL_40 = 40
    SPEC_LEVEL_50 = 50
    SPEC_LEVEL_60 = 60
    SPEC_LEVEL_61 = 61
    DEFAULT_SPEC_LEVEL = 30
    loadedContainerSpecLevel = 31
    ISO = "ISO-8859-1"
    encoding = "UTF-8"
    decode = true
    wcconfig = class com.ibm.ws.webcontainer.osgi.WebContainerConfiguration@39c43d7d
      properties = class org.apache.felix.scr.impl.helper.ReadOnlyDictionary@301fa587
      CFG_KEY_ENFORCE_SEC = "enforce.security"
      logger = class com.ibm.ws.logging.internal.WsLogger@1c4a537
      CLASS_NAME = "com.ibm.ws.webcontainer.WebContainerConfiguration"
      _localeProps = null
      _jvmProps = null
      enableServletCaching = false
      defaultVirtualHostName = "default_host"
      ardEnabled = false
      ardIncludeTimeout = 0
      poolingDisabled = false
      maximumExpiredEntries = 0
      maximumResponseStoreSize = 0
      useAsyncRunnableWorkManager = false
      asyncRunnableWorkManagerName = null
      numAsyncTimerThreads = 2
      defaultAsyncServletTimeout = 30000
    applicationListeners = class java.util.ArrayList@7d9f6d8f
      serialVersionUID = "/* Could not access serialVersionUID */"
      DEFAULT_CAPACITY = "/* Could not access DEFAULT_CAPACITY */"
      EMPTY_ELEMENTDATA = "/* Could not access EMPTY_ELEMENTDATA */"
      DEFAULTCAPACITY_EMPTY_ELEMENTDATA = "/* Could not access DEFAULTCAPACITY_EMPTY_ELEMENTDATA */"
      elementData = "/* Could not access elementData */"
      size = "/* Could not access size */"
      modCount = "/* Could not access modCount */"
    servletListeners = class java.util.ArrayList@690a5163
      serialVersionUID = "/* Could not access serialVersionUID */"
      DEFAULT_CAPACITY = "/* Could not access DEFAULT_CAPACITY */"
      EMPTY_ELEMENTDATA = "/* Could not access EMPTY_ELEMENTDATA */"
      DEFAULTCAPACITY_EMPTY_ELEMENTDATA = "/* Could not access DEFAULTCAPACITY_EMPTY_ELEMENTDATA */"
      elementData = "/* Could not access elementData */"
      size = "/* Could not access size */"
      modCount = "/* Could not access modCount */"
    servletErrorListeners = class java.util.ArrayList@555faeb8
      serialVersionUID = "/* Could not access serialVersionUID */"
      DEFAULT_CAPACITY = "/* Could not access DEFAULT_CAPACITY */"
      EMPTY_ELEMENTDATA = "/* Could not access EMPTY_ELEMENTDATA */"
      DEFAULTCAPACITY_EMPTY_ELEMENTDATA = "/* Could not access DEFAULTCAPACITY_EMPTY_ELEMENTDATA */"
      elementData = "/* Could not access elementData */"
      size = "/* Could not access size */"
      modCount = "/* Could not access modCount */"
    servletInvocationListeners = class java.util.ArrayList@4de84ebb
      serialVersionUID = "/* Could not access serialVersionUID */"
      DEFAULT_CAPACITY = "/* Could not access DEFAULT_CAPACITY */"
      EMPTY_ELEMENTDATA = "/* Could not access EMPTY_ELEMENTDATA */"
      DEFAULTCAPACITY_EMPTY_ELEMENTDATA = "/* Could not access DEFAULTCAPACITY_EMPTY_ELEMENTDATA */"
      elementData = "/* Could not access elementData */"
      size = "/* Could not access size */"
      modCount = "/* Could not access modCount */"
    filterInvocationListeners = class java.util.ArrayList@4b1da19c
      serialVersionUID = "/* Could not access serialVersionUID */"
      DEFAULT_CAPACITY = "/* Could not access DEFAULT_CAPACITY */"
      EMPTY_ELEMENTDATA = "/* Could not access EMPTY_ELEMENTDATA */"
      DEFAULTCAPACITY_EMPTY_ELEMENTDATA = "/* Could not access DEFAULTCAPACITY_EMPTY_ELEMENTDATA */"
      elementData = "/* Could not access elementData */"
      size = "/* Could not access size */"
      modCount = "/* Could not access modCount */"
    filterErrorListeners = class java.util.ArrayList@702760d5
      serialVersionUID = "/* Could not access serialVersionUID */"
      DEFAULT_CAPACITY = "/* Could not access DEFAULT_CAPACITY */"
      EMPTY_ELEMENTDATA = "/* Could not access EMPTY_ELEMENTDATA */"
      DEFAULTCAPACITY_EMPTY_ELEMENTDATA = "/* Could not access DEFAULTCAPACITY_EMPTY_ELEMENTDATA */"
      elementData = "/* Could not access elementData */"
      size = "/* Could not access size */"
      modCount = "/* Could not access modCount */"
    filterListeners = class java.util.ArrayList@58253a07
      serialVersionUID = "/* Could not access serialVersionUID */"
      DEFAULT_CAPACITY = "/* Could not access DEFAULT_CAPACITY */"
      EMPTY_ELEMENTDATA = "/* Could not access EMPTY_ELEMENTDATA */"
      DEFAULTCAPACITY_EMPTY_ELEMENTDATA = "/* Could not access DEFAULTCAPACITY_EMPTY_ELEMENTDATA */"
      elementData = "/* Could not access elementData */"
      size = "/* Could not access size */"
      modCount = "/* Could not access modCount */"
    servletRequestListeners = class java.util.ArrayList@57b72a2e
      serialVersionUID = "/* Could not access serialVersionUID */"
      DEFAULT_CAPACITY = "/* Could not access DEFAULT_CAPACITY */"
      EMPTY_ELEMENTDATA = "/* Could not access EMPTY_ELEMENTDATA */"
      DEFAULTCAPACITY_EMPTY_ELEMENTDATA = "/* Could not access DEFAULTCAPACITY_EMPTY_ELEMENTDATA */"
      elementData = "/* Could not access elementData */"
      size = "/* Could not access size */"
      modCount = "/* Could not access modCount */"
    servletRequestAttributeListeners = class java.util.ArrayList@71006005
      serialVersionUID = "/* Could not access serialVersionUID */"
      DEFAULT_CAPACITY = "/* Could not access DEFAULT_CAPACITY */"
      EMPTY_ELEMENTDATA = "/* Could not access EMPTY_ELEMENTDATA */"
      DEFAULTCAPACITY_EMPTY_ELEMENTDATA = "/* Could not access DEFAULTCAPACITY_EMPTY_ELEMENTDATA */"
      elementData = "/* Could not access elementData */"
      size = "/* Could not access size */"
      modCount = "/* Could not access modCount */"
    servletContextListeners = class java.util.ArrayList@3aea8738
      serialVersionUID = "/* Could not access serialVersionUID */"
      DEFAULT_CAPACITY = "/* Could not access DEFAULT_CAPACITY */"
      EMPTY_ELEMENTDATA = "/* Could not access EMPTY_ELEMENTDATA */"
      DEFAULTCAPACITY_EMPTY_ELEMENTDATA = "/* Could not access DEFAULTCAPACITY_EMPTY_ELEMENTDATA */"
      elementData = "/* Could not access elementData */"
      size = "/* Could not access size */"
      modCount = "/* Could not access modCount */"
    servletContextAttributeListeners = class java.util.ArrayList@4bee6760
      serialVersionUID = "/* Could not access serialVersionUID */"
      DEFAULT_CAPACITY = "/* Could not access DEFAULT_CAPACITY */"
      EMPTY_ELEMENTDATA = "/* Could not access EMPTY_ELEMENTDATA */"
      DEFAULTCAPACITY_EMPTY_ELEMENTDATA = "/* Could not access DEFAULTCAPACITY_EMPTY_ELEMENTDATA */"
      elementData = "/* Could not access elementData */"
      size = "/* Could not access size */"
      modCount = "/* Could not access modCount */"
    sessionListeners = class java.util.ArrayList@2566d269
      serialVersionUID = "/* Could not access serialVersionUID */"
      DEFAULT_CAPACITY = "/* Could not access DEFAULT_CAPACITY */"
      EMPTY_ELEMENTDATA = "/* Could not access EMPTY_ELEMENTDATA */"
      DEFAULTCAPACITY_EMPTY_ELEMENTDATA = "/* Could not access DEFAULTCAPACITY_EMPTY_ELEMENTDATA */"
      elementData = "/* Could not access elementData */"
      size = "/* Could not access size */"
      modCount = "/* Could not access modCount */"
    sessionIdListeners = class java.util.ArrayList@57149e88
      serialVersionUID = "/* Could not access serialVersionUID */"
      DEFAULT_CAPACITY = "/* Could not access DEFAULT_CAPACITY */"
      EMPTY_ELEMENTDATA = "/* Could not access EMPTY_ELEMENTDATA */"
      DEFAULTCAPACITY_EMPTY_ELEMENTDATA = "/* Could not access DEFAULTCAPACITY_EMPTY_ELEMENTDATA */"
      elementData = "/* Could not access elementData */"
      size = "/* Could not access size */"
      modCount = "/* Could not access modCount */"
    sessionAttributeListeners = class java.util.ArrayList@39290015
      serialVersionUID = "/* Could not access serialVersionUID */"
      DEFAULT_CAPACITY = "/* Could not access DEFAULT_CAPACITY */"
      EMPTY_ELEMENTDATA = "/* Could not access EMPTY_ELEMENTDATA */"
      DEFAULTCAPACITY_EMPTY_ELEMENTDATA = "/* Could not access DEFAULTCAPACITY_EMPTY_ELEMENTDATA */"
      elementData = "/* Could not access elementData */"
      size = "/* Could not access size */"
      modCount = "/* Could not access modCount */"
    DEFAULT_HOST = "default_host"
    _initialized = true
    logger = class com.ibm.ws.logging.internal.WsLogger@1c4a537
      ivCachedResourceBundleName = "com.ibm.ws.webcontainer.resources.Messages"
      ivCachedResourceBundle = class com.ibm.ws.webcontainer.resources.Messages_fr@4f056cad
      ivComponent = null
      ivOrganization = null
      ivProduct = null
      ivMinimumLocalizationLevelIntValue = 625
      ivTC = class com.ibm.websphere.ras.TraceComponent@3e00d2e8
      loggerRegistrationComponent = class java.lang.ThreadLocal@7a57bfa2
      emptyHandlers = "/* Could not access emptyHandlers */"
      offValue = "/* Could not access offValue */"
      SYSTEM_LOGGER_RB_NAME = "/* Could not access SYSTEM_LOGGER_RB_NAME */"
      SYSTEM_BUNDLE = "/* Could not access SYSTEM_BUNDLE */"
      NO_RESOURCE_BUNDLE = "/* Could not access NO_RESOURCE_BUNDLE */"
      config = "/* Could not access config */"
      manager = "/* Could not access manager */"
      name = "/* Could not access name */"
      loggerBundle = "/* Could not access loggerBundle */"
      anonymous = "/* Could not access anonymous */"
      catalogRef = "/* Could not access catalogRef */"
      catalogName = "/* Could not access catalogName */"
      catalogLocale = "/* Could not access catalogLocale */"
      treeLock = "/* Could not access treeLock */"
      parent = "/* Could not access parent */"
      kids = "/* Could not access kids */"
      callerModuleRef = "/* Could not access callerModuleRef */"
      isSystemLogger = "/* Could not access isSystemLogger */"
      GLOBAL_LOGGER_NAME = "global"
      global = class java.util.logging.Logger@5555266a
    CLASS_NAME = "com.ibm.ws.webcontainer.internal.WebContainer"
    nls = class com.ibm.ejs.ras.TraceNLS@1222dafc
      resolver = class com.ibm.ws.logging.internal.TraceNLSResolver@4d39870a
      finder = null
      ivBundleName = "com.ibm.ws.webcontainer.resources.Messages"
      caller = class java.lang.Class@4db90b75
    self = class java.util.concurrent.atomic.AtomicReference@6131f6ee
      serialVersionUID = "/* Could not access serialVersionUID */"
      VALUE = "/* Could not access VALUE */"
      value = "/* Could not access value */"
    selfInit = class java.util.concurrent.CountDownLatch@30d15010
      sync = "/* Could not access sync */"
    _cipherToBit = class java.util.HashMap@5eb94662
      serialVersionUID = "/* Could not access serialVersionUID */"
      DEFAULT_INITIAL_CAPACITY = "/* Could not access DEFAULT_INITIAL_CAPACITY */"
      MAXIMUM_CAPACITY = "/* Could not access MAXIMUM_CAPACITY */"
      DEFAULT_LOAD_FACTOR = "/* Could not access DEFAULT_LOAD_FACTOR */"
      TREEIFY_THRESHOLD = "/* Could not access TREEIFY_THRESHOLD */"
      UNTREEIFY_THRESHOLD = "/* Could not access UNTREEIFY_THRESHOLD */"
      MIN_TREEIFY_CAPACITY = "/* Could not access MIN_TREEIFY_CAPACITY */"
      table = "/* Could not access table */"
      entrySet = "/* Could not access entrySet */"
      size = "/* Could not access size */"
      modCount = "/* Could not access modCount */"
      threshold = "/* Could not access threshold */"
      loadFactor = "/* Could not access loadFactor */"
      keySet = "/* Could not access keySet */"
      values = "/* Could not access values */"
    cacheKeyStringBuilder = class com.ibm.ws.util.WSThreadLocal@550ac13
      tc = class com.ibm.ejs.ras.TraceComponent@510150c3
      count = 9
      index = 2
      SUSPECTED_MISUSAGE_THRESHOLD = 200
      TRACE_VTHREAD_LOCALS = "/* Could not access TRACE_VTHREAD_LOCALS */"
      threadLocalHashCode = "/* Could not access threadLocalHashCode */"
      nextHashCode = "/* Could not access nextHashCode */"
      HASH_INCREMENT = "/* Could not access HASH_INCREMENT */"
      $assertionsDisabled = "/* Could not access $assertionsDisabled */"
    listenersInitialized = true
    webConProperties = class java.util.Properties@350a5f72
      serialVersionUID = "/* Could not access serialVersionUID */"
      UNSAFE = "/* Could not access UNSAFE */"
      defaults = "/* Could not access defaults */"
      map = "/* Could not access map */"
      table = "/* Could not access table */"
      count = "/* Could not access count */"
      threshold = "/* Could not access threshold */"
      loadFactor = "/* Could not access loadFactor */"
      modCount = "/* Could not access modCount */"
      serialVersionUID = "/* Could not access serialVersionUID */"
      MAX_ARRAY_SIZE = "/* Could not access MAX_ARRAY_SIZE */"
      keySet = "/* Could not access keySet */"
      entrySet = "/* Could not access entrySet */"
      values = "/* Could not access values */"
      KEYS = "/* Could not access KEYS */"
      VALUES = "/* Could not access VALUES */"
      ENTRIES = "/* Could not access ENTRIES */"
    sessionRegistry = null
    isStopped = false
    readWriteLockForStopping = class java.util.concurrent.locks.ReentrantReadWriteLock@f61c813
      serialVersionUID = "/* Could not access serialVersionUID */"
      readerLock = "/* Could not access readerLock */"
      writerLock = "/* Could not access writerLock */"
      sync = "/* Could not access sync */"
    urlPrefix = ";jsessionid="
    extensionFactories = class java.util.ArrayList@1b7f05cb
      serialVersionUID = "/* Could not access serialVersionUID */"
      DEFAULT_CAPACITY = "/* Could not access DEFAULT_CAPACITY */"
      EMPTY_ELEMENTDATA = "/* Could not access EMPTY_ELEMENTDATA */"
      DEFAULTCAPACITY_EMPTY_ELEMENTDATA = "/* Could not access DEFAULTCAPACITY_EMPTY_ELEMENTDATA */"
      elementData = "/* Could not access elementData */"
      size = "/* Could not access size */"
      modCount = "/* Could not access modCount */"
    postInitExtensionFactories = null
    httpResponseListeners = class java.util.ArrayList@1b4f0283
      serialVersionUID = "/* Could not access serialVersionUID */"
      DEFAULT_CAPACITY = "/* Could not access DEFAULT_CAPACITY */"
      EMPTY_ELEMENTDATA = "/* Could not access EMPTY_ELEMENTDATA */"
      DEFAULTCAPACITY_EMPTY_ELEMENTDATA = "/* Could not access DEFAULTCAPACITY_EMPTY_ELEMENTDATA */"
      elementData = "/* Could not access elementData */"
      size = "/* Could not access size */"
      modCount = "/* Could not access modCount */"
    servletContainerInitializers = class java.util.ServiceLoader@7c593f57
      service = "/* Could not access service */"
      serviceName = "/* Could not access serviceName */"
      layer = "/* Could not access layer */"
      loader = "/* Could not access loader */"
      acc = "/* Could not access acc */"
      lookupIterator1 = "/* Could not access lookupIterator1 */"
      instantiatedProviders = "/* Could not access instantiatedProviders */"
      lookupIterator2 = "/* Could not access lookupIterator2 */"
      loadedProviders = "/* Could not access loadedProviders */"
      loadedAllProviders = "/* Could not access loadedAllProviders */"
      reloadCount = "/* Could not access reloadCount */"
      LANG_ACCESS = "/* Could not access LANG_ACCESS */"
      $assertionsDisabled = "/* Could not access $assertionsDisabled */"
    auditManager = class com.ibm.websphere.security.audit.context.AuditManager@7df9519f
      threadLocal = class com.ibm.websphere.security.audit.context.AuditManager$AuditThreadLocal@834e329
      serialVersionUID = 8297158904878279977
      $$$tc$$$ = class com.ibm.websphere.ras.TraceComponent@249a4486
    invocationCacheSize = 500
    _cacheMap = class java.util.concurrent.ConcurrentHashMap@1e4b52b6
      serialVersionUID = "/* Could not access serialVersionUID */"
      MAXIMUM_CAPACITY = "/* Could not access MAXIMUM_CAPACITY */"
      DEFAULT_CAPACITY = "/* Could not access DEFAULT_CAPACITY */"
      MAX_ARRAY_SIZE = "/* Could not access MAX_ARRAY_SIZE */"
      DEFAULT_CONCURRENCY_LEVEL = "/* Could not access DEFAULT_CONCURRENCY_LEVEL */"
      LOAD_FACTOR = "/* Could not access LOAD_FACTOR */"
      TREEIFY_THRESHOLD = "/* Could not access TREEIFY_THRESHOLD */"
      UNTREEIFY_THRESHOLD = "/* Could not access UNTREEIFY_THRESHOLD */"
      MIN_TREEIFY_CAPACITY = "/* Could not access MIN_TREEIFY_CAPACITY */"
      MIN_TRANSFER_STRIDE = "/* Could not access MIN_TRANSFER_STRIDE */"
      RESIZE_STAMP_BITS = "/* Could not access RESIZE_STAMP_BITS */"
      MAX_RESIZERS = "/* Could not access MAX_RESIZERS */"
      RESIZE_STAMP_SHIFT = "/* Could not access RESIZE_STAMP_SHIFT */"
      MOVED = "/* Could not access MOVED */"
      TREEBIN = "/* Could not access TREEBIN */"
      RESERVED = "/* Could not access RESERVED */"
      HASH_BITS = "/* Could not access HASH_BITS */"
      NCPU = "/* Could not access NCPU */"
      serialPersistentFields = "/* Could not access serialPersistentFields */"
      table = "/* Could not access table */"
      nextTable = "/* Could not access nextTable */"
      baseCount = "/* Could not access baseCount */"
      sizeCtl = "/* Could not access sizeCtl */"
      transferIndex = "/* Could not access transferIndex */"
      cellsBusy = "/* Could not access cellsBusy */"
      counterCells = "/* Could not access counterCells */"
      keySet = "/* Could not access keySet */"
      values = "/* Could not access values */"
      entrySet = "/* Could not access entrySet */"
      U = "/* Could not access U */"
      SIZECTL = "/* Could not access SIZECTL */"
      TRANSFERINDEX = "/* Could not access TRANSFERINDEX */"
      BASECOUNT = "/* Could not access BASECOUNT */"
      CELLSBUSY = "/* Could not access CELLSBUSY */"
      CELLVALUE = "/* Could not access CELLVALUE */"
      ABASE = "/* Could not access ABASE */"
      ASHIFT = "/* Could not access ASHIFT */"
      keySet = "/* Could not access keySet */"
      values = "/* Could not access values */"
    _cacheSize = class java.util.concurrent.atomic.AtomicInteger@7d7300e6
      serialVersionUID = "/* Could not access serialVersionUID */"
      U = "/* Could not access U */"
      VALUE = "/* Could not access VALUE */"
      value = "/* Could not access value */"
      serialVersionUID = "/* Could not access serialVersionUID */"
    vHostCompatFlag = false
    platformHelper = class com.ibm.ws.webcontainer.PlatformHelper@48e53b98
    isDefaultTempDir = true
    tempDir = null
    servletCachingInitNeeded = true
    appInstallBegun = true
    cacheServletWrapperFactory = class com.ibm.ws.webcontainer31.servlet.factory.CacheServletWrapperFactory31Impl@7f27feb2
    isServlet60orAbove = false
    commands = class java.util.ArrayList@3b3dcd02
      serialVersionUID = "/* Could not access serialVersionUID */"
      DEFAULT_CAPACITY = "/* Could not access DEFAULT_CAPACITY */"
      EMPTY_ELEMENTDATA = "/* Could not access EMPTY_ELEMENTDATA */"
      DEFAULTCAPACITY_EMPTY_ELEMENTDATA = "/* Could not access DEFAULTCAPACITY_EMPTY_ELEMENTDATA */"
      elementData = "/* Could not access elementData */"
      size = "/* Could not access size */"
      modCount = "/* Could not access modCount */"
    requestMapper = class com.ibm.ws.webcontainer.util.VirtualHostContextRootMapper@5e2c9eb3
      cachedMappers = class java.util.Collections$SynchronizedMap@1824784c
      nls = class com.ibm.ejs.ras.TraceNLS@4ca8f018
      logger = class com.ibm.ws.logging.internal.WsLogger@71e38f0e
      CLASS_NAME = "com.ibm.ws.webcontainer.util.VirtualHostContextRootMapper"
      CLASSNAME = "com.ibm.ws.util.VirtualHostMapper"
      tc = class com.ibm.ejs.ras.TraceComponent@7a4f63cd
      vHostTable = class java.util.concurrent.ConcurrentHashMap@6f297f77
    parent = null
    name = "Was.webcontainer"
    isAlive = true
    subElements = class java.util.HashMap@3ff44715
      serialVersionUID = "/* Could not access serialVersionUID */"
      DEFAULT_INITIAL_CAPACITY = "/* Could not access DEFAULT_INITIAL_CAPACITY */"
      MAXIMUM_CAPACITY = "/* Could not access MAXIMUM_CAPACITY */"
      DEFAULT_LOAD_FACTOR = "/* Could not access DEFAULT_LOAD_FACTOR */"
      TREEIFY_THRESHOLD = "/* Could not access TREEIFY_THRESHOLD */"
      UNTREEIFY_THRESHOLD = "/* Could not access UNTREEIFY_THRESHOLD */"
      MIN_TREEIFY_CAPACITY = "/* Could not access MIN_TREEIFY_CAPACITY */"
      table = "/* Could not access table */"
      entrySet = "/* Could not access entrySet */"
      size = "/* Could not access size */"
      modCount = "/* Could not access modCount */"
      threshold = "/* Could not access threshold */"
      loadFactor = "/* Could not access loadFactor */"
      keySet = "/* Could not access keySet */"
      values = "/* Could not access values */"
    attributes = null
    config = null
    serialVersionUID = -8271459000149267764
    $$$tc$$$ = class com.ibm.websphere.ras.TraceComponent@10b055dd
      strings[0] = "TraceComponent[com.ibm.ws.container.AbstractContainer,class com.ibm.ws.container.AbstractContainer,[],null,null]"

